<?xml version="1.0"?>
<!DOCTYPE coverage SYSTEM "http://cobertura.sourceforge.net/xml/coverage-04.dtd">

<coverage line-rate="0.8160427807486631" branch-rate="0.88" lines-covered="763" lines-valid="935" branches-covered="132" branches-valid="150" complexity="1.6101694915254237" version="2.1.1" timestamp="1510232275484">
	<sources>
		<source>--source</source>
		<source>C:/Users/rblom/Documents/apache-tomcat/webapps/SogyoLibrary/src/main/java</source>
	</sources>
	<packages>
		<package name="nl.sogyo.library.model" line-rate="1.0" branch-rate="1.0" complexity="1.0">
			<classes>
				<class name="nl.sogyo.library.model.LibraryHelper" filename="nl/sogyo/library/model/LibraryHelper.java" line-rate="1.0" branch-rate="1.0" complexity="1.0">
					<methods>
						<method name="&lt;init&gt;" signature="(Ljava/lang/String;)V" line-rate="1.0" branch-rate="1.0" complexity="0">
							<lines>
								<line number="19" hits="89" branch="false"/>
								<line number="20" hits="89" branch="false"/>
								<line number="21" hits="77" branch="false"/>
								<line number="22" hits="77" branch="false"/>
							</lines>
						</method>
					</methods>
					<lines>
						<line number="19" hits="89" branch="false"/>
						<line number="20" hits="89" branch="false"/>
						<line number="21" hits="77" branch="false"/>
						<line number="22" hits="77" branch="false"/>
					</lines>
				</class>
			</classes>
		</package>
		<package name="nl.sogyo.library.model.command" line-rate="0.9310344827586207" branch-rate="0.8333333333333334" complexity="3.5">
			<classes>
				<class name="nl.sogyo.library.model.command.CommandHelper" filename="nl/sogyo/library/model/command/CommandHelper.java" line-rate="0.9310344827586207" branch-rate="0.8333333333333334" complexity="3.5">
					<methods>
						<method name="&lt;init&gt;" signature="(Ljava/lang/String;)V" line-rate="1.0" branch-rate="1.0" complexity="0">
							<lines>
								<line number="25" hits="61" branch="false"/>
								<line number="26" hits="55" branch="false"/>
							</lines>
						</method>
						<method name="addBook" signature="(Lnl/sogyo/library/services/rest/libraryapi/json/BookFormInput;)Lnl/sogyo/library/services/rest/libraryapi/json/message/AddBookMessage;" line-rate="1.0" branch-rate="1.0" complexity="0">
							<lines>
								<line number="29" hits="22" branch="true" condition-coverage="100% (2/2)">
									<conditions>
										<condition number="0" type="jump" coverage="100%"/>
									</conditions>
								</line>
								<line number="31" hits="21" branch="false"/>
								<line number="33" hits="21" branch="false"/>
								<line number="35" hits="21" branch="false"/>
								<line number="36" hits="21" branch="false"/>
								<line number="37" hits="21" branch="false"/>
								<line number="38" hits="21" branch="false"/>
								<line number="39" hits="18" branch="false"/>
								<line number="40" hits="3" branch="false"/>
								<line number="41" hits="3" branch="false"/>
								<line number="42" hits="3" branch="false"/>
								<line number="43" hits="18" branch="false"/>
								<line number="44" hits="21" branch="false"/>
								<line number="45" hits="21" branch="false"/>
								<line number="47" hits="1" branch="false"/>
							</lines>
						</method>
						<method name="addCopy" signature="(I)Lnl/sogyo/library/services/rest/libraryapi/json/message/AddCopyMessage;" line-rate="0.8333333333333334" branch-rate="0.5" complexity="0">
							<lines>
								<line number="52" hits="7" branch="true" condition-coverage="50% (1/2)">
									<conditions>
										<condition number="0" type="jump" coverage="50%"/>
									</conditions>
								</line>
								<line number="53" hits="7" branch="false"/>
								<line number="54" hits="7" branch="false"/>
								<line number="55" hits="7" branch="false"/>
								<line number="56" hits="7" branch="false"/>
								<line number="58" hits="0" branch="false"/>
							</lines>
						</method>
						<method name="deleteBook" signature="(I)Lnl/sogyo/library/services/rest/libraryapi/json/message/DeleteBookMessage;" line-rate="1.0" branch-rate="1.0" complexity="0">
							<lines>
								<line number="92" hits="16" branch="true" condition-coverage="100% (2/2)">
									<conditions>
										<condition number="0" type="jump" coverage="100%"/>
									</conditions>
								</line>
								<line number="93" hits="15" branch="false"/>
								<line number="94" hits="15" branch="false"/>
								<line number="95" hits="15" branch="false"/>
								<line number="97" hits="1" branch="false"/>
							</lines>
						</method>
						<method name="deleteCopy" signature="(I)Lnl/sogyo/library/services/rest/libraryapi/json/message/DeleteCopyMessage;" line-rate="0.75" branch-rate="0.5" complexity="0">
							<lines>
								<line number="83" hits="4" branch="true" condition-coverage="50% (1/2)">
									<conditions>
										<condition number="0" type="jump" coverage="50%"/>
									</conditions>
								</line>
								<line number="84" hits="4" branch="false"/>
								<line number="85" hits="4" branch="false"/>
								<line number="87" hits="0" branch="false"/>
							</lines>
						</method>
						<method name="editBook" signature="(ILnl/sogyo/library/services/rest/libraryapi/json/BookFormInput;)Lnl/sogyo/library/services/rest/libraryapi/json/message/EditBookMessage;" line-rate="0.8461538461538461" branch-rate="1.0" complexity="0">
							<lines>
								<line number="63" hits="4" branch="true" condition-coverage="100% (2/2)">
									<conditions>
										<condition number="0" type="jump" coverage="100%"/>
									</conditions>
								</line>
								<line number="65" hits="3" branch="false"/>
								<line number="67" hits="3" branch="false"/>
								<line number="68" hits="3" branch="false"/>
								<line number="69" hits="3" branch="false"/>
								<line number="70" hits="3" branch="false"/>
								<line number="71" hits="3" branch="false"/>
								<line number="72" hits="0" branch="false"/>
								<line number="73" hits="0" branch="false"/>
								<line number="74" hits="3" branch="false"/>
								<line number="75" hits="3" branch="false"/>
								<line number="76" hits="3" branch="false"/>
								<line number="78" hits="1" branch="false"/>
							</lines>
						</method>
						<method name="editUsers" signature="(Ljava/util/List;)Lnl/sogyo/library/services/rest/libraryapi/json/message/EditUsersMessage;" line-rate="1.0" branch-rate="1.0" complexity="0">
							<lines>
								<line number="102" hits="2" branch="true" condition-coverage="100% (2/2)">
									<conditions>
										<condition number="0" type="jump" coverage="100%"/>
									</conditions>
								</line>
								<line number="103" hits="1" branch="false"/>
								<line number="104" hits="1" branch="false"/>
								<line number="105" hits="1" branch="false"/>
								<line number="107" hits="1" branch="false"/>
							</lines>
						</method>
						<method name="getAuthorsFromBookFormInput" signature="(Lnl/sogyo/library/services/rest/libraryapi/json/BookFormInput;)Ljava/util/List;" line-rate="1.0" branch-rate="0.8333333333333334" complexity="0">
							<lines>
								<line number="112" hits="24" branch="false"/>
								<line number="114" hits="24" branch="true" condition-coverage="100% (4/4)">
									<conditions>
										<condition number="0" type="jump" coverage="100%"/>
										<condition number="1" type="jump" coverage="100%"/>
									</conditions>
								</line>
								<line number="115" hits="22" branch="false"/>
								<line number="118" hits="24" branch="true" condition-coverage="75% (3/4)">
									<conditions>
										<condition number="0" type="jump" coverage="100%"/>
										<condition number="1" type="jump" coverage="50%"/>
									</conditions>
								</line>
								<line number="119" hits="2" branch="false"/>
								<line number="122" hits="24" branch="true" condition-coverage="75% (3/4)">
									<conditions>
										<condition number="0" type="jump" coverage="100%"/>
										<condition number="1" type="jump" coverage="50%"/>
									</conditions>
								</line>
								<line number="123" hits="1" branch="false"/>
								<line number="126" hits="24" branch="false"/>
							</lines>
						</method>
					</methods>
					<lines>
						<line number="25" hits="61" branch="false"/>
						<line number="26" hits="55" branch="false"/>
						<line number="29" hits="22" branch="true" condition-coverage="100% (2/2)">
							<conditions>
								<condition number="0" type="jump" coverage="100%"/>
							</conditions>
						</line>
						<line number="31" hits="21" branch="false"/>
						<line number="33" hits="21" branch="false"/>
						<line number="35" hits="21" branch="false"/>
						<line number="36" hits="21" branch="false"/>
						<line number="37" hits="21" branch="false"/>
						<line number="38" hits="21" branch="false"/>
						<line number="39" hits="18" branch="false"/>
						<line number="40" hits="3" branch="false"/>
						<line number="41" hits="3" branch="false"/>
						<line number="42" hits="3" branch="false"/>
						<line number="43" hits="18" branch="false"/>
						<line number="44" hits="21" branch="false"/>
						<line number="45" hits="21" branch="false"/>
						<line number="47" hits="1" branch="false"/>
						<line number="52" hits="7" branch="true" condition-coverage="50% (1/2)">
							<conditions>
								<condition number="0" type="jump" coverage="50%"/>
							</conditions>
						</line>
						<line number="53" hits="7" branch="false"/>
						<line number="54" hits="7" branch="false"/>
						<line number="55" hits="7" branch="false"/>
						<line number="56" hits="7" branch="false"/>
						<line number="58" hits="0" branch="false"/>
						<line number="63" hits="4" branch="true" condition-coverage="100% (2/2)">
							<conditions>
								<condition number="0" type="jump" coverage="100%"/>
							</conditions>
						</line>
						<line number="65" hits="3" branch="false"/>
						<line number="67" hits="3" branch="false"/>
						<line number="68" hits="3" branch="false"/>
						<line number="69" hits="3" branch="false"/>
						<line number="70" hits="3" branch="false"/>
						<line number="71" hits="3" branch="false"/>
						<line number="72" hits="0" branch="false"/>
						<line number="73" hits="0" branch="false"/>
						<line number="74" hits="3" branch="false"/>
						<line number="75" hits="3" branch="false"/>
						<line number="76" hits="3" branch="false"/>
						<line number="78" hits="1" branch="false"/>
						<line number="83" hits="4" branch="true" condition-coverage="50% (1/2)">
							<conditions>
								<condition number="0" type="jump" coverage="50%"/>
							</conditions>
						</line>
						<line number="84" hits="4" branch="false"/>
						<line number="85" hits="4" branch="false"/>
						<line number="87" hits="0" branch="false"/>
						<line number="92" hits="16" branch="true" condition-coverage="100% (2/2)">
							<conditions>
								<condition number="0" type="jump" coverage="100%"/>
							</conditions>
						</line>
						<line number="93" hits="15" branch="false"/>
						<line number="94" hits="15" branch="false"/>
						<line number="95" hits="15" branch="false"/>
						<line number="97" hits="1" branch="false"/>
						<line number="102" hits="2" branch="true" condition-coverage="100% (2/2)">
							<conditions>
								<condition number="0" type="jump" coverage="100%"/>
							</conditions>
						</line>
						<line number="103" hits="1" branch="false"/>
						<line number="104" hits="1" branch="false"/>
						<line number="105" hits="1" branch="false"/>
						<line number="107" hits="1" branch="false"/>
						<line number="112" hits="24" branch="false"/>
						<line number="114" hits="24" branch="true" condition-coverage="100% (4/4)">
							<conditions>
								<condition number="0" type="jump" coverage="100%"/>
								<condition number="1" type="jump" coverage="100%"/>
							</conditions>
						</line>
						<line number="115" hits="22" branch="false"/>
						<line number="118" hits="24" branch="true" condition-coverage="75% (3/4)">
							<conditions>
								<condition number="0" type="jump" coverage="100%"/>
								<condition number="1" type="jump" coverage="50%"/>
							</conditions>
						</line>
						<line number="119" hits="2" branch="false"/>
						<line number="122" hits="24" branch="true" condition-coverage="75% (3/4)">
							<conditions>
								<condition number="0" type="jump" coverage="100%"/>
								<condition number="1" type="jump" coverage="50%"/>
							</conditions>
						</line>
						<line number="123" hits="1" branch="false"/>
						<line number="126" hits="24" branch="false"/>
					</lines>
				</class>
			</classes>
		</package>
		<package name="nl.sogyo.library.model.entity" line-rate="0.9548022598870056" branch-rate="0.9583333333333334" complexity="1.3055555555555556">
			<classes>
				<class name="nl.sogyo.library.model.entity.Author" filename="nl/sogyo/library/model/entity/Author.java" line-rate="1.0" branch-rate="1.0" complexity="1.375">
					<methods>
						<method name="&lt;init&gt;" signature="()V" line-rate="1.0" branch-rate="1.0" complexity="0">
							<lines>
								<line number="9" hits="294" branch="false"/>
							</lines>
						</method>
						<method name="&lt;init&gt;" signature="(Ljava/lang/String;Ljava/lang/String;)V" line-rate="1.0" branch-rate="1.0" complexity="0">
							<lines>
								<line number="11" hits="41" branch="false"/>
								<line number="12" hits="41" branch="true" condition-coverage="100% (4/4)">
									<conditions>
										<condition number="0" type="jump" coverage="100%"/>
										<condition number="1" type="jump" coverage="100%"/>
									</conditions>
								</line>
								<line number="13" hits="3" branch="false"/>
								<line number="15" hits="38" branch="false"/>
								<line number="16" hits="38" branch="false"/>
								<line number="18" hits="38" branch="false"/>
							</lines>
						</method>
						<method name="getForename" signature="()Ljava/lang/String;" line-rate="1.0" branch-rate="1.0" complexity="0">
							<lines>
								<line number="29" hits="770" branch="false"/>
							</lines>
						</method>
						<method name="getId" signature="()I" line-rate="1.0" branch-rate="1.0" complexity="0">
							<lines>
								<line number="21" hits="590" branch="false"/>
							</lines>
						</method>
						<method name="getSurname" signature="()Ljava/lang/String;" line-rate="1.0" branch-rate="1.0" complexity="0">
							<lines>
								<line number="37" hits="454" branch="false"/>
							</lines>
						</method>
						<method name="setForename" signature="(Ljava/lang/String;)V" line-rate="1.0" branch-rate="1.0" complexity="0">
							<lines>
								<line number="33" hits="217" branch="false"/>
								<line number="34" hits="217" branch="false"/>
							</lines>
						</method>
						<method name="setId" signature="(I)V" line-rate="1.0" branch-rate="1.0" complexity="0">
							<lines>
								<line number="25" hits="217" branch="false"/>
								<line number="26" hits="217" branch="false"/>
							</lines>
						</method>
						<method name="setSurname" signature="(Ljava/lang/String;)V" line-rate="1.0" branch-rate="1.0" complexity="0">
							<lines>
								<line number="41" hits="217" branch="false"/>
								<line number="42" hits="217" branch="false"/>
							</lines>
						</method>
					</methods>
					<lines>
						<line number="9" hits="294" branch="false"/>
						<line number="11" hits="41" branch="false"/>
						<line number="12" hits="41" branch="true" condition-coverage="100% (4/4)">
							<conditions>
								<condition number="0" type="jump" coverage="100%"/>
								<condition number="1" type="jump" coverage="100%"/>
							</conditions>
						</line>
						<line number="13" hits="3" branch="false"/>
						<line number="15" hits="38" branch="false"/>
						<line number="16" hits="38" branch="false"/>
						<line number="18" hits="38" branch="false"/>
						<line number="21" hits="590" branch="false"/>
						<line number="25" hits="217" branch="false"/>
						<line number="26" hits="217" branch="false"/>
						<line number="29" hits="770" branch="false"/>
						<line number="33" hits="217" branch="false"/>
						<line number="34" hits="217" branch="false"/>
						<line number="37" hits="454" branch="false"/>
						<line number="41" hits="217" branch="false"/>
						<line number="42" hits="217" branch="false"/>
					</lines>
				</class>
				<class name="nl.sogyo.library.model.entity.Book" filename="nl/sogyo/library/model/entity/Book.java" line-rate="0.9882352941176471" branch-rate="0.9444444444444444" complexity="1.6538461538461537">
					<methods>
						<method name="&lt;init&gt;" signature="()V" line-rate="1.0" branch-rate="1.0" complexity="0">
							<lines>
								<line number="20" hits="428" branch="false"/>
							</lines>
						</method>
						<method name="&lt;init&gt;" signature="(ILjava/lang/String;Ljava/lang/String;Ljava/util/List;Ljava/lang/String;Ljava/lang/String;Ljava/lang/String;Ljava/lang/String;Ljava/lang/String;Ljava/lang/String;)V" line-rate="0.9285714285714286" branch-rate="0.5" complexity="0">
							<lines>
								<line number="43" hits="37" branch="false"/>
								<line number="44" hits="37" branch="true" condition-coverage="50% (1/2)">
									<conditions>
										<condition number="0" type="jump" coverage="50%"/>
									</conditions>
								</line>
								<line number="46" hits="25" branch="false"/>
								<line number="47" hits="25" branch="false"/>
								<line number="48" hits="25" branch="false"/>
								<line number="49" hits="25" branch="false"/>
								<line number="50" hits="25" branch="false"/>
								<line number="51" hits="25" branch="false"/>
								<line number="52" hits="25" branch="false"/>
								<line number="53" hits="25" branch="false"/>
								<line number="54" hits="25" branch="false"/>
								<line number="55" hits="25" branch="false"/>
								<line number="57" hits="0" branch="false"/>
								<line number="59" hits="25" branch="false"/>
							</lines>
						</method>
						<method name="&lt;init&gt;" signature="(ILjava/lang/String;Ljava/lang/String;Ljava/util/List;Ljava/lang/String;Ljava/lang/String;SLjava/lang/String;SLjava/lang/String;)V" line-rate="1.0" branch-rate="1.0" complexity="0">
							<lines>
								<line number="29" hits="1" branch="false"/>
								<line number="30" hits="1" branch="false"/>
								<line number="31" hits="1" branch="false"/>
								<line number="32" hits="1" branch="false"/>
								<line number="33" hits="1" branch="false"/>
								<line number="34" hits="1" branch="false"/>
								<line number="35" hits="1" branch="false"/>
								<line number="36" hits="1" branch="false"/>
								<line number="37" hits="1" branch="false"/>
								<line number="38" hits="1" branch="false"/>
								<line number="39" hits="1" branch="false"/>
								<line number="40" hits="1" branch="false"/>
							</lines>
						</method>
						<method name="&lt;init&gt;" signature="(Ljava/lang/String;Ljava/lang/String;Ljava/util/List;Ljava/lang/String;Ljava/lang/String;Ljava/lang/String;Ljava/lang/String;Ljava/lang/String;Ljava/lang/String;)V" line-rate="1.0" branch-rate="1.0" complexity="0">
							<lines>
								<line number="24" hits="13" branch="false"/>
								<line number="26" hits="4" branch="false"/>
							</lines>
						</method>
						<method name="emptyToZero" signature="(Ljava/lang/String;)Ljava/lang/String;" line-rate="1.0" branch-rate="1.0" complexity="0">
							<lines>
								<line number="182" hits="50" branch="true" condition-coverage="100% (2/2)">
									<conditions>
										<condition number="0" type="jump" coverage="100%"/>
									</conditions>
								</line>
								<line number="183" hits="44" branch="false"/>
								<line number="185" hits="50" branch="false"/>
								<line number="186" hits="50" branch="false"/>
							</lines>
						</method>
						<method name="getAuthors" signature="()Ljava/util/List;" line-rate="1.0" branch-rate="1.0" complexity="0">
							<lines>
								<line number="86" hits="2466" branch="false"/>
							</lines>
						</method>
						<method name="getCategory" signature="()Lnl/sogyo/library/model/entity/Category;" line-rate="1.0" branch-rate="1.0" complexity="0">
							<lines>
								<line number="94" hits="2070" branch="false"/>
							</lines>
						</method>
						<method name="getId" signature="()I" line-rate="1.0" branch-rate="1.0" complexity="0">
							<lines>
								<line number="62" hits="1055" branch="false"/>
							</lines>
						</method>
						<method name="getIsbn" signature="()Ljava/lang/String;" line-rate="1.0" branch-rate="1.0" complexity="0">
							<lines>
								<line number="118" hits="1724" branch="false"/>
							</lines>
						</method>
						<method name="getLanguage" signature="()Ljava/lang/String;" line-rate="1.0" branch-rate="1.0" complexity="0">
							<lines>
								<line number="134" hits="1705" branch="false"/>
							</lines>
						</method>
						<method name="getPages" signature="()S" line-rate="1.0" branch-rate="1.0" complexity="0">
							<lines>
								<line number="126" hits="1706" branch="false"/>
							</lines>
						</method>
						<method name="getPublisher" signature="()Lnl/sogyo/library/model/entity/Publisher;" line-rate="1.0" branch-rate="1.0" complexity="0">
							<lines>
								<line number="102" hits="2050" branch="false"/>
							</lines>
						</method>
						<method name="getSubtitle" signature="()Ljava/lang/String;" line-rate="1.0" branch-rate="1.0" complexity="0">
							<lines>
								<line number="78" hits="1705" branch="false"/>
							</lines>
						</method>
						<method name="getTitle" signature="()Ljava/lang/String;" line-rate="1.0" branch-rate="1.0" complexity="0">
							<lines>
								<line number="70" hits="1724" branch="false"/>
							</lines>
						</method>
						<method name="getYearFirstPublication" signature="()S" line-rate="1.0" branch-rate="1.0" complexity="0">
							<lines>
								<line number="110" hits="1705" branch="false"/>
							</lines>
						</method>
						<method name="setAuthors" signature="(Ljava/util/List;)V" line-rate="1.0" branch-rate="1.0" complexity="0">
							<lines>
								<line number="90" hits="371" branch="false"/>
								<line number="91" hits="371" branch="false"/>
							</lines>
						</method>
						<method name="setCategory" signature="(Lnl/sogyo/library/model/entity/Category;)V" line-rate="1.0" branch-rate="1.0" complexity="0">
							<lines>
								<line number="98" hits="391" branch="false"/>
								<line number="99" hits="391" branch="false"/>
							</lines>
						</method>
						<method name="setId" signature="(I)V" line-rate="1.0" branch-rate="1.0" complexity="0">
							<lines>
								<line number="66" hits="369" branch="false"/>
								<line number="67" hits="369" branch="false"/>
							</lines>
						</method>
						<method name="setIsbn" signature="(Ljava/lang/String;)V" line-rate="1.0" branch-rate="1.0" complexity="0">
							<lines>
								<line number="122" hits="371" branch="false"/>
								<line number="123" hits="371" branch="false"/>
							</lines>
						</method>
						<method name="setLanguage" signature="(Ljava/lang/String;)V" line-rate="1.0" branch-rate="1.0" complexity="0">
							<lines>
								<line number="138" hits="371" branch="false"/>
								<line number="139" hits="371" branch="false"/>
							</lines>
						</method>
						<method name="setPages" signature="(S)V" line-rate="1.0" branch-rate="1.0" complexity="0">
							<lines>
								<line number="130" hits="371" branch="false"/>
								<line number="131" hits="371" branch="false"/>
							</lines>
						</method>
						<method name="setPublisher" signature="(Lnl/sogyo/library/model/entity/Publisher;)V" line-rate="1.0" branch-rate="1.0" complexity="0">
							<lines>
								<line number="106" hits="391" branch="false"/>
								<line number="107" hits="391" branch="false"/>
							</lines>
						</method>
						<method name="setSubtitle" signature="(Ljava/lang/String;)V" line-rate="1.0" branch-rate="1.0" complexity="0">
							<lines>
								<line number="82" hits="371" branch="false"/>
								<line number="83" hits="371" branch="false"/>
							</lines>
						</method>
						<method name="setTitle" signature="(Ljava/lang/String;)V" line-rate="1.0" branch-rate="1.0" complexity="0">
							<lines>
								<line number="74" hits="371" branch="false"/>
								<line number="75" hits="371" branch="false"/>
							</lines>
						</method>
						<method name="setYearFirstPublication" signature="(S)V" line-rate="1.0" branch-rate="1.0" complexity="0">
							<lines>
								<line number="114" hits="371" branch="false"/>
								<line number="115" hits="371" branch="false"/>
							</lines>
						</method>
						<method name="variablesAreValid" signature="(Ljava/lang/String;Ljava/util/List;Ljava/lang/String;Ljava/lang/String;Ljava/lang/String;Ljava/lang/String;Ljava/lang/String;)Z" line-rate="1.0" branch-rate="1.0" complexity="0">
							<lines>
								<line number="143" hits="37" branch="true" condition-coverage="100% (2/2)">
									<conditions>
										<condition number="0" type="jump" coverage="100%"/>
									</conditions>
								</line>
								<line number="144" hits="1" branch="false"/>
								<line number="145" hits="1" branch="false"/>
								<line number="148" hits="36" branch="true" condition-coverage="100% (2/2)">
									<conditions>
										<condition number="0" type="jump" coverage="100%"/>
									</conditions>
								</line>
								<line number="149" hits="2" branch="false"/>
								<line number="150" hits="2" branch="false"/>
								<line number="153" hits="34" branch="true" condition-coverage="100% (2/2)">
									<conditions>
										<condition number="0" type="jump" coverage="100%"/>
									</conditions>
								</line>
								<line number="154" hits="1" branch="false"/>
								<line number="155" hits="1" branch="false"/>
								<line number="158" hits="33" branch="true" condition-coverage="100% (2/2)">
									<conditions>
										<condition number="0" type="jump" coverage="100%"/>
									</conditions>
								</line>
								<line number="159" hits="1" branch="false"/>
								<line number="160" hits="1" branch="false"/>
								<line number="163" hits="32" branch="true" condition-coverage="100% (2/2)">
									<conditions>
										<condition number="0" type="jump" coverage="100%"/>
									</conditions>
								</line>
								<line number="164" hits="3" branch="false"/>
								<line number="165" hits="3" branch="false"/>
								<line number="168" hits="29" branch="true" condition-coverage="100% (2/2)">
									<conditions>
										<condition number="0" type="jump" coverage="100%"/>
									</conditions>
								</line>
								<line number="169" hits="2" branch="false"/>
								<line number="170" hits="2" branch="false"/>
								<line number="173" hits="27" branch="true" condition-coverage="100% (2/2)">
									<conditions>
										<condition number="0" type="jump" coverage="100%"/>
									</conditions>
								</line>
								<line number="174" hits="2" branch="false"/>
								<line number="175" hits="2" branch="false"/>
								<line number="178" hits="25" branch="false"/>
							</lines>
						</method>
					</methods>
					<lines>
						<line number="20" hits="428" branch="false"/>
						<line number="24" hits="13" branch="false"/>
						<line number="26" hits="4" branch="false"/>
						<line number="29" hits="1" branch="false"/>
						<line number="30" hits="1" branch="false"/>
						<line number="31" hits="1" branch="false"/>
						<line number="32" hits="1" branch="false"/>
						<line number="33" hits="1" branch="false"/>
						<line number="34" hits="1" branch="false"/>
						<line number="35" hits="1" branch="false"/>
						<line number="36" hits="1" branch="false"/>
						<line number="37" hits="1" branch="false"/>
						<line number="38" hits="1" branch="false"/>
						<line number="39" hits="1" branch="false"/>
						<line number="40" hits="1" branch="false"/>
						<line number="43" hits="37" branch="false"/>
						<line number="44" hits="37" branch="true" condition-coverage="50% (1/2)">
							<conditions>
								<condition number="0" type="jump" coverage="50%"/>
							</conditions>
						</line>
						<line number="46" hits="25" branch="false"/>
						<line number="47" hits="25" branch="false"/>
						<line number="48" hits="25" branch="false"/>
						<line number="49" hits="25" branch="false"/>
						<line number="50" hits="25" branch="false"/>
						<line number="51" hits="25" branch="false"/>
						<line number="52" hits="25" branch="false"/>
						<line number="53" hits="25" branch="false"/>
						<line number="54" hits="25" branch="false"/>
						<line number="55" hits="25" branch="false"/>
						<line number="57" hits="0" branch="false"/>
						<line number="59" hits="25" branch="false"/>
						<line number="62" hits="1055" branch="false"/>
						<line number="66" hits="369" branch="false"/>
						<line number="67" hits="369" branch="false"/>
						<line number="70" hits="1724" branch="false"/>
						<line number="74" hits="371" branch="false"/>
						<line number="75" hits="371" branch="false"/>
						<line number="78" hits="1705" branch="false"/>
						<line number="82" hits="371" branch="false"/>
						<line number="83" hits="371" branch="false"/>
						<line number="86" hits="2466" branch="false"/>
						<line number="90" hits="371" branch="false"/>
						<line number="91" hits="371" branch="false"/>
						<line number="94" hits="2070" branch="false"/>
						<line number="98" hits="391" branch="false"/>
						<line number="99" hits="391" branch="false"/>
						<line number="102" hits="2050" branch="false"/>
						<line number="106" hits="391" branch="false"/>
						<line number="107" hits="391" branch="false"/>
						<line number="110" hits="1705" branch="false"/>
						<line number="114" hits="371" branch="false"/>
						<line number="115" hits="371" branch="false"/>
						<line number="118" hits="1724" branch="false"/>
						<line number="122" hits="371" branch="false"/>
						<line number="123" hits="371" branch="false"/>
						<line number="126" hits="1706" branch="false"/>
						<line number="130" hits="371" branch="false"/>
						<line number="131" hits="371" branch="false"/>
						<line number="134" hits="1705" branch="false"/>
						<line number="138" hits="371" branch="false"/>
						<line number="139" hits="371" branch="false"/>
						<line number="143" hits="37" branch="true" condition-coverage="100% (2/2)">
							<conditions>
								<condition number="0" type="jump" coverage="100%"/>
							</conditions>
						</line>
						<line number="144" hits="1" branch="false"/>
						<line number="145" hits="1" branch="false"/>
						<line number="148" hits="36" branch="true" condition-coverage="100% (2/2)">
							<conditions>
								<condition number="0" type="jump" coverage="100%"/>
							</conditions>
						</line>
						<line number="149" hits="2" branch="false"/>
						<line number="150" hits="2" branch="false"/>
						<line number="153" hits="34" branch="true" condition-coverage="100% (2/2)">
							<conditions>
								<condition number="0" type="jump" coverage="100%"/>
							</conditions>
						</line>
						<line number="154" hits="1" branch="false"/>
						<line number="155" hits="1" branch="false"/>
						<line number="158" hits="33" branch="true" condition-coverage="100% (2/2)">
							<conditions>
								<condition number="0" type="jump" coverage="100%"/>
							</conditions>
						</line>
						<line number="159" hits="1" branch="false"/>
						<line number="160" hits="1" branch="false"/>
						<line number="163" hits="32" branch="true" condition-coverage="100% (2/2)">
							<conditions>
								<condition number="0" type="jump" coverage="100%"/>
							</conditions>
						</line>
						<line number="164" hits="3" branch="false"/>
						<line number="165" hits="3" branch="false"/>
						<line number="168" hits="29" branch="true" condition-coverage="100% (2/2)">
							<conditions>
								<condition number="0" type="jump" coverage="100%"/>
							</conditions>
						</line>
						<line number="169" hits="2" branch="false"/>
						<line number="170" hits="2" branch="false"/>
						<line number="173" hits="27" branch="true" condition-coverage="100% (2/2)">
							<conditions>
								<condition number="0" type="jump" coverage="100%"/>
							</conditions>
						</line>
						<line number="174" hits="2" branch="false"/>
						<line number="175" hits="2" branch="false"/>
						<line number="178" hits="25" branch="false"/>
						<line number="182" hits="50" branch="true" condition-coverage="100% (2/2)">
							<conditions>
								<condition number="0" type="jump" coverage="100%"/>
							</conditions>
						</line>
						<line number="183" hits="44" branch="false"/>
						<line number="185" hits="50" branch="false"/>
						<line number="186" hits="50" branch="false"/>
					</lines>
				</class>
				<class name="nl.sogyo.library.model.entity.Category" filename="nl/sogyo/library/model/entity/Category.java" line-rate="1.0" branch-rate="1.0" complexity="1.0">
					<methods>
						<method name="&lt;init&gt;" signature="()V" line-rate="1.0" branch-rate="1.0" complexity="0">
							<lines>
								<line number="8" hits="280" branch="false"/>
							</lines>
						</method>
						<method name="&lt;init&gt;" signature="(ILjava/lang/String;)V" line-rate="1.0" branch-rate="1.0" complexity="0">
							<lines>
								<line number="14" hits="26" branch="false"/>
								<line number="15" hits="26" branch="false"/>
								<line number="16" hits="26" branch="false"/>
								<line number="17" hits="26" branch="false"/>
							</lines>
						</method>
						<method name="&lt;init&gt;" signature="(Ljava/lang/String;)V" line-rate="1.0" branch-rate="1.0" complexity="0">
							<lines>
								<line number="11" hits="26" branch="false"/>
								<line number="12" hits="26" branch="false"/>
							</lines>
						</method>
						<method name="getId" signature="()I" line-rate="1.0" branch-rate="1.0" complexity="0">
							<lines>
								<line number="20" hits="342" branch="false"/>
							</lines>
						</method>
						<method name="getName" signature="()Ljava/lang/String;" line-rate="1.0" branch-rate="1.0" complexity="0">
							<lines>
								<line number="28" hits="285" branch="false"/>
							</lines>
						</method>
						<method name="setId" signature="(I)V" line-rate="1.0" branch-rate="1.0" complexity="0">
							<lines>
								<line number="24" hits="99" branch="false"/>
								<line number="25" hits="99" branch="false"/>
							</lines>
						</method>
						<method name="setName" signature="(Ljava/lang/String;)V" line-rate="1.0" branch-rate="1.0" complexity="0">
							<lines>
								<line number="32" hits="99" branch="false"/>
								<line number="33" hits="99" branch="false"/>
							</lines>
						</method>
					</methods>
					<lines>
						<line number="8" hits="280" branch="false"/>
						<line number="11" hits="26" branch="false"/>
						<line number="12" hits="26" branch="false"/>
						<line number="14" hits="26" branch="false"/>
						<line number="15" hits="26" branch="false"/>
						<line number="16" hits="26" branch="false"/>
						<line number="17" hits="26" branch="false"/>
						<line number="20" hits="342" branch="false"/>
						<line number="24" hits="99" branch="false"/>
						<line number="25" hits="99" branch="false"/>
						<line number="28" hits="285" branch="false"/>
						<line number="32" hits="99" branch="false"/>
						<line number="33" hits="99" branch="false"/>
					</lines>
				</class>
				<class name="nl.sogyo.library.model.entity.Copy" filename="nl/sogyo/library/model/entity/Copy.java" line-rate="0.7333333333333333" branch-rate="1.0" complexity="1.0">
					<methods>
						<method name="&lt;init&gt;" signature="()V" line-rate="1.0" branch-rate="1.0" complexity="0">
							<lines>
								<line number="8" hits="87" branch="false"/>
							</lines>
						</method>
						<method name="&lt;init&gt;" signature="(ILnl/sogyo/library/model/entity/Book;)V" line-rate="0.0" branch-rate="1.0" complexity="0">
							<lines>
								<line number="15" hits="0" branch="false"/>
								<line number="16" hits="0" branch="false"/>
								<line number="17" hits="0" branch="false"/>
								<line number="18" hits="0" branch="false"/>
							</lines>
						</method>
						<method name="&lt;init&gt;" signature="(Lnl/sogyo/library/model/entity/Book;)V" line-rate="1.0" branch-rate="1.0" complexity="0">
							<lines>
								<line number="10" hits="6" branch="false"/>
								<line number="11" hits="6" branch="false"/>
								<line number="12" hits="6" branch="false"/>
								<line number="13" hits="6" branch="false"/>
							</lines>
						</method>
						<method name="getBook" signature="()Lnl/sogyo/library/model/entity/Book;" line-rate="1.0" branch-rate="1.0" complexity="0">
							<lines>
								<line number="29" hits="84" branch="false"/>
							</lines>
						</method>
						<method name="getId" signature="()I" line-rate="1.0" branch-rate="1.0" complexity="0">
							<lines>
								<line number="21" hits="119" branch="false"/>
							</lines>
						</method>
						<method name="setBook" signature="(Lnl/sogyo/library/model/entity/Book;)V" line-rate="1.0" branch-rate="1.0" complexity="0">
							<lines>
								<line number="33" hits="12" branch="false"/>
								<line number="34" hits="12" branch="false"/>
							</lines>
						</method>
						<method name="setId" signature="(I)V" line-rate="1.0" branch-rate="1.0" complexity="0">
							<lines>
								<line number="25" hits="16" branch="false"/>
								<line number="26" hits="16" branch="false"/>
							</lines>
						</method>
					</methods>
					<lines>
						<line number="8" hits="87" branch="false"/>
						<line number="10" hits="6" branch="false"/>
						<line number="11" hits="6" branch="false"/>
						<line number="12" hits="6" branch="false"/>
						<line number="13" hits="6" branch="false"/>
						<line number="15" hits="0" branch="false"/>
						<line number="16" hits="0" branch="false"/>
						<line number="17" hits="0" branch="false"/>
						<line number="18" hits="0" branch="false"/>
						<line number="21" hits="119" branch="false"/>
						<line number="25" hits="16" branch="false"/>
						<line number="26" hits="16" branch="false"/>
						<line number="29" hits="84" branch="false"/>
						<line number="33" hits="12" branch="false"/>
						<line number="34" hits="12" branch="false"/>
					</lines>
				</class>
				<class name="nl.sogyo.library.model.entity.Publisher" filename="nl/sogyo/library/model/entity/Publisher.java" line-rate="1.0" branch-rate="1.0" complexity="1.0">
					<methods>
						<method name="&lt;init&gt;" signature="()V" line-rate="1.0" branch-rate="1.0" complexity="0">
							<lines>
								<line number="8" hits="252" branch="false"/>
							</lines>
						</method>
						<method name="&lt;init&gt;" signature="(ILjava/lang/String;)V" line-rate="1.0" branch-rate="1.0" complexity="0">
							<lines>
								<line number="14" hits="26" branch="false"/>
								<line number="15" hits="26" branch="false"/>
								<line number="16" hits="26" branch="false"/>
								<line number="17" hits="26" branch="false"/>
							</lines>
						</method>
						<method name="&lt;init&gt;" signature="(Ljava/lang/String;)V" line-rate="1.0" branch-rate="1.0" complexity="0">
							<lines>
								<line number="11" hits="26" branch="false"/>
								<line number="12" hits="26" branch="false"/>
							</lines>
						</method>
						<method name="getId" signature="()I" line-rate="1.0" branch-rate="1.0" complexity="0">
							<lines>
								<line number="20" hits="298" branch="false"/>
							</lines>
						</method>
						<method name="getName" signature="()Ljava/lang/String;" line-rate="1.0" branch-rate="1.0" complexity="0">
							<lines>
								<line number="28" hits="221" branch="false"/>
							</lines>
						</method>
						<method name="setId" signature="(I)V" line-rate="1.0" branch-rate="1.0" complexity="0">
							<lines>
								<line number="24" hits="85" branch="false"/>
								<line number="25" hits="85" branch="false"/>
							</lines>
						</method>
						<method name="setName" signature="(Ljava/lang/String;)V" line-rate="1.0" branch-rate="1.0" complexity="0">
							<lines>
								<line number="32" hits="85" branch="false"/>
								<line number="33" hits="85" branch="false"/>
							</lines>
						</method>
					</methods>
					<lines>
						<line number="8" hits="252" branch="false"/>
						<line number="11" hits="26" branch="false"/>
						<line number="12" hits="26" branch="false"/>
						<line number="14" hits="26" branch="false"/>
						<line number="15" hits="26" branch="false"/>
						<line number="16" hits="26" branch="false"/>
						<line number="17" hits="26" branch="false"/>
						<line number="20" hits="298" branch="false"/>
						<line number="24" hits="85" branch="false"/>
						<line number="25" hits="85" branch="false"/>
						<line number="28" hits="221" branch="false"/>
						<line number="32" hits="85" branch="false"/>
						<line number="33" hits="85" branch="false"/>
					</lines>
				</class>
				<class name="nl.sogyo.library.model.entity.User" filename="nl/sogyo/library/model/entity/User.java" line-rate="0.9142857142857143" branch-rate="1.0" complexity="1.1176470588235294">
					<methods>
						<method name="&lt;init&gt;" signature="()V" line-rate="1.0" branch-rate="1.0" complexity="0">
							<lines>
								<line number="20" hits="177" branch="false"/>
							</lines>
						</method>
						<method name="&lt;init&gt;" signature="(ILjava/lang/String;Ljava/lang/String;Ljava/lang/String;Ljava/lang/String;B)V" line-rate="1.0" branch-rate="1.0" complexity="0">
							<lines>
								<line number="26" hits="3" branch="false"/>
								<line number="27" hits="3" branch="true" condition-coverage="100% (2/2)">
									<conditions>
										<condition number="0" type="jump" coverage="100%"/>
									</conditions>
								</line>
								<line number="28" hits="2" branch="false"/>
								<line number="29" hits="2" branch="false"/>
								<line number="30" hits="2" branch="false"/>
								<line number="31" hits="2" branch="false"/>
								<line number="32" hits="2" branch="false"/>
								<line number="33" hits="2" branch="false"/>
								<line number="35" hits="1" branch="false"/>
								<line number="37" hits="2" branch="false"/>
							</lines>
						</method>
						<method name="&lt;init&gt;" signature="(Ljava/lang/String;Ljava/lang/String;Ljava/lang/String;Ljava/lang/String;B)V" line-rate="1.0" branch-rate="1.0" complexity="0">
							<lines>
								<line number="23" hits="3" branch="false"/>
								<line number="24" hits="2" branch="false"/>
							</lines>
						</method>
						<method name="&lt;init&gt;" signature="(Lnl/sogyo/oauth/javagooglesignin/GoogleUser;)V" line-rate="0.0" branch-rate="1.0" complexity="0">
							<lines>
								<line number="40" hits="0" branch="false"/>
								<line number="41" hits="0" branch="false"/>
								<line number="42" hits="0" branch="false"/>
							</lines>
						</method>
						<method name="getEmail" signature="()Ljava/lang/String;" line-rate="1.0" branch-rate="1.0" complexity="0">
							<lines>
								<line number="81" hits="193" branch="false"/>
							</lines>
						</method>
						<method name="getFamilyName" signature="()Ljava/lang/String;" line-rate="1.0" branch-rate="1.0" complexity="0">
							<lines>
								<line number="73" hits="192" branch="false"/>
							</lines>
						</method>
						<method name="getGivenName" signature="()Ljava/lang/String;" line-rate="1.0" branch-rate="1.0" complexity="0">
							<lines>
								<line number="65" hits="192" branch="false"/>
							</lines>
						</method>
						<method name="getGoogleUserId" signature="()Ljava/lang/String;" line-rate="1.0" branch-rate="1.0" complexity="0">
							<lines>
								<line number="57" hits="192" branch="false"/>
							</lines>
						</method>
						<method name="getId" signature="()I" line-rate="1.0" branch-rate="1.0" complexity="0">
							<lines>
								<line number="49" hits="270" branch="false"/>
							</lines>
						</method>
						<method name="getUserType" signature="()B" line-rate="1.0" branch-rate="1.0" complexity="0">
							<lines>
								<line number="89" hits="192" branch="false"/>
							</lines>
						</method>
						<method name="isSogyoAccount" signature="(Ljava/lang/String;)Z" line-rate="1.0" branch-rate="1.0" complexity="0">
							<lines>
								<line number="45" hits="3" branch="false"/>
							</lines>
						</method>
						<method name="setEmail" signature="(Ljava/lang/String;)V" line-rate="1.0" branch-rate="1.0" complexity="0">
							<lines>
								<line number="85" hits="100" branch="false"/>
								<line number="86" hits="100" branch="false"/>
							</lines>
						</method>
						<method name="setFamilyName" signature="(Ljava/lang/String;)V" line-rate="1.0" branch-rate="1.0" complexity="0">
							<lines>
								<line number="77" hits="100" branch="false"/>
								<line number="78" hits="100" branch="false"/>
							</lines>
						</method>
						<method name="setGivenName" signature="(Ljava/lang/String;)V" line-rate="1.0" branch-rate="1.0" complexity="0">
							<lines>
								<line number="69" hits="100" branch="false"/>
								<line number="70" hits="100" branch="false"/>
							</lines>
						</method>
						<method name="setGoogleUserId" signature="(Ljava/lang/String;)V" line-rate="1.0" branch-rate="1.0" complexity="0">
							<lines>
								<line number="61" hits="100" branch="false"/>
								<line number="62" hits="100" branch="false"/>
							</lines>
						</method>
						<method name="setId" signature="(I)V" line-rate="1.0" branch-rate="1.0" complexity="0">
							<lines>
								<line number="53" hits="100" branch="false"/>
								<line number="54" hits="100" branch="false"/>
							</lines>
						</method>
						<method name="setUserType" signature="(B)V" line-rate="1.0" branch-rate="1.0" complexity="0">
							<lines>
								<line number="93" hits="100" branch="false"/>
								<line number="94" hits="100" branch="false"/>
							</lines>
						</method>
					</methods>
					<lines>
						<line number="20" hits="177" branch="false"/>
						<line number="23" hits="3" branch="false"/>
						<line number="24" hits="2" branch="false"/>
						<line number="26" hits="3" branch="false"/>
						<line number="27" hits="3" branch="true" condition-coverage="100% (2/2)">
							<conditions>
								<condition number="0" type="jump" coverage="100%"/>
							</conditions>
						</line>
						<line number="28" hits="2" branch="false"/>
						<line number="29" hits="2" branch="false"/>
						<line number="30" hits="2" branch="false"/>
						<line number="31" hits="2" branch="false"/>
						<line number="32" hits="2" branch="false"/>
						<line number="33" hits="2" branch="false"/>
						<line number="35" hits="1" branch="false"/>
						<line number="37" hits="2" branch="false"/>
						<line number="40" hits="0" branch="false"/>
						<line number="41" hits="0" branch="false"/>
						<line number="42" hits="0" branch="false"/>
						<line number="45" hits="3" branch="false"/>
						<line number="49" hits="270" branch="false"/>
						<line number="53" hits="100" branch="false"/>
						<line number="54" hits="100" branch="false"/>
						<line number="57" hits="192" branch="false"/>
						<line number="61" hits="100" branch="false"/>
						<line number="62" hits="100" branch="false"/>
						<line number="65" hits="192" branch="false"/>
						<line number="69" hits="100" branch="false"/>
						<line number="70" hits="100" branch="false"/>
						<line number="73" hits="192" branch="false"/>
						<line number="77" hits="100" branch="false"/>
						<line number="78" hits="100" branch="false"/>
						<line number="81" hits="193" branch="false"/>
						<line number="85" hits="100" branch="false"/>
						<line number="86" hits="100" branch="false"/>
						<line number="89" hits="192" branch="false"/>
						<line number="93" hits="100" branch="false"/>
						<line number="94" hits="100" branch="false"/>
					</lines>
				</class>
			</classes>
		</package>
		<package name="nl.sogyo.library.model.helper" line-rate="0.95" branch-rate="0.9117647058823529" complexity="1.9285714285714286">
			<classes>
				<class name="nl.sogyo.library.model.helper.InputValidator" filename="nl/sogyo/library/model/helper/InputValidator.java" line-rate="0.9615384615384616" branch-rate="0.8928571428571429" complexity="2.0">
					<methods>
						<method name="&lt;init&gt;" signature="()V" line-rate="0.0" branch-rate="1.0" complexity="0">
							<lines>
								<line number="9" hits="0" branch="false"/>
							</lines>
						</method>
						<method name="checkDigitIsCorrect" signature="(Ljava/lang/String;)Z" line-rate="1.0" branch-rate="1.0" complexity="0">
							<lines>
								<line number="36" hits="70" branch="false"/>
								<line number="37" hits="35" branch="false"/>
								<line number="38" hits="35" branch="false"/>
								<line number="39" hits="35" branch="false"/>
								<line number="40" hits="35" branch="false"/>
								<line number="41" hits="35" branch="false"/>
								<line number="42" hits="35" branch="false"/>
								<line number="43" hits="35" branch="false"/>
								<line number="44" hits="35" branch="false"/>
								<line number="45" hits="35" branch="false"/>
								<line number="46" hits="35" branch="false"/>
								<line number="47" hits="35" branch="false"/>
								<line number="50" hits="35" branch="true" condition-coverage="100% (2/2)">
									<conditions>
										<condition number="0" type="jump" coverage="100%"/>
									</conditions>
								</line>
								<line number="51" hits="26" branch="false"/>
								<line number="54" hits="35" branch="false"/>
								<line number="55" hits="35" branch="true" condition-coverage="100% (2/2)">
									<conditions>
										<condition number="0" type="jump" coverage="100%"/>
									</conditions>
								</line>
							</lines>
						</method>
						<method name="numberIsNotNegative" signature="(Ljava/lang/String;)Z" line-rate="1.0" branch-rate="0.5" complexity="0">
							<lines>
								<line number="59" hits="12" branch="true" condition-coverage="50% (1/2)">
									<conditions>
										<condition number="0" type="jump" coverage="50%"/>
									</conditions>
								</line>
							</lines>
						</method>
						<method name="stringHasOnlyNumbers" signature="(Ljava/lang/String;)Z" line-rate="1.0" branch-rate="1.0" complexity="0">
							<lines>
								<line number="28" hits="56" branch="false"/>
							</lines>
						</method>
						<method name="stringHasThirteenChars" signature="(Ljava/lang/String;)Z" line-rate="1.0" branch-rate="1.0" complexity="0">
							<lines>
								<line number="32" hits="36" branch="true" condition-coverage="100% (2/2)">
									<conditions>
										<condition number="0" type="jump" coverage="100%"/>
									</conditions>
								</line>
							</lines>
						</method>
						<method name="validateIsbn" signature="(Ljava/lang/String;)Z" line-rate="1.0" branch-rate="1.0" complexity="0">
							<lines>
								<line number="12" hits="39" branch="true" condition-coverage="100% (4/4)">
									<conditions>
										<condition number="0" type="jump" coverage="100%"/>
										<condition number="1" type="jump" coverage="100%"/>
									</conditions>
								</line>
								<line number="13" hits="35" branch="false"/>
								<line number="15" hits="4" branch="false"/>
							</lines>
						</method>
						<method name="validatePages" signature="(Ljava/lang/String;)Z" line-rate="1.0" branch-rate="0.8333333333333334" complexity="0">
							<lines>
								<line number="24" hits="27" branch="true" condition-coverage="83% (5/6)">
									<conditions>
										<condition number="0" type="jump" coverage="100%"/>
										<condition number="1" type="jump" coverage="100%"/>
										<condition number="2" type="jump" coverage="50%"/>
									</conditions>
								</line>
							</lines>
						</method>
						<method name="validateYear" signature="(Ljava/lang/String;)Z" line-rate="1.0" branch-rate="0.875" complexity="0">
							<lines>
								<line number="20" hits="35" branch="true" condition-coverage="87% (7/8)">
									<conditions>
										<condition number="0" type="jump" coverage="100%"/>
										<condition number="1" type="jump" coverage="100%"/>
										<condition number="2" type="jump" coverage="50%"/>
										<condition number="3" type="jump" coverage="100%"/>
									</conditions>
								</line>
							</lines>
						</method>
						<method name="yearIsNotInFuture" signature="(Ljava/lang/String;)Z" line-rate="1.0" branch-rate="1.0" complexity="0">
							<lines>
								<line number="63" hits="9" branch="true" condition-coverage="100% (2/2)">
									<conditions>
										<condition number="0" type="jump" coverage="100%"/>
									</conditions>
								</line>
							</lines>
						</method>
					</methods>
					<lines>
						<line number="9" hits="0" branch="false"/>
						<line number="12" hits="39" branch="true" condition-coverage="100% (4/4)">
							<conditions>
								<condition number="0" type="jump" coverage="100%"/>
								<condition number="1" type="jump" coverage="100%"/>
							</conditions>
						</line>
						<line number="13" hits="35" branch="false"/>
						<line number="15" hits="4" branch="false"/>
						<line number="20" hits="35" branch="true" condition-coverage="87% (7/8)">
							<conditions>
								<condition number="0" type="jump" coverage="100%"/>
								<condition number="1" type="jump" coverage="100%"/>
								<condition number="2" type="jump" coverage="50%"/>
								<condition number="3" type="jump" coverage="100%"/>
							</conditions>
						</line>
						<line number="24" hits="27" branch="true" condition-coverage="83% (5/6)">
							<conditions>
								<condition number="0" type="jump" coverage="100%"/>
								<condition number="1" type="jump" coverage="100%"/>
								<condition number="2" type="jump" coverage="50%"/>
							</conditions>
						</line>
						<line number="28" hits="56" branch="false"/>
						<line number="32" hits="36" branch="true" condition-coverage="100% (2/2)">
							<conditions>
								<condition number="0" type="jump" coverage="100%"/>
							</conditions>
						</line>
						<line number="36" hits="70" branch="false"/>
						<line number="37" hits="35" branch="false"/>
						<line number="38" hits="35" branch="false"/>
						<line number="39" hits="35" branch="false"/>
						<line number="40" hits="35" branch="false"/>
						<line number="41" hits="35" branch="false"/>
						<line number="42" hits="35" branch="false"/>
						<line number="43" hits="35" branch="false"/>
						<line number="44" hits="35" branch="false"/>
						<line number="45" hits="35" branch="false"/>
						<line number="46" hits="35" branch="false"/>
						<line number="47" hits="35" branch="false"/>
						<line number="50" hits="35" branch="true" condition-coverage="100% (2/2)">
							<conditions>
								<condition number="0" type="jump" coverage="100%"/>
							</conditions>
						</line>
						<line number="51" hits="26" branch="false"/>
						<line number="54" hits="35" branch="false"/>
						<line number="55" hits="35" branch="true" condition-coverage="100% (2/2)">
							<conditions>
								<condition number="0" type="jump" coverage="100%"/>
							</conditions>
						</line>
						<line number="59" hits="12" branch="true" condition-coverage="50% (1/2)">
							<conditions>
								<condition number="0" type="jump" coverage="50%"/>
							</conditions>
						</line>
						<line number="63" hits="9" branch="true" condition-coverage="100% (2/2)">
							<conditions>
								<condition number="0" type="jump" coverage="100%"/>
							</conditions>
						</line>
					</lines>
				</class>
				<class name="nl.sogyo.library.model.helper.TokenParser" filename="nl/sogyo/library/model/helper/TokenParser.java" line-rate="0.9285714285714286" branch-rate="1.0" complexity="1.8">
					<methods>
						<method name="&lt;init&gt;" signature="()V" line-rate="0.0" branch-rate="1.0" complexity="0">
							<lines>
								<line number="17" hits="0" branch="false"/>
							</lines>
						</method>
						<method name="getGoogleUserFromToken" signature="(Ljava/lang/String;)Lnl/sogyo/oauth/javagooglesignin/GoogleUser;" line-rate="1.0" branch-rate="1.0" complexity="0">
							<lines>
								<line number="22" hits="93" branch="true" condition-coverage="100% (2/2)">
									<conditions>
										<condition number="0" type="jump" coverage="100%"/>
									</conditions>
								</line>
								<line number="23" hits="7" branch="false"/>
								<line number="25" hits="86" branch="true" condition-coverage="100% (2/2)">
									<conditions>
										<condition number="0" type="jump" coverage="100%"/>
									</conditions>
								</line>
								<line number="26" hits="8" branch="false"/>
								<line number="27" hits="78" branch="true" condition-coverage="100% (2/2)">
									<conditions>
										<condition number="0" type="jump" coverage="100%"/>
									</conditions>
								</line>
								<line number="28" hits="71" branch="false"/>
								<line number="30" hits="7" branch="false"/>
								<line number="31" hits="7" branch="false"/>
								<line number="32" hits="7" branch="false"/>
								<line number="34" hits="79" branch="false"/>
							</lines>
						</method>
						<method name="isTestWithIdToken1" signature="(Ljava/lang/String;)Z" line-rate="1.0" branch-rate="1.0" complexity="0">
							<lines>
								<line number="42" hits="86" branch="false"/>
							</lines>
						</method>
						<method name="isTestWithIdToken2" signature="(Ljava/lang/String;)Z" line-rate="1.0" branch-rate="1.0" complexity="0">
							<lines>
								<line number="46" hits="78" branch="false"/>
							</lines>
						</method>
						<method name="removeBearerFromToken" signature="(Ljava/lang/String;)Ljava/lang/String;" line-rate="1.0" branch-rate="1.0" complexity="0">
							<lines>
								<line number="38" hits="7" branch="false"/>
							</lines>
						</method>
					</methods>
					<lines>
						<line number="17" hits="0" branch="false"/>
						<line number="22" hits="93" branch="true" condition-coverage="100% (2/2)">
							<conditions>
								<condition number="0" type="jump" coverage="100%"/>
							</conditions>
						</line>
						<line number="23" hits="7" branch="false"/>
						<line number="25" hits="86" branch="true" condition-coverage="100% (2/2)">
							<conditions>
								<condition number="0" type="jump" coverage="100%"/>
							</conditions>
						</line>
						<line number="26" hits="8" branch="false"/>
						<line number="27" hits="78" branch="true" condition-coverage="100% (2/2)">
							<conditions>
								<condition number="0" type="jump" coverage="100%"/>
							</conditions>
						</line>
						<line number="28" hits="71" branch="false"/>
						<line number="30" hits="7" branch="false"/>
						<line number="31" hits="7" branch="false"/>
						<line number="32" hits="7" branch="false"/>
						<line number="34" hits="79" branch="false"/>
						<line number="38" hits="7" branch="false"/>
						<line number="42" hits="86" branch="false"/>
						<line number="46" hits="78" branch="false"/>
					</lines>
				</class>
			</classes>
		</package>
		<package name="nl.sogyo.library.model.query" line-rate="0.8333333333333334" branch-rate="0.7692307692307693" complexity="3.5714285714285716">
			<classes>
				<class name="nl.sogyo.library.model.query.QueryHelper" filename="nl/sogyo/library/model/query/QueryHelper.java" line-rate="0.8333333333333334" branch-rate="0.7692307692307693" complexity="3.5714285714285716">
					<methods>
						<method name="&lt;init&gt;" signature="(Ljava/lang/String;)V" line-rate="1.0" branch-rate="1.0" complexity="0">
							<lines>
								<line number="21" hits="28" branch="false"/>
								<line number="22" hits="22" branch="false"/>
							</lines>
						</method>
						<method name="getAllAuthors" signature="()Ljava/util/List;" line-rate="0.75" branch-rate="0.5" complexity="0">
							<lines>
								<line number="68" hits="2" branch="true" condition-coverage="50% (1/2)">
									<conditions>
										<condition number="0" type="jump" coverage="50%"/>
									</conditions>
								</line>
								<line number="69" hits="2" branch="false"/>
								<line number="70" hits="2" branch="false"/>
								<line number="72" hits="0" branch="false"/>
							</lines>
						</method>
						<method name="getAllUsers" signature="()Ljava/util/List;" line-rate="1.0" branch-rate="1.0" complexity="0">
							<lines>
								<line number="77" hits="4" branch="true" condition-coverage="100% (2/2)">
									<conditions>
										<condition number="0" type="jump" coverage="100%"/>
									</conditions>
								</line>
								<line number="78" hits="3" branch="false"/>
								<line number="79" hits="3" branch="false"/>
								<line number="81" hits="1" branch="false"/>
							</lines>
						</method>
						<method name="getBookInfo" signature="(I)Lnl/sogyo/library/services/rest/libraryapi/json/BookInfo;" line-rate="0.75" branch-rate="0.5" complexity="0">
							<lines>
								<line number="59" hits="5" branch="true" condition-coverage="50% (1/2)">
									<conditions>
										<condition number="0" type="jump" coverage="50%"/>
									</conditions>
								</line>
								<line number="60" hits="5" branch="false"/>
								<line number="61" hits="5" branch="false"/>
								<line number="63" hits="0" branch="false"/>
							</lines>
						</method>
						<method name="getBooks" signature="(Ljava/lang/String;Ljava/lang/String;Ljava/lang/String;)Ljava/util/List;" line-rate="0.7619047619047619" branch-rate="0.75" complexity="0">
							<lines>
								<line number="25" hits="11" branch="false"/>
								<line number="26" hits="11" branch="true" condition-coverage="50% (1/2)">
									<conditions>
										<condition number="0" type="jump" coverage="50%"/>
									</conditions>
								</line>
								<line number="27" hits="11" branch="true" condition-coverage="100% (2/2)">
									<conditions>
										<condition number="0" type="jump" coverage="100%"/>
									</conditions>
								</line>
								<line number="28" hits="9" branch="true" condition-coverage="100% (2/2)">
									<conditions>
										<condition number="0" type="jump" coverage="100%"/>
									</conditions>
								</line>
								<line number="29" hits="5" branch="true" condition-coverage="100% (2/2)">
									<conditions>
										<condition number="0" type="jump" coverage="100%"/>
									</conditions>
								</line>
								<line number="30" hits="1" branch="false"/>
								<line number="31" hits="4" branch="true" condition-coverage="100% (2/2)">
									<conditions>
										<condition number="0" type="jump" coverage="100%"/>
									</conditions>
								</line>
								<line number="32" hits="2" branch="false"/>
								<line number="34" hits="6" branch="false"/>
								<line number="35" hits="4" branch="false"/>
								<line number="38" hits="4" branch="true" condition-coverage="50% (1/2)">
									<conditions>
										<condition number="0" type="jump" coverage="50%"/>
									</conditions>
								</line>
								<line number="39" hits="4" branch="false"/>
								<line number="40" hits="0" branch="true" condition-coverage="0% (0/2)">
									<conditions>
										<condition number="0" type="jump" coverage="0%"/>
									</conditions>
								</line>
								<line number="41" hits="0" branch="false"/>
								<line number="43" hits="0" branch="false"/>
								<line number="44" hits="0" branch="false"/>
								<line number="47" hits="2" branch="true" condition-coverage="100% (2/2)">
									<conditions>
										<condition number="0" type="jump" coverage="100%"/>
									</conditions>
								</line>
								<line number="48" hits="1" branch="false"/>
								<line number="50" hits="1" branch="false"/>
								<line number="52" hits="9" branch="false"/>
								<line number="54" hits="0" branch="false"/>
							</lines>
						</method>
						<method name="inputIsSingleName" signature="(Ljava/lang/String;)Z" line-rate="1.0" branch-rate="1.0" complexity="0">
							<lines>
								<line number="86" hits="4" branch="true" condition-coverage="100% (2/2)">
									<conditions>
										<condition number="0" type="jump" coverage="100%"/>
									</conditions>
								</line>
							</lines>
						</method>
						<method name="parseBooksIntoBookPreviews" signature="(Ljava/util/List;)Ljava/util/List;" line-rate="1.0" branch-rate="1.0" complexity="0">
							<lines>
								<line number="90" hits="9" branch="false"/>
								<line number="91" hits="9" branch="true" condition-coverage="100% (2/2)">
									<conditions>
										<condition number="0" type="jump" coverage="100%"/>
									</conditions>
								</line>
								<line number="92" hits="40" branch="false"/>
								<line number="93" hits="20" branch="false"/>
								<line number="94" hits="20" branch="false"/>
								<line number="95" hits="9" branch="false"/>
							</lines>
						</method>
					</methods>
					<lines>
						<line number="21" hits="28" branch="false"/>
						<line number="22" hits="22" branch="false"/>
						<line number="25" hits="11" branch="false"/>
						<line number="26" hits="11" branch="true" condition-coverage="50% (1/2)">
							<conditions>
								<condition number="0" type="jump" coverage="50%"/>
							</conditions>
						</line>
						<line number="27" hits="11" branch="true" condition-coverage="100% (2/2)">
							<conditions>
								<condition number="0" type="jump" coverage="100%"/>
							</conditions>
						</line>
						<line number="28" hits="9" branch="true" condition-coverage="100% (2/2)">
							<conditions>
								<condition number="0" type="jump" coverage="100%"/>
							</conditions>
						</line>
						<line number="29" hits="5" branch="true" condition-coverage="100% (2/2)">
							<conditions>
								<condition number="0" type="jump" coverage="100%"/>
							</conditions>
						</line>
						<line number="30" hits="1" branch="false"/>
						<line number="31" hits="4" branch="true" condition-coverage="100% (2/2)">
							<conditions>
								<condition number="0" type="jump" coverage="100%"/>
							</conditions>
						</line>
						<line number="32" hits="2" branch="false"/>
						<line number="34" hits="6" branch="false"/>
						<line number="35" hits="4" branch="false"/>
						<line number="38" hits="4" branch="true" condition-coverage="50% (1/2)">
							<conditions>
								<condition number="0" type="jump" coverage="50%"/>
							</conditions>
						</line>
						<line number="39" hits="4" branch="false"/>
						<line number="40" hits="0" branch="true" condition-coverage="0% (0/2)">
							<conditions>
								<condition number="0" type="jump" coverage="0%"/>
							</conditions>
						</line>
						<line number="41" hits="0" branch="false"/>
						<line number="43" hits="0" branch="false"/>
						<line number="44" hits="0" branch="false"/>
						<line number="47" hits="2" branch="true" condition-coverage="100% (2/2)">
							<conditions>
								<condition number="0" type="jump" coverage="100%"/>
							</conditions>
						</line>
						<line number="48" hits="1" branch="false"/>
						<line number="50" hits="1" branch="false"/>
						<line number="52" hits="9" branch="false"/>
						<line number="54" hits="0" branch="false"/>
						<line number="59" hits="5" branch="true" condition-coverage="50% (1/2)">
							<conditions>
								<condition number="0" type="jump" coverage="50%"/>
							</conditions>
						</line>
						<line number="60" hits="5" branch="false"/>
						<line number="61" hits="5" branch="false"/>
						<line number="63" hits="0" branch="false"/>
						<line number="68" hits="2" branch="true" condition-coverage="50% (1/2)">
							<conditions>
								<condition number="0" type="jump" coverage="50%"/>
							</conditions>
						</line>
						<line number="69" hits="2" branch="false"/>
						<line number="70" hits="2" branch="false"/>
						<line number="72" hits="0" branch="false"/>
						<line number="77" hits="4" branch="true" condition-coverage="100% (2/2)">
							<conditions>
								<condition number="0" type="jump" coverage="100%"/>
							</conditions>
						</line>
						<line number="78" hits="3" branch="false"/>
						<line number="79" hits="3" branch="false"/>
						<line number="81" hits="1" branch="false"/>
						<line number="86" hits="4" branch="true" condition-coverage="100% (2/2)">
							<conditions>
								<condition number="0" type="jump" coverage="100%"/>
							</conditions>
						</line>
						<line number="90" hits="9" branch="false"/>
						<line number="91" hits="9" branch="true" condition-coverage="100% (2/2)">
							<conditions>
								<condition number="0" type="jump" coverage="100%"/>
							</conditions>
						</line>
						<line number="92" hits="40" branch="false"/>
						<line number="93" hits="20" branch="false"/>
						<line number="94" hits="20" branch="false"/>
						<line number="95" hits="9" branch="false"/>
					</lines>
				</class>
			</classes>
		</package>
		<package name="nl.sogyo.library.model.register" line-rate="0.0" branch-rate="1.0" complexity="1.5">
			<classes>
				<class name="nl.sogyo.library.model.register.RegisterHelper" filename="nl/sogyo/library/model/register/RegisterHelper.java" line-rate="0.0" branch-rate="1.0" complexity="1.5">
					<methods>
						<method name="&lt;init&gt;" signature="(Ljava/lang/String;)V" line-rate="0.0" branch-rate="1.0" complexity="0">
							<lines>
								<line number="17" hits="0" branch="false"/>
								<line number="18" hits="0" branch="false"/>
							</lines>
						</method>
						<method name="registerUser" signature="()Lnl/sogyo/library/services/rest/libraryapi/json/message/RegisterMessage;" line-rate="0.0" branch-rate="1.0" complexity="0">
							<lines>
								<line number="21" hits="0" branch="false"/>
								<line number="23" hits="0" branch="false"/>
								<line number="24" hits="0" branch="false"/>
								<line number="25" hits="0" branch="false"/>
								<line number="26" hits="0" branch="false"/>
								<line number="27" hits="0" branch="false"/>
								<line number="28" hits="0" branch="false"/>
								<line number="29" hits="0" branch="false"/>
								<line number="30" hits="0" branch="false"/>
								<line number="31" hits="0" branch="false"/>
								<line number="32" hits="0" branch="false"/>
							</lines>
						</method>
					</methods>
					<lines>
						<line number="17" hits="0" branch="false"/>
						<line number="18" hits="0" branch="false"/>
						<line number="21" hits="0" branch="false"/>
						<line number="23" hits="0" branch="false"/>
						<line number="24" hits="0" branch="false"/>
						<line number="25" hits="0" branch="false"/>
						<line number="26" hits="0" branch="false"/>
						<line number="27" hits="0" branch="false"/>
						<line number="28" hits="0" branch="false"/>
						<line number="29" hits="0" branch="false"/>
						<line number="30" hits="0" branch="false"/>
						<line number="31" hits="0" branch="false"/>
						<line number="32" hits="0" branch="false"/>
					</lines>
				</class>
			</classes>
		</package>
		<package name="nl.sogyo.library.persistence" line-rate="0.7739130434782608" branch-rate="0.8947368421052632" complexity="2.757575757575758">
			<classes>
				<class name="nl.sogyo.library.persistence.DatabaseConnector" filename="nl/sogyo/library/persistence/DatabaseConnector.java" line-rate="1.0" branch-rate="1.0" complexity="1.0">
					<methods>
						<method name="&lt;init&gt;" signature="()V" line-rate="1.0" branch-rate="1.0" complexity="0">
							<lines>
								<line number="20" hits="77" branch="false"/>
								<line number="21" hits="77" branch="false"/>
								<line number="22" hits="77" branch="false"/>
							</lines>
						</method>
						<method name="addConfigurations" signature="()V" line-rate="1.0" branch-rate="1.0" complexity="0">
							<lines>
								<line number="34" hits="77" branch="false"/>
								<line number="35" hits="77" branch="false"/>
								<line number="36" hits="77" branch="false"/>
								<line number="37" hits="77" branch="false"/>
								<line number="38" hits="77" branch="false"/>
								<line number="39" hits="77" branch="false"/>
								<line number="40" hits="77" branch="false"/>
								<line number="41" hits="77" branch="false"/>
								<line number="42" hits="77" branch="false"/>
								<line number="43" hits="77" branch="false"/>
								<line number="44" hits="77" branch="false"/>
								<line number="45" hits="77" branch="false"/>
								<line number="46" hits="77" branch="false"/>
								<line number="47" hits="77" branch="false"/>
								<line number="48" hits="77" branch="false"/>
								<line number="49" hits="77" branch="false"/>
							</lines>
						</method>
						<method name="connect" signature="()Lorg/hibernate/Session;" line-rate="1.0" branch-rate="1.0" complexity="0">
							<lines>
								<line number="25" hits="144" branch="false"/>
								<line number="26" hits="144" branch="false"/>
							</lines>
						</method>
						<method name="disconnect" signature="(Lorg/hibernate/Session;)V" line-rate="1.0" branch-rate="1.0" complexity="0">
							<lines>
								<line number="30" hits="144" branch="false"/>
								<line number="31" hits="144" branch="false"/>
							</lines>
						</method>
					</methods>
					<lines>
						<line number="20" hits="77" branch="false"/>
						<line number="21" hits="77" branch="false"/>
						<line number="22" hits="77" branch="false"/>
						<line number="25" hits="144" branch="false"/>
						<line number="26" hits="144" branch="false"/>
						<line number="30" hits="144" branch="false"/>
						<line number="31" hits="144" branch="false"/>
						<line number="34" hits="77" branch="false"/>
						<line number="35" hits="77" branch="false"/>
						<line number="36" hits="77" branch="false"/>
						<line number="37" hits="77" branch="false"/>
						<line number="38" hits="77" branch="false"/>
						<line number="39" hits="77" branch="false"/>
						<line number="40" hits="77" branch="false"/>
						<line number="41" hits="77" branch="false"/>
						<line number="42" hits="77" branch="false"/>
						<line number="43" hits="77" branch="false"/>
						<line number="44" hits="77" branch="false"/>
						<line number="45" hits="77" branch="false"/>
						<line number="46" hits="77" branch="false"/>
						<line number="47" hits="77" branch="false"/>
						<line number="48" hits="77" branch="false"/>
						<line number="49" hits="77" branch="false"/>
					</lines>
				</class>
				<class name="nl.sogyo.library.persistence.DatabaseHandler" filename="nl/sogyo/library/persistence/DatabaseHandler.java" line-rate="0.7577639751552795" branch-rate="0.8947368421052632" complexity="3.0">
					<methods>
						<method name="&lt;init&gt;" signature="()V" line-rate="1.0" branch-rate="1.0" complexity="0">
							<lines>
								<line number="58" hits="77" branch="false"/>
								<line number="59" hits="77" branch="false"/>
								<line number="60" hits="77" branch="false"/>
							</lines>
						</method>
						<method name="addPercentWildcards" signature="(Ljava/lang/String;)Ljava/lang/String;" line-rate="1.0" branch-rate="1.0" complexity="0">
							<lines>
								<line number="448" hits="11" branch="false"/>
							</lines>
						</method>
						<method name="deleteBookAndCopies" signature="(I)Z" line-rate="1.0" branch-rate="1.0" complexity="0">
							<lines>
								<line number="299" hits="15" branch="false"/>
								<line number="300" hits="15" branch="false"/>
								<line number="301" hits="15" branch="true" condition-coverage="100% (2/2)">
									<conditions>
										<condition number="0" type="jump" coverage="100%"/>
									</conditions>
								</line>
								<line number="302" hits="1" branch="false"/>
								<line number="304" hits="14" branch="false"/>
								<line number="305" hits="14" branch="false"/>
								<line number="306" hits="14" branch="false"/>
								<line number="307" hits="14" branch="false"/>
								<line number="309" hits="14" branch="false"/>
								<line number="310" hits="14" branch="false"/>
								<line number="311" hits="14" branch="false"/>
								<line number="312" hits="14" branch="false"/>
								<line number="313" hits="14" branch="false"/>
								<line number="314" hits="28" branch="false"/>
								<line number="316" hits="1" branch="false"/>
								<line number="317" hits="1" branch="false"/>
								<line number="318" hits="2" branch="false"/>
								<line number="320" hits="15" branch="false"/>
							</lines>
						</method>
						<method name="deleteCopy" signature="(I)Lnl/sogyo/library/services/rest/libraryapi/json/message/DeleteCopyMessage;" line-rate="1.0" branch-rate="1.0" complexity="0">
							<lines>
								<line number="270" hits="4" branch="false"/>
								<line number="271" hits="4" branch="false"/>
								<line number="272" hits="4" branch="true" condition-coverage="100% (2/2)">
									<conditions>
										<condition number="0" type="jump" coverage="100%"/>
									</conditions>
								</line>
								<line number="273" hits="1" branch="false"/>
								<line number="275" hits="3" branch="false"/>
								<line number="276" hits="3" branch="false"/>
								<line number="277" hits="3" branch="true" condition-coverage="100% (2/2)">
									<conditions>
										<condition number="0" type="jump" coverage="100%"/>
									</conditions>
								</line>
								<line number="278" hits="1" branch="false"/>
								<line number="280" hits="2" branch="false"/>
								<line number="281" hits="2" branch="false"/>
								<line number="282" hits="2" branch="false"/>
								<line number="285" hits="2" branch="false"/>
								<line number="286" hits="2" branch="false"/>
								<line number="287" hits="4" branch="false"/>
								<line number="289" hits="2" branch="false"/>
								<line number="290" hits="2" branch="false"/>
								<line number="291" hits="4" branch="false"/>
								<line number="293" hits="4" branch="false"/>
							</lines>
						</method>
						<method name="getUser" signature="(Lnl/sogyo/library/model/entity/User;)Lnl/sogyo/library/model/entity/User;" line-rate="0.0" branch-rate="1.0" complexity="0">
							<lines>
								<line number="423" hits="0" branch="false"/>
								<line number="425" hits="0" branch="false"/>
								<line number="426" hits="0" branch="false"/>
								<line number="427" hits="0" branch="false"/>
								<line number="429" hits="0" branch="false"/>
								<line number="430" hits="0" branch="false"/>
							</lines>
						</method>
						<method name="initialize" signature="()V" line-rate="1.0" branch-rate="1.0" complexity="0">
							<lines>
								<line number="63" hits="144" branch="false"/>
								<line number="64" hits="144" branch="false"/>
								<line number="65" hits="144" branch="false"/>
								<line number="67" hits="144" branch="false"/>
								<line number="68" hits="144" branch="false"/>
								<line number="69" hits="144" branch="false"/>
								<line number="70" hits="144" branch="false"/>
								<line number="72" hits="144" branch="false"/>
								<line number="73" hits="144" branch="false"/>
								<line number="74" hits="144" branch="false"/>
								<line number="75" hits="144" branch="false"/>
[...]
								<line number="12" hits="2" branch="false"/>
							</lines>
						</method>
					</methods>
					<lines>
						<line number="8" hits="2" branch="false"/>
						<line number="11" hits="2" branch="false"/>
						<line number="12" hits="2" branch="false"/>
					</lines>
				</class>
				<class name="nl.sogyo.library.services.rest.libraryapi.json.message.Message" filename="nl/sogyo/library/services/rest/libraryapi/json/message/Message.java" line-rate="1.0" branch-rate="1.0" complexity="1.1666666666666667">
					<methods>
						<method name="&lt;init&gt;" signature="()V" line-rate="1.0" branch-rate="1.0" complexity="0">
							<lines>
								<line number="8" hits="55" branch="false"/>
							</lines>
						</method>
						<method name="&lt;init&gt;" signature="(ZLjava/lang/String;Ljava/lang/String;)V" line-rate="1.0" branch-rate="1.0" complexity="0">
							<lines>
								<line number="10" hits="61" branch="false"/>
								<line number="11" hits="61" branch="false"/>
								<line number="13" hits="61" branch="true" condition-coverage="100% (2/2)">
									<conditions>
										<condition number="0" type="jump" coverage="100%"/>
									</conditions>
								</line>
								<line number="14" hits="43" branch="false"/>
								<line number="16" hits="18" branch="false"/>
								<line number="18" hits="61" branch="false"/>
							</lines>
						</method>
						<method name="getCommandSucceeded" signature="()Z" line-rate="1.0" branch-rate="1.0" complexity="0">
							<lines>
								<line number="21" hits="124" branch="false"/>
							</lines>
						</method>
						<method name="getMessage" signature="()Ljava/lang/String;" line-rate="1.0" branch-rate="1.0" complexity="0">
							<lines>
								<line number="29" hits="61" branch="false"/>
							</lines>
						</method>
						<method name="setCommandSucceeded" signature="(Z)V" line-rate="1.0" branch-rate="1.0" complexity="0">
							<lines>
								<line number="25" hits="55" branch="false"/>
								<line number="26" hits="55" branch="false"/>
							</lines>
						</method>
						<method name="setMessage" signature="(Ljava/lang/String;)V" line-rate="1.0" branch-rate="1.0" complexity="0">
							<lines>
								<line number="33" hits="55" branch="false"/>
								<line number="34" hits="55" branch="false"/>
							</lines>
						</method>
					</methods>
					<lines>
						<line number="8" hits="55" branch="false"/>
						<line number="10" hits="61" branch="false"/>
						<line number="11" hits="61" branch="false"/>
						<line number="13" hits="61" branch="true" condition-coverage="100% (2/2)">
							<conditions>
								<condition number="0" type="jump" coverage="100%"/>
							</conditions>
						</line>
						<line number="14" hits="43" branch="false"/>
						<line number="16" hits="18" branch="false"/>
						<line number="18" hits="61" branch="false"/>
						<line number="21" hits="124" branch="false"/>
						<line number="25" hits="55" branch="false"/>
						<line number="26" hits="55" branch="false"/>
						<line number="29" hits="61" branch="false"/>
						<line number="33" hits="55" branch="false"/>
						<line number="34" hits="55" branch="false"/>
					</lines>
				</class>
				<class name="nl.sogyo.library.services.rest.libraryapi.json.message.RegisterMessage" filename="nl/sogyo/library/services/rest/libraryapi/json/message/RegisterMessage.java" line-rate="0.0" branch-rate="1.0" complexity="1.0">
					<methods>
						<method name="&lt;init&gt;" signature="()V" line-rate="0.0" branch-rate="1.0" complexity="0">
							<lines>
								<line number="13" hits="0" branch="false"/>
							</lines>
						</method>
						<method name="&lt;init&gt;" signature="(ZZLjava/lang/String;Ljava/lang/String;Ljava/lang/String;B)V" line-rate="0.0" branch-rate="1.0" complexity="0">
							<lines>
								<line number="17" hits="0" branch="false"/>
								<line number="18" hits="0" branch="false"/>
								<line number="19" hits="0" branch="false"/>
								<line number="20" hits="0" branch="false"/>
								<line number="21" hits="0" branch="false"/>
								<line number="22" hits="0" branch="false"/>
								<line number="23" hits="0" branch="false"/>
							</lines>
						</method>
						<method name="getErrorDescription" signature="()Ljava/lang/String;" line-rate="0.0" branch-rate="1.0" complexity="0">
							<lines>
								<line number="34" hits="0" branch="false"/>
							</lines>
						</method>
						<method name="getUserFamilyName" signature="()Ljava/lang/String;" line-rate="0.0" branch-rate="1.0" complexity="0">
							<lines>
								<line number="50" hits="0" branch="false"/>
							</lines>
						</method>
						<method name="getUserGivenName" signature="()Ljava/lang/String;" line-rate="0.0" branch-rate="1.0" complexity="0">
							<lines>
								<line number="42" hits="0" branch="false"/>
							</lines>
						</method>
						<method name="getUserType" signature="()B" line-rate="0.0" branch-rate="1.0" complexity="0">
							<lines>
								<line number="58" hits="0" branch="false"/>
							</lines>
						</method>
						<method name="isUserInTable" signature="()Z" line-rate="0.0" branch-rate="1.0" complexity="0">
							<lines>
								<line number="26" hits="0" branch="false"/>
							</lines>
						</method>
						<method name="setErrorDescription" signature="(Ljava/lang/String;)V" line-rate="0.0" branch-rate="1.0" complexity="0">
							<lines>
								<line number="38" hits="0" branch="false"/>
								<line number="39" hits="0" branch="false"/>
							</lines>
						</method>
						<method name="setUserFamilyName" signature="(Ljava/lang/String;)V" line-rate="0.0" branch-rate="1.0" complexity="0">
							<lines>
								<line number="54" hits="0" branch="false"/>
								<line number="55" hits="0" branch="false"/>
							</lines>
						</method>
						<method name="setUserGivenName" signature="(Ljava/lang/String;)V" line-rate="0.0" branch-rate="1.0" complexity="0">
							<lines>
								<line number="46" hits="0" branch="false"/>
								<line number="47" hits="0" branch="false"/>
							</lines>
						</method>
						<method name="setUserInTable" signature="(Z)V" line-rate="0.0" branch-rate="1.0" complexity="0">
							<lines>
								<line number="30" hits="0" branch="false"/>
								<line number="31" hits="0" branch="false"/>
							</lines>
						</method>
						<method name="setUserType" signature="(B)V" line-rate="0.0" branch-rate="1.0" complexity="0">
							<lines>
								<line number="62" hits="0" branch="false"/>
								<line number="63" hits="0" branch="false"/>
							</lines>
						</method>
					</methods>
					<lines>
						<line number="13" hits="0" branch="false"/>
						<line number="17" hits="0" branch="false"/>
						<line number="18" hits="0" branch="false"/>
						<line number="19" hits="0" branch="false"/>
						<line number="20" hits="0" branch="false"/>
						<line number="21" hits="0" branch="false"/>
						<line number="22" hits="0" branch="false"/>
						<line number="23" hits="0" branch="false"/>
						<line number="26" hits="0" branch="false"/>
						<line number="30" hits="0" branch="false"/>
						<line number="31" hits="0" branch="false"/>
						<line number="34" hits="0" branch="false"/>
						<line number="38" hits="0" branch="false"/>
						<line number="39" hits="0" branch="false"/>
						<line number="42" hits="0" branch="false"/>
						<line number="46" hits="0" branch="false"/>
						<line number="47" hits="0" branch="false"/>
						<line number="50" hits="0" branch="false"/>
						<line number="54" hits="0" branch="false"/>
						<line number="55" hits="0" branch="false"/>
						<line number="58" hits="0" branch="false"/>
						<line number="62" hits="0" branch="false"/>
						<line number="63" hits="0" branch="false"/>
					</lines>
				</class>
			</classes>
		</package>
		<package name="nl.sogyo.library.services.rest.libraryapi.resource" line-rate="0.7887323943661971" branch-rate="1.0" complexity="2.0">
			<classes>
				<class name="nl.sogyo.library.services.rest.libraryapi.resource.AuthorsResource" filename="nl/sogyo/library/services/rest/libraryapi/resource/AuthorsResource.java" line-rate="1.0" branch-rate="1.0" complexity="2.0">
					<methods>
						<method name="&lt;init&gt;" signature="()V" line-rate="1.0" branch-rate="1.0" complexity="0">
							<lines>
								<line number="17" hits="4" branch="false"/>
							</lines>
						</method>
						<method name="getAllAuthors" signature="()Ljava/util/List;" line-rate="1.0" branch-rate="1.0" complexity="0">
							<lines>
								<line number="27" hits="4" branch="false"/>
								<line number="28" hits="2" branch="false"/>
								<line number="29" hits="2" branch="false"/>
								<line number="30" hits="2" branch="false"/>
								<line number="31" hits="2" branch="false"/>
								<line number="32" hits="4" branch="false"/>
							</lines>
						</method>
					</methods>
					<lines>
						<line number="17" hits="4" branch="false"/>
						<line number="27" hits="4" branch="false"/>
						<line number="28" hits="2" branch="false"/>
						<line number="29" hits="2" branch="false"/>
						<line number="30" hits="2" branch="false"/>
						<line number="31" hits="2" branch="false"/>
						<line number="32" hits="4" branch="false"/>
					</lines>
				</class>
				<class name="nl.sogyo.library.services.rest.libraryapi.resource.BookResource" filename="nl/sogyo/library/services/rest/libraryapi/resource/BookResource.java" line-rate="0.8918918918918919" branch-rate="1.0" complexity="2.0">
					<methods>
						<method name="&lt;init&gt;" signature="()V" line-rate="1.0" branch-rate="1.0" complexity="0">
							<lines>
								<line number="27" hits="66" branch="false"/>
							</lines>
						</method>
						<method name="addBook" signature="(Lnl/sogyo/library/services/rest/libraryapi/json/BookFormInput;)Lnl/sogyo/library/services/rest/libraryapi/json/message/AddBookMessage;" line-rate="1.0" branch-rate="1.0" complexity="0">
							<lines>
								<line number="52" hits="24" branch="false"/>
								<line number="53" hits="22" branch="false"/>
								<line number="54" hits="2" branch="false"/>
								<line number="55" hits="2" branch="false"/>
								<line number="56" hits="22" branch="false"/>
								<line number="57" hits="24" branch="false"/>
							</lines>
						</method>
						<method name="addCopy" signature="(I)Lnl/sogyo/library/services/rest/libraryapi/json/message/AddCopyMessage;" line-rate="0.6666666666666666" branch-rate="1.0" complexity="0">
							<lines>
								<line number="96" hits="7" branch="false"/>
								<line number="97" hits="7" branch="false"/>
								<line number="98" hits="0" branch="false"/>
								<line number="99" hits="0" branch="false"/>
								<line number="100" hits="7" branch="false"/>
								<line number="101" hits="7" branch="false"/>
							</lines>
						</method>
						<method name="deleteBook" signature="(I)Lnl/sogyo/library/services/rest/libraryapi/json/message/DeleteBookMessage;" line-rate="1.0" branch-rate="1.0" complexity="0">
							<lines>
								<line number="81" hits="18" branch="false"/>
								<line number="82" hits="16" branch="false"/>
								<line number="83" hits="2" branch="false"/>
								<line number="84" hits="2" branch="false"/>
								<line number="85" hits="16" branch="false"/>
								<line number="86" hits="18" branch="false"/>
							</lines>
						</method>
						<method name="deleteCopy" signature="(I)Lnl/sogyo/library/services/rest/libraryapi/json/message/DeleteCopyMessage;" line-rate="0.6666666666666666" branch-rate="1.0" complexity="0">
							<lines>
								<line number="111" hits="4" branch="false"/>
								<line number="112" hits="4" branch="false"/>
								<line number="113" hits="0" branch="false"/>
								<line number="114" hits="0" branch="false"/>
								<line number="115" hits="4" branch="false"/>
								<line number="116" hits="4" branch="false"/>
							</lines>
						</method>
						<method name="editBook" signature="(ILnl/sogyo/library/services/rest/libraryapi/json/BookFormInput;)Lnl/sogyo/library/services/rest/libraryapi/json/message/EditBookMessage;" line-rate="1.0" branch-rate="1.0" complexity="0">
							<lines>
								<line number="67" hits="6" branch="false"/>
								<line number="68" hits="4" branch="false"/>
								<line number="69" hits="2" branch="false"/>
								<line number="70" hits="2" branch="false"/>
								<line number="71" hits="4" branch="false"/>
								<line number="72" hits="6" branch="false"/>
							</lines>
						</method>
						<method name="getBookInfo" signature="(I)Lnl/sogyo/library/services/rest/libraryapi/json/BookInfo;" line-rate="1.0" branch-rate="1.0" complexity="0">
							<lines>
								<line number="38" hits="7" branch="false"/>
								<line number="39" hits="5" branch="false"/>
								<line number="40" hits="2" branch="false"/>
								<line number="41" hits="2" branch="false"/>
								<line number="42" hits="5" branch="false"/>
								<line number="43" hits="7" branch="false"/>
							</lines>
						</method>
					</methods>
					<lines>
						<line number="27" hits="66" branch="false"/>
						<line number="38" hits="7" branch="false"/>
						<line number="39" hits="5" branch="false"/>
						<line number="40" hits="2" branch="false"/>
						<line number="41" hits="2" branch="false"/>
						<line number="42" hits="5" branch="false"/>
						<line number="43" hits="7" branch="false"/>
						<line number="52" hits="24" branch="false"/>
						<line number="53" hits="22" branch="false"/>
						<line number="54" hits="2" branch="false"/>
						<line number="55" hits="2" branch="false"/>
						<line number="56" hits="22" branch="false"/>
						<line number="57" hits="24" branch="false"/>
						<line number="67" hits="6" branch="false"/>
						<line number="68" hits="4" branch="false"/>
						<line number="69" hits="2" branch="false"/>
						<line number="70" hits="2" branch="false"/>
						<line number="71" hits="4" branch="false"/>
						<line number="72" hits="6" branch="false"/>
						<line number="81" hits="18" branch="false"/>
						<line number="82" hits="16" branch="false"/>
						<line number="83" hits="2" branch="false"/>
						<line number="84" hits="2" branch="false"/>
						<line number="85" hits="16" branch="false"/>
						<line number="86" hits="18" branch="false"/>
						<line number="96" hits="7" branch="false"/>
						<line number="97" hits="7" branch="false"/>
						<line number="98" hits="0" branch="false"/>
						<line number="99" hits="0" branch="false"/>
						<line number="100" hits="7" branch="false"/>
						<line number="101" hits="7" branch="false"/>
						<line number="111" hits="4" branch="false"/>
						<line number="112" hits="4" branch="false"/>
						<line number="113" hits="0" branch="false"/>
						<line number="114" hits="0" branch="false"/>
						<line number="115" hits="4" branch="false"/>
						<line number="116" hits="4" branch="false"/>
					</lines>
				</class>
				<class name="nl.sogyo.library.services.rest.libraryapi.resource.BooksResource" filename="nl/sogyo/library/services/rest/libraryapi/resource/BooksResource.java" line-rate="0.7142857142857143" branch-rate="1.0" complexity="2.0">
					<methods>
						<method name="&lt;init&gt;" signature="()V" line-rate="1.0" branch-rate="1.0" complexity="0">
							<lines>
								<line number="18" hits="11" branch="false"/>
							</lines>
						</method>
						<method name="getBooks" signature="(Ljava/lang/String;Ljava/lang/String;Ljava/lang/String;)Ljava/util/List;" line-rate="0.6666666666666666" branch-rate="1.0" complexity="0">
							<lines>
								<line number="28" hits="11" branch="false"/>
								<line number="29" hits="11" branch="false"/>
								<line number="30" hits="0" branch="false"/>
								<line number="31" hits="0" branch="false"/>
								<line number="32" hits="11" branch="false"/>
								<line number="33" hits="11" branch="false"/>
							</lines>
						</method>
					</methods>
					<lines>
						<line number="18" hits="11" branch="false"/>
						<line number="28" hits="11" branch="false"/>
						<line number="29" hits="11" branch="false"/>
						<line number="30" hits="0" branch="false"/>
						<line number="31" hits="0" branch="false"/>
						<line number="32" hits="11" branch="false"/>
						<line number="33" hits="11" branch="false"/>
					</lines>
				</class>
				<class name="nl.sogyo.library.services.rest.libraryapi.resource.RegisterResource" filename="nl/sogyo/library/services/rest/libraryapi/resource/RegisterResource.java" line-rate="0.0" branch-rate="1.0" complexity="2.0">
					<methods>
						<method name="&lt;init&gt;" signature="()V" line-rate="0.0" branch-rate="1.0" complexity="0">
							<lines>
								<line number="14" hits="0" branch="false"/>
							</lines>
						</method>
						<method name="registerUser" signature="()Lnl/sogyo/library/services/rest/libraryapi/json/message/RegisterMessage;" line-rate="0.0" branch-rate="1.0" complexity="0">
							<lines>
								<line number="24" hits="0" branch="false"/>
								<line number="25" hits="0" branch="false"/>
								<line number="26" hits="0" branch="false"/>
								<line number="27" hits="0" branch="false"/>
								<line number="28" hits="0" branch="false"/>
								<line number="29" hits="0" branch="false"/>
							</lines>
						</method>
					</methods>
					<lines>
						<line number="14" hits="0" branch="false"/>
						<line number="24" hits="0" branch="false"/>
						<line number="25" hits="0" branch="false"/>
						<line number="26" hits="0" branch="false"/>
						<line number="27" hits="0" branch="false"/>
						<line number="28" hits="0" branch="false"/>
						<line number="29" hits="0" branch="false"/>
					</lines>
				</class>
				<class name="nl.sogyo.library.services.rest.libraryapi.resource.UsersResource" filename="nl/sogyo/library/services/rest/libraryapi/resource/UsersResource.java" line-rate="0.8461538461538461" branch-rate="1.0" complexity="2.0">
					<methods>
						<method name="&lt;init&gt;" signature="()V" line-rate="1.0" branch-rate="1.0" complexity="0">
							<lines>
								<line number="21" hits="8" branch="false"/>
							</lines>
						</method>
						<method name="editUsers" signature="(Ljava/util/List;)Lnl/sogyo/library/services/rest/libraryapi/json/message/EditUsersMessage;" line-rate="0.6666666666666666" branch-rate="1.0" complexity="0">
							<lines>
								<line number="45" hits="2" branch="false"/>
								<line number="46" hits="2" branch="false"/>
								<line number="47" hits="0" branch="false"/>
								<line number="48" hits="0" branch="false"/>
								<line number="49" hits="2" branch="false"/>
								<line number="50" hits="2" branch="false"/>
							</lines>
						</method>
						<method name="getAllUsers" signature="()Ljava/util/List;" line-rate="1.0" branch-rate="1.0" complexity="0">
							<lines>
								<line number="31" hits="6" branch="false"/>
								<line number="32" hits="4" branch="false"/>
								<line number="33" hits="2" branch="false"/>
								<line number="34" hits="2" branch="false"/>
								<line number="35" hits="4" branch="false"/>
								<line number="36" hits="6" branch="false"/>
							</lines>
						</method>
					</methods>
					<lines>
						<line number="21" hits="8" branch="false"/>
						<line number="31" hits="6" branch="false"/>
						<line number="32" hits="4" branch="false"/>
						<line number="33" hits="2" branch="false"/>
						<line number="34" hits="2" branch="false"/>
						<line number="35" hits="4" branch="false"/>
						<line number="36" hits="6" branch="false"/>
						<line number="45" hits="2" branch="false"/>
						<line number="46" hits="2" branch="false"/>
						<line number="47" hits="0" branch="false"/>
						<line number="48" hits="0" branch="false"/>
						<line number="49" hits="2" branch="false"/>
						<line number="50" hits="2" branch="false"/>
					</lines>
				</class>
			</classes>
		</package>
	</packages>
</coverage>
