<?xml version="1.0"?>
<!DOCTYPE coverage SYSTEM "http://cobertura.sourceforge.net/xml/coverage-04.dtd">

<coverage line-rate="0.7875894988066826" branch-rate="0.8524590163934426" lines-covered="660" lines-valid="838" branches-covered="104" branches-valid="122" complexity="1.4794520547945205" version="2.1.1" timestamp="1509108197864">
	<sources>
		<source>--source</source>
		<source>C:/Users/rblom/Documents/apache-tomcat/webapps/SogyoLibrary/src/main/java</source>
	</sources>
	<packages>
		<package name="nl.sogyo.library.model.command" line-rate="0.9090909090909091" branch-rate="0.4166666666666667" complexity="2.142857142857143">
			<classes>
				<class name="nl.sogyo.library.model.command.CommandHelper" filename="nl/sogyo/library/model/command/CommandHelper.java" line-rate="0.9090909090909091" branch-rate="0.4166666666666667" complexity="2.142857142857143">
					<methods>
						<method name="&lt;init&gt;" signature="()V" line-rate="1.0" branch-rate="1.0" complexity="0">
							<lines>
								<line number="20" hits="17" branch="false"/>
								<line number="21" hits="17" branch="false"/>
								<line number="22" hits="17" branch="false"/>
							</lines>
						</method>
						<method name="addBook" signature="(Lnl/sogyo/library/services/rest/libraryapi/json/BookFormInput;)Lnl/sogyo/library/services/rest/libraryapi/json/message/AddBookMessage;" line-rate="1.0" branch-rate="1.0" complexity="0">
							<lines>
								<line number="26" hits="4" branch="false"/>
								<line number="28" hits="4" branch="false"/>
								<line number="30" hits="4" branch="false"/>
								<line number="31" hits="4" branch="false"/>
								<line number="32" hits="4" branch="false"/>
								<line number="33" hits="4" branch="false"/>
								<line number="34" hits="2" branch="false"/>
								<line number="35" hits="2" branch="false"/>
								<line number="36" hits="2" branch="false"/>
								<line number="37" hits="2" branch="false"/>
								<line number="38" hits="2" branch="false"/>
								<line number="39" hits="4" branch="false"/>
								<line number="40" hits="4" branch="false"/>
							</lines>
						</method>
						<method name="addCopy" signature="(I)Lnl/sogyo/library/services/rest/libraryapi/json/message/AddCopyMessage;" line-rate="1.0" branch-rate="1.0" complexity="0">
							<lines>
								<line number="44" hits="4" branch="false"/>
								<line number="45" hits="4" branch="false"/>
								<line number="46" hits="4" branch="false"/>
								<line number="47" hits="4" branch="false"/>
							</lines>
						</method>
						<method name="deleteBook" signature="(I)Lnl/sogyo/library/services/rest/libraryapi/json/message/DeleteBookMessage;" line-rate="1.0" branch-rate="1.0" complexity="0">
							<lines>
								<line number="72" hits="3" branch="false"/>
								<line number="73" hits="3" branch="false"/>
								<line number="74" hits="3" branch="false"/>
							</lines>
						</method>
						<method name="deleteCopy" signature="(I)Lnl/sogyo/library/services/rest/libraryapi/json/message/DeleteCopyMessage;" line-rate="1.0" branch-rate="1.0" complexity="0">
							<lines>
								<line number="67" hits="4" branch="false"/>
								<line number="68" hits="4" branch="false"/>
							</lines>
						</method>
						<method name="editBook" signature="(ILnl/sogyo/library/services/rest/libraryapi/json/BookFormInput;)Lnl/sogyo/library/services/rest/libraryapi/json/message/EditBookMessage;" line-rate="0.8181818181818182" branch-rate="1.0" complexity="0">
							<lines>
								<line number="52" hits="2" branch="false"/>
								<line number="54" hits="2" branch="false"/>
								<line number="55" hits="2" branch="false"/>
								<line number="56" hits="2" branch="false"/>
								<line number="57" hits="2" branch="false"/>
								<line number="58" hits="2" branch="false"/>
								<line number="59" hits="0" branch="false"/>
								<line number="60" hits="0" branch="false"/>
								<line number="61" hits="2" branch="false"/>
								<line number="62" hits="2" branch="false"/>
								<line number="63" hits="2" branch="false"/>
							</lines>
						</method>
						<method name="getAuthorsFromBookFormInput" signature="(Lnl/sogyo/library/services/rest/libraryapi/json/BookFormInput;)Ljava/util/List;" line-rate="0.75" branch-rate="0.4166666666666667" complexity="0">
							<lines>
								<line number="78" hits="6" branch="false"/>
								<line number="80" hits="6" branch="true" condition-coverage="75% (3/4)">
									<conditions>
										<condition number="0" type="jump" coverage="50%"/>
										<condition number="1" type="jump" coverage="100%"/>
									</conditions>
								</line>
								<line number="81" hits="5" branch="false"/>
								<line number="84" hits="6" branch="true" condition-coverage="25% (1/4)">
									<conditions>
										<condition number="0" type="jump" coverage="50%"/>
										<condition number="1" type="jump" coverage="0%"/>
									</conditions>
								</line>
								<line number="85" hits="0" branch="false"/>
								<line number="88" hits="6" branch="true" condition-coverage="25% (1/4)">
									<conditions>
										<condition number="0" type="jump" coverage="50%"/>
										<condition number="1" type="jump" coverage="0%"/>
									</conditions>
								</line>
								<line number="89" hits="0" branch="false"/>
								<line number="92" hits="6" branch="false"/>
							</lines>
						</method>
					</methods>
					<lines>
						<line number="20" hits="17" branch="false"/>
						<line number="21" hits="17" branch="false"/>
						<line number="22" hits="17" branch="false"/>
						<line number="26" hits="4" branch="false"/>
						<line number="28" hits="4" branch="false"/>
						<line number="30" hits="4" branch="false"/>
						<line number="31" hits="4" branch="false"/>
						<line number="32" hits="4" branch="false"/>
						<line number="33" hits="4" branch="false"/>
						<line number="34" hits="2" branch="false"/>
						<line number="35" hits="2" branch="false"/>
						<line number="36" hits="2" branch="false"/>
						<line number="37" hits="2" branch="false"/>
						<line number="38" hits="2" branch="false"/>
						<line number="39" hits="4" branch="false"/>
						<line number="40" hits="4" branch="false"/>
						<line number="44" hits="4" branch="false"/>
						<line number="45" hits="4" branch="false"/>
						<line number="46" hits="4" branch="false"/>
						<line number="47" hits="4" branch="false"/>
						<line number="52" hits="2" branch="false"/>
						<line number="54" hits="2" branch="false"/>
						<line number="55" hits="2" branch="false"/>
						<line number="56" hits="2" branch="false"/>
						<line number="57" hits="2" branch="false"/>
						<line number="58" hits="2" branch="false"/>
						<line number="59" hits="0" branch="false"/>
						<line number="60" hits="0" branch="false"/>
						<line number="61" hits="2" branch="false"/>
						<line number="62" hits="2" branch="false"/>
						<line number="63" hits="2" branch="false"/>
						<line number="67" hits="4" branch="false"/>
						<line number="68" hits="4" branch="false"/>
						<line number="72" hits="3" branch="false"/>
						<line number="73" hits="3" branch="false"/>
						<line number="74" hits="3" branch="false"/>
						<line number="78" hits="6" branch="false"/>
						<line number="80" hits="6" branch="true" condition-coverage="75% (3/4)">
							<conditions>
								<condition number="0" type="jump" coverage="50%"/>
								<condition number="1" type="jump" coverage="100%"/>
							</conditions>
						</line>
						<line number="81" hits="5" branch="false"/>
						<line number="84" hits="6" branch="true" condition-coverage="25% (1/4)">
							<conditions>
								<condition number="0" type="jump" coverage="50%"/>
								<condition number="1" type="jump" coverage="0%"/>
							</conditions>
						</line>
						<line number="85" hits="0" branch="false"/>
						<line number="88" hits="6" branch="true" condition-coverage="25% (1/4)">
							<conditions>
								<condition number="0" type="jump" coverage="50%"/>
								<condition number="1" type="jump" coverage="0%"/>
							</conditions>
						</line>
						<line number="89" hits="0" branch="false"/>
						<line number="92" hits="6" branch="false"/>
					</lines>
				</class>
			</classes>
		</package>
		<package name="nl.sogyo.library.model.entity" line-rate="0.864406779661017" branch-rate="0.9583333333333334" complexity="1.3055555555555556">
			<classes>
				<class name="nl.sogyo.library.model.entity.Author" filename="nl/sogyo/library/model/entity/Author.java" line-rate="1.0" branch-rate="1.0" complexity="1.375">
					<methods>
						<method name="&lt;init&gt;" signature="()V" line-rate="1.0" branch-rate="1.0" complexity="0">
							<lines>
								<line number="9" hits="193" branch="false"/>
							</lines>
						</method>
						<method name="&lt;init&gt;" signature="(Ljava/lang/String;Ljava/lang/String;)V" line-rate="1.0" branch-rate="1.0" complexity="0">
							<lines>
								<line number="11" hits="21" branch="false"/>
								<line number="12" hits="21" branch="true" condition-coverage="100% (4/4)">
									<conditions>
										<condition number="0" type="jump" coverage="100%"/>
										<condition number="1" type="jump" coverage="100%"/>
									</conditions>
								</line>
								<line number="13" hits="3" branch="false"/>
								<line number="15" hits="18" branch="false"/>
								<line number="16" hits="18" branch="false"/>
								<line number="18" hits="18" branch="false"/>
							</lines>
						</method>
						<method name="getForename" signature="()Ljava/lang/String;" line-rate="1.0" branch-rate="1.0" complexity="0">
							<lines>
								<line number="29" hits="421" branch="false"/>
							</lines>
						</method>
						<method name="getId" signature="()I" line-rate="1.0" branch-rate="1.0" complexity="0">
							<lines>
								<line number="21" hits="369" branch="false"/>
							</lines>
						</method>
						<method name="getSurname" signature="()Ljava/lang/String;" line-rate="1.0" branch-rate="1.0" complexity="0">
							<lines>
								<line number="37" hits="281" branch="false"/>
							</lines>
						</method>
						<method name="setForename" signature="(Ljava/lang/String;)V" line-rate="1.0" branch-rate="1.0" complexity="0">
							<lines>
								<line number="33" hits="161" branch="false"/>
								<line number="34" hits="161" branch="false"/>
							</lines>
						</method>
						<method name="setId" signature="(I)V" line-rate="1.0" branch-rate="1.0" complexity="0">
							<lines>
								<line number="25" hits="161" branch="false"/>
								<line number="26" hits="161" branch="false"/>
							</lines>
						</method>
						<method name="setSurname" signature="(Ljava/lang/String;)V" line-rate="1.0" branch-rate="1.0" complexity="0">
							<lines>
								<line number="41" hits="161" branch="false"/>
								<line number="42" hits="161" branch="false"/>
							</lines>
						</method>
					</methods>
					<lines>
						<line number="9" hits="193" branch="false"/>
						<line number="11" hits="21" branch="false"/>
						<line number="12" hits="21" branch="true" condition-coverage="100% (4/4)">
							<conditions>
								<condition number="0" type="jump" coverage="100%"/>
								<condition number="1" type="jump" coverage="100%"/>
							</conditions>
						</line>
						<line number="13" hits="3" branch="false"/>
						<line number="15" hits="18" branch="false"/>
						<line number="16" hits="18" branch="false"/>
						<line number="18" hits="18" branch="false"/>
						<line number="21" hits="369" branch="false"/>
						<line number="25" hits="161" branch="false"/>
						<line number="26" hits="161" branch="false"/>
						<line number="29" hits="421" branch="false"/>
						<line number="33" hits="161" branch="false"/>
						<line number="34" hits="161" branch="false"/>
						<line number="37" hits="281" branch="false"/>
						<line number="41" hits="161" branch="false"/>
						<line number="42" hits="161" branch="false"/>
					</lines>
				</class>
				<class name="nl.sogyo.library.model.entity.Book" filename="nl/sogyo/library/model/entity/Book.java" line-rate="0.9882352941176471" branch-rate="0.9444444444444444" complexity="1.6538461538461537">
					<methods>
						<method name="&lt;init&gt;" signature="()V" line-rate="1.0" branch-rate="1.0" complexity="0">
							<lines>
								<line number="20" hits="196" branch="false"/>
							</lines>
						</method>
						<method name="&lt;init&gt;" signature="(ILjava/lang/String;Ljava/lang/String;Ljava/util/List;Ljava/lang/String;Ljava/lang/String;Ljava/lang/String;Ljava/lang/String;Ljava/lang/String;Ljava/lang/String;)V" line-rate="0.9285714285714286" branch-rate="0.5" complexity="0">
							<lines>
								<line number="43" hits="19" branch="false"/>
								<line number="44" hits="19" branch="true" condition-coverage="50% (1/2)">
									<conditions>
										<condition number="0" type="jump" coverage="50%"/>
									</conditions>
								</line>
								<line number="46" hits="8" branch="false"/>
								<line number="47" hits="8" branch="false"/>
								<line number="48" hits="8" branch="false"/>
								<line number="49" hits="8" branch="false"/>
								<line number="50" hits="8" branch="false"/>
								<line number="51" hits="8" branch="false"/>
								<line number="52" hits="8" branch="false"/>
								<line number="53" hits="8" branch="false"/>
								<line number="54" hits="8" branch="false"/>
								<line number="55" hits="8" branch="false"/>
								<line number="57" hits="0" branch="false"/>
								<line number="59" hits="8" branch="false"/>
							</lines>
						</method>
						<method name="&lt;init&gt;" signature="(ILjava/lang/String;Ljava/lang/String;Ljava/util/List;Ljava/lang/String;Ljava/lang/String;SLjava/lang/String;SLjava/lang/String;)V" line-rate="1.0" branch-rate="1.0" complexity="0">
							<lines>
								<line number="29" hits="1" branch="false"/>
								<line number="30" hits="1" branch="false"/>
								<line number="31" hits="1" branch="false"/>
								<line number="32" hits="1" branch="false"/>
								<line number="33" hits="1" branch="false"/>
								<line number="34" hits="1" branch="false"/>
								<line number="35" hits="1" branch="false"/>
								<line number="36" hits="1" branch="false"/>
								<line number="37" hits="1" branch="false"/>
								<line number="38" hits="1" branch="false"/>
								<line number="39" hits="1" branch="false"/>
								<line number="40" hits="1" branch="false"/>
							</lines>
						</method>
						<method name="&lt;init&gt;" signature="(Ljava/lang/String;Ljava/lang/String;Ljava/util/List;Ljava/lang/String;Ljava/lang/String;Ljava/lang/String;Ljava/lang/String;Ljava/lang/String;Ljava/lang/String;)V" line-rate="1.0" branch-rate="1.0" complexity="0">
							<lines>
								<line number="24" hits="13" branch="false"/>
								<line number="26" hits="4" branch="false"/>
							</lines>
						</method>
						<method name="emptyToZero" signature="(Ljava/lang/String;)Ljava/lang/String;" line-rate="1.0" branch-rate="1.0" complexity="0">
							<lines>
								<line number="182" hits="16" branch="true" condition-coverage="100% (2/2)">
									<conditions>
										<condition number="0" type="jump" coverage="100%"/>
									</conditions>
								</line>
								<line number="183" hits="10" branch="false"/>
								<line number="185" hits="16" branch="false"/>
								<line number="186" hits="16" branch="false"/>
							</lines>
						</method>
						<method name="getAuthors" signature="()Ljava/util/List;" line-rate="1.0" branch-rate="1.0" complexity="0">
							<lines>
								<line number="86" hits="1118" branch="false"/>
							</lines>
						</method>
						<method name="getCategory" signature="()Lnl/sogyo/library/model/entity/Category;" line-rate="1.0" branch-rate="1.0" complexity="0">
							<lines>
								<line number="94" hits="977" branch="false"/>
							</lines>
						</method>
						<method name="getId" signature="()I" line-rate="1.0" branch-rate="1.0" complexity="0">
							<lines>
								<line number="62" hits="548" branch="false"/>
							</lines>
						</method>
						<method name="getIsbn" signature="()Ljava/lang/String;" line-rate="1.0" branch-rate="1.0" complexity="0">
							<lines>
								<line number="118" hits="816" branch="false"/>
							</lines>
						</method>
						<method name="getLanguage" signature="()Ljava/lang/String;" line-rate="1.0" branch-rate="1.0" complexity="0">
							<lines>
								<line number="134" hits="794" branch="false"/>
							</lines>
						</method>
						<method name="getPages" signature="()S" line-rate="1.0" branch-rate="1.0" complexity="0">
							<lines>
								<line number="126" hits="795" branch="false"/>
							</lines>
						</method>
						<method name="getPublisher" signature="()Lnl/sogyo/library/model/entity/Publisher;" line-rate="1.0" branch-rate="1.0" complexity="0">
							<lines>
								<line number="102" hits="954" branch="false"/>
							</lines>
						</method>
						<method name="getSubtitle" signature="()Ljava/lang/String;" line-rate="1.0" branch-rate="1.0" complexity="0">
							<lines>
								<line number="78" hits="797" branch="false"/>
							</lines>
						</method>
						<method name="getTitle" signature="()Ljava/lang/String;" line-rate="1.0" branch-rate="1.0" complexity="0">
							<lines>
								<line number="70" hits="819" branch="false"/>
							</lines>
						</method>
						<method name="getYearFirstPublication" signature="()S" line-rate="1.0" branch-rate="1.0" complexity="0">
							<lines>
								<line number="110" hits="794" branch="false"/>
							</lines>
						</method>
						<method name="setAuthors" signature="(Ljava/util/List;)V" line-rate="1.0" branch-rate="1.0" complexity="0">
							<lines>
								<line number="90" hits="167" branch="false"/>
								<line number="91" hits="167" branch="false"/>
							</lines>
						</method>
						<method name="setCategory" signature="(Lnl/sogyo/library/model/entity/Category;)V" line-rate="1.0" branch-rate="1.0" complexity="0">
							<lines>
								<line number="98" hits="170" branch="false"/>
								<line number="99" hits="170" branch="false"/>
							</lines>
						</method>
						<method name="setId" signature="(I)V" line-rate="1.0" branch-rate="1.0" complexity="0">
							<lines>
								<line number="66" hits="166" branch="false"/>
								<line number="67" hits="166" branch="false"/>
							</lines>
						</method>
						<method name="setIsbn" signature="(Ljava/lang/String;)V" line-rate="1.0" branch-rate="1.0" complexity="0">
							<lines>
								<line number="122" hits="167" branch="false"/>
								<line number="123" hits="167" branch="false"/>
							</lines>
						</method>
						<method name="setLanguage" signature="(Ljava/lang/String;)V" line-rate="1.0" branch-rate="1.0" complexity="0">
							<lines>
								<line number="138" hits="167" branch="false"/>
								<line number="139" hits="167" branch="false"/>
							</lines>
						</method>
						<method name="setPages" signature="(S)V" line-rate="1.0" branch-rate="1.0" complexity="0">
							<lines>
								<line number="130" hits="167" branch="false"/>
								<line number="131" hits="167" branch="false"/>
							</lines>
						</method>
						<method name="setPublisher" signature="(Lnl/sogyo/library/model/entity/Publisher;)V" line-rate="1.0" branch-rate="1.0" complexity="0">
							<lines>
								<line number="106" hits="170" branch="false"/>
								<line number="107" hits="170" branch="false"/>
							</lines>
						</method>
						<method name="setSubtitle" signature="(Ljava/lang/String;)V" line-rate="1.0" branch-rate="1.0" complexity="0">
							<lines>
								<line number="82" hits="167" branch="false"/>
								<line number="83" hits="167" branch="false"/>
							</lines>
						</method>
						<method name="setTitle" signature="(Ljava/lang/String;)V" line-rate="1.0" branch-rate="1.0" complexity="0">
							<lines>
								<line number="74" hits="167" branch="false"/>
								<line number="75" hits="167" branch="false"/>
							</lines>
						</method>
						<method name="setYearFirstPublication" signature="(S)V" line-rate="1.0" branch-rate="1.0" complexity="0">
							<lines>
								<line number="114" hits="167" branch="false"/>
								<line number="115" hits="167" branch="false"/>
							</lines>
						</method>
						<method name="variablesAreValid" signature="(Ljava/lang/String;Ljava/util/List;Ljava/lang/String;Ljava/lang/String;Ljava/lang/String;Ljava/lang/String;Ljava/lang/String;)Z" line-rate="1.0" branch-rate="1.0" complexity="0">
							<lines>
								<line number="143" hits="19" branch="true" condition-coverage="100% (2/2)">
									<conditions>
										<condition number="0" type="jump" coverage="100%"/>
									</conditions>
								</line>
								<line number="144" hits="1" branch="false"/>
								<line number="145" hits="1" branch="false"/>
								<line number="148" hits="18" branch="true" condition-coverage="100% (2/2)">
									<conditions>
										<condition number="0" type="jump" coverage="100%"/>
									</conditions>
								</line>
								<line number="149" hits="1" branch="false"/>
								<line number="150" hits="1" branch="false"/>
								<line number="153" hits="17" branch="true" condition-coverage="100% (2/2)">
									<conditions>
										<condition number="0" type="jump" coverage="100%"/>
									</conditions>
								</line>
								<line number="154" hits="1" branch="false"/>
								<line number="155" hits="1" branch="false"/>
								<line number="158" hits="16" branch="true" condition-coverage="100% (2/2)">
									<conditions>
										<condition number="0" type="jump" coverage="100%"/>
									</conditions>
								</line>
								<line number="159" hits="1" branch="false"/>
								<line number="160" hits="1" branch="false"/>
								<line number="163" hits="15" branch="true" condition-coverage="100% (2/2)">
									<conditions>
										<condition number="0" type="jump" coverage="100%"/>
									</conditions>
								</line>
								<line number="164" hits="3" branch="false"/>
								<line number="165" hits="3" branch="false"/>
								<line number="168" hits="12" branch="true" condition-coverage="100% (2/2)">
									<conditions>
										<condition number="0" type="jump" coverage="100%"/>
									</conditions>
								</line>
								<line number="169" hits="2" branch="false"/>
								<line number="170" hits="2" branch="false"/>
								<line number="173" hits="10" branch="true" condition-coverage="100% (2/2)">
									<conditions>
										<condition number="0" type="jump" coverage="100%"/>
									</conditions>
								</line>
								<line number="174" hits="2" branch="false"/>
								<line number="175" hits="2" branch="false"/>
								<line number="178" hits="8" branch="false"/>
							</lines>
						</method>
					</methods>
					<lines>
						<line number="20" hits="196" branch="false"/>
						<line number="24" hits="13" branch="false"/>
						<line number="26" hits="4" branch="false"/>
						<line number="29" hits="1" branch="false"/>
						<line number="30" hits="1" branch="false"/>
						<line number="31" hits="1" branch="false"/>
						<line number="32" hits="1" branch="false"/>
						<line number="33" hits="1" branch="false"/>
						<line number="34" hits="1" branch="false"/>
						<line number="35" hits="1" branch="false"/>
						<line number="36" hits="1" branch="false"/>
						<line number="37" hits="1" branch="false"/>
						<line number="38" hits="1" branch="false"/>
						<line number="39" hits="1" branch="false"/>
						<line number="40" hits="1" branch="false"/>
						<line number="43" hits="19" branch="false"/>
						<line number="44" hits="19" branch="true" condition-coverage="50% (1/2)">
							<conditions>
								<condition number="0" type="jump" coverage="50%"/>
							</conditions>
						</line>
						<line number="46" hits="8" branch="false"/>
						<line number="47" hits="8" branch="false"/>
						<line number="48" hits="8" branch="false"/>
						<line number="49" hits="8" branch="false"/>
						<line number="50" hits="8" branch="false"/>
						<line number="51" hits="8" branch="false"/>
						<line number="52" hits="8" branch="false"/>
						<line number="53" hits="8" branch="false"/>
						<line number="54" hits="8" branch="false"/>
						<line number="55" hits="8" branch="false"/>
						<line number="57" hits="0" branch="false"/>
						<line number="59" hits="8" branch="false"/>
						<line number="62" hits="548" branch="false"/>
						<line number="66" hits="166" branch="false"/>
						<line number="67" hits="166" branch="false"/>
						<line number="70" hits="819" branch="false"/>
						<line number="74" hits="167" branch="false"/>
						<line number="75" hits="167" branch="false"/>
						<line number="78" hits="797" branch="false"/>
						<line number="82" hits="167" branch="false"/>
						<line number="83" hits="167" branch="false"/>
						<line number="86" hits="1118" branch="false"/>
						<line number="90" hits="167" branch="false"/>
						<line number="91" hits="167" branch="false"/>
						<line number="94" hits="977" branch="false"/>
						<line number="98" hits="170" branch="false"/>
						<line number="99" hits="170" branch="false"/>
						<line number="102" hits="954" branch="false"/>
						<line number="106" hits="170" branch="false"/>
						<line number="107" hits="170" branch="false"/>
						<line number="110" hits="794" branch="false"/>
						<line number="114" hits="167" branch="false"/>
						<line number="115" hits="167" branch="false"/>
						<line number="118" hits="816" branch="false"/>
						<line number="122" hits="167" branch="false"/>
						<line number="123" hits="167" branch="false"/>
						<line number="126" hits="795" branch="false"/>
						<line number="130" hits="167" branch="false"/>
						<line number="131" hits="167" branch="false"/>
						<line number="134" hits="794" branch="false"/>
						<line number="138" hits="167" branch="false"/>
						<line number="139" hits="167" branch="false"/>
						<line number="143" hits="19" branch="true" condition-coverage="100% (2/2)">
							<conditions>
								<condition number="0" type="jump" coverage="100%"/>
							</conditions>
						</line>
						<line number="144" hits="1" branch="false"/>
						<line number="145" hits="1" branch="false"/>
						<line number="148" hits="18" branch="true" condition-coverage="100% (2/2)">
							<conditions>
								<condition number="0" type="jump" coverage="100%"/>
							</conditions>
						</line>
						<line number="149" hits="1" branch="false"/>
						<line number="150" hits="1" branch="false"/>
						<line number="153" hits="17" branch="true" condition-coverage="100% (2/2)">
							<conditions>
								<condition number="0" type="jump" coverage="100%"/>
							</conditions>
						</line>
						<line number="154" hits="1" branch="false"/>
						<line number="155" hits="1" branch="false"/>
						<line number="158" hits="16" branch="true" condition-coverage="100% (2/2)">
							<conditions>
								<condition number="0" type="jump" coverage="100%"/>
							</conditions>
						</line>
						<line number="159" hits="1" branch="false"/>
						<line number="160" hits="1" branch="false"/>
						<line number="163" hits="15" branch="true" condition-coverage="100% (2/2)">
							<conditions>
								<condition number="0" type="jump" coverage="100%"/>
							</conditions>
						</line>
						<line number="164" hits="3" branch="false"/>
						<line number="165" hits="3" branch="false"/>
						<line number="168" hits="12" branch="true" condition-coverage="100% (2/2)">
							<conditions>
								<condition number="0" type="jump" coverage="100%"/>
							</conditions>
						</line>
						<line number="169" hits="2" branch="false"/>
						<line number="170" hits="2" branch="false"/>
						<line number="173" hits="10" branch="true" condition-coverage="100% (2/2)">
							<conditions>
								<condition number="0" type="jump" coverage="100%"/>
							</conditions>
						</line>
						<line number="174" hits="2" branch="false"/>
						<line number="175" hits="2" branch="false"/>
						<line number="178" hits="8" branch="false"/>
						<line number="182" hits="16" branch="true" condition-coverage="100% (2/2)">
							<conditions>
								<condition number="0" type="jump" coverage="100%"/>
							</conditions>
						</line>
						<line number="183" hits="10" branch="false"/>
						<line number="185" hits="16" branch="false"/>
						<line number="186" hits="16" branch="false"/>
					</lines>
				</class>
				<class name="nl.sogyo.library.model.entity.Category" filename="nl/sogyo/library/model/entity/Category.java" line-rate="1.0" branch-rate="1.0" complexity="1.0">
					<methods>
						<method name="&lt;init&gt;" signature="()V" line-rate="1.0" branch-rate="1.0" complexity="0">
							<lines>
								<line number="8" hits="252" branch="false"/>
							</lines>
						</method>
						<method name="&lt;init&gt;" signature="(ILjava/lang/String;)V" line-rate="1.0" branch-rate="1.0" complexity="0">
							<lines>
								<line number="14" hits="9" branch="false"/>
								<line number="15" hits="9" branch="false"/>
								<line number="16" hits="9" branch="false"/>
								<line number="17" hits="9" branch="false"/>
							</lines>
						</method>
						<method name="&lt;init&gt;" signature="(Ljava/lang/String;)V" line-rate="1.0" branch-rate="1.0" complexity="0">
							<lines>
								<line number="11" hits="9" branch="false"/>
								<line number="12" hits="9" branch="false"/>
							</lines>
						</method>
						<method name="getId" signature="()I" line-rate="1.0" branch-rate="1.0" complexity="0">
							<lines>
								<line number="20" hits="177" branch="false"/>
							</lines>
						</method>
						<method name="getName" signature="()Ljava/lang/String;" line-rate="1.0" branch-rate="1.0" complexity="0">
							<lines>
								<line number="28" hits="171" branch="false"/>
							</lines>
						</method>
						<method name="setId" signature="(I)V" line-rate="1.0" branch-rate="1.0" complexity="0">
							<lines>
								<line number="24" hits="107" branch="false"/>
								<line number="25" hits="107" branch="false"/>
							</lines>
						</method>
						<method name="setName" signature="(Ljava/lang/String;)V" line-rate="1.0" branch-rate="1.0" complexity="0">
							<lines>
								<line number="32" hits="107" branch="false"/>
								<line number="33" hits="107" branch="false"/>
							</lines>
						</method>
					</methods>
					<lines>
						<line number="8" hits="252" branch="false"/>
						<line number="11" hits="9" branch="false"/>
						<line number="12" hits="9" branch="false"/>
						<line number="14" hits="9" branch="false"/>
						<line number="15" hits="9" branch="false"/>
						<line number="16" hits="9" branch="false"/>
						<line number="17" hits="9" branch="false"/>
						<line number="20" hits="177" branch="false"/>
						<line number="24" hits="107" branch="false"/>
						<line number="25" hits="107" branch="false"/>
						<line number="28" hits="171" branch="false"/>
						<line number="32" hits="107" branch="false"/>
						<line number="33" hits="107" branch="false"/>
					</lines>
				</class>
				<class name="nl.sogyo.library.model.entity.Copy" filename="nl/sogyo/library/model/entity/Copy.java" line-rate="0.7333333333333333" branch-rate="1.0" complexity="1.0">
					<methods>
						<method name="&lt;init&gt;" signature="()V" line-rate="1.0" branch-rate="1.0" complexity="0">
							<lines>
								<line number="8" hits="42" branch="false"/>
							</lines>
						</method>
						<method name="&lt;init&gt;" signature="(ILnl/sogyo/library/model/entity/Book;)V" line-rate="0.0" branch-rate="1.0" complexity="0">
							<lines>
								<line number="15" hits="0" branch="false"/>
								<line number="16" hits="0" branch="false"/>
								<line number="17" hits="0" branch="false"/>
								<line number="18" hits="0" branch="false"/>
							</lines>
						</method>
						<method name="&lt;init&gt;" signature="(Lnl/sogyo/library/model/entity/Book;)V" line-rate="1.0" branch-rate="1.0" complexity="0">
							<lines>
								<line number="10" hits="3" branch="false"/>
								<line number="11" hits="3" branch="false"/>
								<line number="12" hits="3" branch="false"/>
								<line number="13" hits="3" branch="false"/>
							</lines>
						</method>
						<method name="getBook" signature="()Lnl/sogyo/library/model/entity/Book;" line-rate="1.0" branch-rate="1.0" complexity="0">
							<lines>
								<line number="29" hits="57" branch="false"/>
							</lines>
						</method>
						<method name="getId" signature="()I" line-rate="1.0" branch-rate="1.0" complexity="0">
							<lines>
								<line number="21" hits="62" branch="false"/>
							</lines>
						</method>
						<method name="setBook" signature="(Lnl/sogyo/library/model/entity/Book;)V" line-rate="1.0" branch-rate="1.0" complexity="0">
							<lines>
								<line number="33" hits="12" branch="false"/>
								<line number="34" hits="12" branch="false"/>
							</lines>
						</method>
						<method name="setId" signature="(I)V" line-rate="1.0" branch-rate="1.0" complexity="0">
							<lines>
								<line number="25" hits="13" branch="false"/>
								<line number="26" hits="13" branch="false"/>
							</lines>
						</method>
					</methods>
					<lines>
						<line number="8" hits="42" branch="false"/>
						<line number="10" hits="3" branch="false"/>
						<line number="11" hits="3" branch="false"/>
						<line number="12" hits="3" branch="false"/>
						<line number="13" hits="3" branch="false"/>
						<line number="15" hits="0" branch="false"/>
						<line number="16" hits="0" branch="false"/>
						<line number="17" hits="0" branch="false"/>
						<line number="18" hits="0" branch="false"/>
						<line number="21" hits="62" branch="false"/>
						<line number="25" hits="13" branch="false"/>
						<line number="26" hits="13" branch="false"/>
						<line number="29" hits="57" branch="false"/>
						<line number="33" hits="12" branch="false"/>
						<line number="34" hits="12" branch="false"/>
					</lines>
				</class>
				<class name="nl.sogyo.library.model.entity.Publisher" filename="nl/sogyo/library/model/entity/Publisher.java" line-rate="1.0" branch-rate="1.0" complexity="1.0">
					<methods>
						<method name="&lt;init&gt;" signature="()V" line-rate="1.0" branch-rate="1.0" complexity="0">
							<lines>
								<line number="8" hits="224" branch="false"/>
							</lines>
						</method>
						<method name="&lt;init&gt;" signature="(ILjava/lang/String;)V" line-rate="1.0" branch-rate="1.0" complexity="0">
							<lines>
								<line number="14" hits="9" branch="false"/>
								<line number="15" hits="9" branch="false"/>
								<line number="16" hits="9" branch="false"/>
								<line number="17" hits="9" branch="false"/>
							</lines>
						</method>
						<method name="&lt;init&gt;" signature="(Ljava/lang/String;)V" line-rate="1.0" branch-rate="1.0" complexity="0">
							<lines>
								<line number="11" hits="9" branch="false"/>
								<line number="12" hits="9" branch="false"/>
							</lines>
						</method>
						<method name="getId" signature="()I" line-rate="1.0" branch-rate="1.0" complexity="0">
							<lines>
								<line number="20" hits="179" branch="false"/>
							</lines>
						</method>
						<method name="getName" signature="()Ljava/lang/String;" line-rate="1.0" branch-rate="1.0" complexity="0">
							<lines>
								<line number="28" hits="150" branch="false"/>
							</lines>
						</method>
						<method name="setId" signature="(I)V" line-rate="1.0" branch-rate="1.0" complexity="0">
							<lines>
								<line number="24" hits="93" branch="false"/>
								<line number="25" hits="93" branch="false"/>
							</lines>
						</method>
						<method name="setName" signature="(Ljava/lang/String;)V" line-rate="1.0" branch-rate="1.0" complexity="0">
							<lines>
								<line number="32" hits="93" branch="false"/>
								<line number="33" hits="93" branch="false"/>
							</lines>
						</method>
					</methods>
					<lines>
						<line number="8" hits="224" branch="false"/>
						<line number="11" hits="9" branch="false"/>
						<line number="12" hits="9" branch="false"/>
						<line number="14" hits="9" branch="false"/>
						<line number="15" hits="9" branch="false"/>
						<line number="16" hits="9" branch="false"/>
						<line number="17" hits="9" branch="false"/>
						<line number="20" hits="179" branch="false"/>
						<line number="24" hits="93" branch="false"/>
						<line number="25" hits="93" branch="false"/>
						<line number="28" hits="150" branch="false"/>
						<line number="32" hits="93" branch="false"/>
						<line number="33" hits="93" branch="false"/>
					</lines>
				</class>
				<class name="nl.sogyo.library.model.entity.User" filename="nl/sogyo/library/model/entity/User.java" line-rate="0.45714285714285713" branch-rate="1.0" complexity="1.1176470588235294">
					<methods>
						<method name="&lt;init&gt;" signature="()V" line-rate="1.0" branch-rate="1.0" complexity="0">
							<lines>
								<line number="14" hits="32" branch="false"/>
							</lines>
						</method>
						<method name="&lt;init&gt;" signature="(ILjava/lang/String;Ljava/lang/String;Ljava/lang/String;Ljava/lang/String;B)V" line-rate="1.0" branch-rate="1.0" complexity="0">
							<lines>
								<line number="20" hits="3" branch="false"/>
								<line number="21" hits="3" branch="true" condition-coverage="100% (2/2)">
									<conditions>
										<condition number="0" type="jump" coverage="100%"/>
									</conditions>
								</line>
								<line number="22" hits="2" branch="false"/>
								<line number="23" hits="2" branch="false"/>
								<line number="24" hits="2" branch="false"/>
								<line number="25" hits="2" branch="false"/>
								<line number="26" hits="2" branch="false"/>
								<line number="27" hits="2" branch="false"/>
								<line number="29" hits="1" branch="false"/>
								<line number="31" hits="2" branch="false"/>
							</lines>
						</method>
						<method name="&lt;init&gt;" signature="(Ljava/lang/String;Ljava/lang/String;Ljava/lang/String;Ljava/lang/String;B)V" line-rate="1.0" branch-rate="1.0" complexity="0">
							<lines>
								<line number="17" hits="3" branch="false"/>
								<line number="18" hits="2" branch="false"/>
							</lines>
						</method>
						<method name="&lt;init&gt;" signature="(Lnl/sogyo/oauth/javagooglesignin/GoogleUser;)V" line-rate="0.0" branch-rate="1.0" complexity="0">
							<lines>
								<line number="34" hits="0" branch="false"/>
								<line number="35" hits="0" branch="false"/>
								<line number="36" hits="0" branch="false"/>
							</lines>
						</method>
						<method name="getEmail" signature="()Ljava/lang/String;" line-rate="1.0" branch-rate="1.0" complexity="0">
							<lines>
								<line number="75" hits="1" branch="false"/>
							</lines>
						</method>
						<method name="getFamilyName" signature="()Ljava/lang/String;" line-rate="0.0" branch-rate="1.0" complexity="0">
							<lines>
								<line number="67" hits="0" branch="false"/>
							</lines>
						</method>
						<method name="getGivenName" signature="()Ljava/lang/String;" line-rate="0.0" branch-rate="1.0" complexity="0">
							<lines>
								<line number="59" hits="0" branch="false"/>
							</lines>
						</method>
						<method name="getGoogleUserId" signature="()Ljava/lang/String;" line-rate="0.0" branch-rate="1.0" complexity="0">
							<lines>
								<line number="51" hits="0" branch="false"/>
							</lines>
						</method>
						<method name="getId" signature="()I" line-rate="1.0" branch-rate="1.0" complexity="0">
							<lines>
								<line number="43" hits="33" branch="false"/>
							</lines>
						</method>
						<method name="getUserType" signature="()B" line-rate="0.0" branch-rate="1.0" complexity="0">
							<lines>
								<line number="83" hits="0" branch="false"/>
							</lines>
						</method>
						<method name="isSogyoAccount" signature="(Ljava/lang/String;)Z" line-rate="1.0" branch-rate="1.0" complexity="0">
							<lines>
								<line number="39" hits="3" branch="false"/>
							</lines>
						</method>
						<method name="setEmail" signature="(Ljava/lang/String;)V" line-rate="0.0" branch-rate="1.0" complexity="0">
							<lines>
								<line number="79" hits="0" branch="false"/>
								<line number="80" hits="0" branch="false"/>
							</lines>
						</method>
						<method name="setFamilyName" signature="(Ljava/lang/String;)V" line-rate="0.0" branch-rate="1.0" complexity="0">
							<lines>
								<line number="71" hits="0" branch="false"/>
								<line number="72" hits="0" branch="false"/>
							</lines>
						</method>
						<method name="setGivenName" signature="(Ljava/lang/String;)V" line-rate="0.0" branch-rate="1.0" complexity="0">
							<lines>
								<line number="63" hits="0" branch="false"/>
								<line number="64" hits="0" branch="false"/>
							</lines>
						</method>
						<method name="setGoogleUserId" signature="(Ljava/lang/String;)V" line-rate="0.0" branch-rate="1.0" complexity="0">
							<lines>
								<line number="55" hits="0" branch="false"/>
								<line number="56" hits="0" branch="false"/>
							</lines>
						</method>
						<method name="setId" signature="(I)V" line-rate="0.0" branch-rate="1.0" complexity="0">
							<lines>
								<line number="47" hits="0" branch="false"/>
								<line number="48" hits="0" branch="false"/>
							</lines>
						</method>
						<method name="setUserType" signature="(B)V" line-rate="0.0" branch-rate="1.0" complexity="0">
							<lines>
								<line number="87" hits="0" branch="false"/>
								<line number="88" hits="0" branch="false"/>
							</lines>
						</method>
					</methods>
					<lines>
						<line number="14" hits="32" branch="false"/>
						<line number="17" hits="3" branch="false"/>
						<line number="18" hits="2" branch="false"/>
						<line number="20" hits="3" branch="false"/>
						<line number="21" hits="3" branch="true" condition-coverage="100% (2/2)">
							<conditions>
								<condition number="0" type="jump" coverage="100%"/>
							</conditions>
						</line>
						<line number="22" hits="2" branch="false"/>
						<line number="23" hits="2" branch="false"/>
						<line number="24" hits="2" branch="false"/>
						<line number="25" hits="2" branch="false"/>
						<line number="26" hits="2" branch="false"/>
						<line number="27" hits="2" branch="false"/>
						<line number="29" hits="1" branch="false"/>
						<line number="31" hits="2" branch="false"/>
						<line number="34" hits="0" branch="false"/>
						<line number="35" hits="0" branch="false"/>
						<line number="36" hits="0" branch="false"/>
						<line number="39" hits="3" branch="false"/>
						<line number="43" hits="33" branch="false"/>
						<line number="47" hits="0" branch="false"/>
						<line number="48" hits="0" branch="false"/>
						<line number="51" hits="0" branch="false"/>
						<line number="55" hits="0" branch="false"/>
						<line number="56" hits="0" branch="false"/>
						<line number="59" hits="0" branch="false"/>
						<line number="63" hits="0" branch="false"/>
						<line number="64" hits="0" branch="false"/>
						<line number="67" hits="0" branch="false"/>
						<line number="71" hits="0" branch="false"/>
						<line number="72" hits="0" branch="false"/>
						<line number="75" hits="1" branch="false"/>
						<line number="79" hits="0" branch="false"/>
						<line number="80" hits="0" branch="false"/>
						<line number="83" hits="0" branch="false"/>
						<line number="87" hits="0" branch="false"/>
						<line number="88" hits="0" branch="false"/>
					</lines>
				</class>
			</classes>
		</package>
		<package name="nl.sogyo.library.model.helper" line-rate="0.9615384615384616" branch-rate="0.8928571428571429" complexity="2.125">
			<classes>
				<class name="nl.sogyo.library.model.helper.InputValidator" filename="nl/sogyo/library/model/helper/InputValidator.java" line-rate="0.9615384615384616" branch-rate="0.8928571428571429" complexity="2.125">
					<methods>
						<method name="&lt;init&gt;" signature="()V" line-rate="0.0" branch-rate="1.0" complexity="0">
							<lines>
								<line number="5" hits="0" branch="false"/>
							</lines>
						</method>
						<method name="checkDigitIsCorrect" signature="(Ljava/lang/String;)Z" line-rate="1.0" branch-rate="1.0" complexity="0">
							<lines>
								<line number="34" hits="36" branch="false"/>
								<line number="35" hits="18" branch="false"/>
								<line number="36" hits="18" branch="false"/>
								<line number="37" hits="18" branch="false"/>
								<line number="38" hits="18" branch="false"/>
								<line number="39" hits="18" branch="false"/>
								<line number="40" hits="18" branch="false"/>
								<line number="41" hits="18" branch="false"/>
								<line number="42" hits="18" branch="false"/>
								<line number="43" hits="18" branch="false"/>
								<line number="44" hits="18" branch="false"/>
								<line number="45" hits="18" branch="false"/>
								<line number="48" hits="18" branch="true" condition-coverage="100% (2/2)">
									<conditions>
										<condition number="0" type="jump" coverage="100%"/>
									</conditions>
								</line>
								<line number="49" hits="9" branch="false"/>
								<line number="52" hits="18" branch="false"/>
								<line number="53" hits="18" branch="true" condition-coverage="100% (2/2)">
									<conditions>
										<condition number="0" type="jump" coverage="100%"/>
									</conditions>
								</line>
							</lines>
						</method>
						<method name="numberIsNotNegative" signature="(Ljava/lang/String;)Z" line-rate="1.0" branch-rate="0.5" complexity="0">
							<lines>
								<line number="57" hits="12" branch="true" condition-coverage="50% (1/2)">
									<conditions>
										<condition number="0" type="jump" coverage="50%"/>
									</conditions>
								</line>
							</lines>
						</method>
						<method name="stringHasOnlyNumbers" signature="(Ljava/lang/String;)Z" line-rate="1.0" branch-rate="1.0" complexity="0">
							<lines>
								<line number="26" hits="39" branch="false"/>
							</lines>
						</method>
						<method name="stringHasThirteenChars" signature="(Ljava/lang/String;)Z" line-rate="1.0" branch-rate="1.0" complexity="0">
							<lines>
								<line number="30" hits="19" branch="true" condition-coverage="100% (2/2)">
									<conditions>
										<condition number="0" type="jump" coverage="100%"/>
									</conditions>
								</line>
							</lines>
						</method>
						<method name="validateIsbn" signature="(Ljava/lang/String;)Z" line-rate="1.0" branch-rate="1.0" complexity="0">
							<lines>
								<line number="10" hits="22" branch="true" condition-coverage="100% (4/4)">
									<conditions>
										<condition number="0" type="jump" coverage="100%"/>
										<condition number="1" type="jump" coverage="100%"/>
									</conditions>
								</line>
								<line number="11" hits="18" branch="false"/>
								<line number="13" hits="4" branch="false"/>
							</lines>
						</method>
						<method name="validatePages" signature="(Ljava/lang/String;)Z" line-rate="1.0" branch-rate="0.8333333333333334" complexity="0">
							<lines>
								<line number="22" hits="10" branch="true" condition-coverage="83% (5/6)">
									<conditions>
										<condition number="0" type="jump" coverage="100%"/>
										<condition number="1" type="jump" coverage="100%"/>
										<condition number="2" type="jump" coverage="50%"/>
									</conditions>
								</line>
							</lines>
						</method>
						<method name="validateYear" signature="(Ljava/lang/String;)Z" line-rate="1.0" branch-rate="0.875" complexity="0">
							<lines>
								<line number="18" hits="18" branch="true" condition-coverage="87% (7/8)">
									<conditions>
										<condition number="0" type="jump" coverage="100%"/>
										<condition number="1" type="jump" coverage="100%"/>
										<condition number="2" type="jump" coverage="50%"/>
										<condition number="3" type="jump" coverage="100%"/>
									</conditions>
								</line>
							</lines>
						</method>
						<method name="yearIsNotInFuture" signature="(Ljava/lang/String;)Z" line-rate="1.0" branch-rate="1.0" complexity="0">
							<lines>
								<line number="61" hits="9" branch="true" condition-coverage="100% (2/2)">
									<conditions>
										<condition number="0" type="jump" coverage="100%"/>
									</conditions>
								</line>
							</lines>
						</method>
					</methods>
					<lines>
						<line number="5" hits="0" branch="false"/>
						<line number="10" hits="22" branch="true" condition-coverage="100% (4/4)">
							<conditions>
								<condition number="0" type="jump" coverage="100%"/>
								<condition number="1" type="jump" coverage="100%"/>
							</conditions>
						</line>
						<line number="11" hits="18" branch="false"/>
						<line number="13" hits="4" branch="false"/>
						<line number="18" hits="18" branch="true" condition-coverage="87% (7/8)">
							<conditions>
								<condition number="0" type="jump" coverage="100%"/>
								<condition number="1" type="jump" coverage="100%"/>
								<condition number="2" type="jump" coverage="50%"/>
								<condition number="3" type="jump" coverage="100%"/>
							</conditions>
						</line>
						<line number="22" hits="10" branch="true" condition-coverage="83% (5/6)">
							<conditions>
								<condition number="0" type="jump" coverage="100%"/>
								<condition number="1" type="jump" coverage="100%"/>
								<condition number="2" type="jump" coverage="50%"/>
							</conditions>
						</line>
						<line number="26" hits="39" branch="false"/>
						<line number="30" hits="19" branch="true" condition-coverage="100% (2/2)">
							<conditions>
								<condition number="0" type="jump" coverage="100%"/>
							</conditions>
						</line>
						<line number="34" hits="36" branch="false"/>
						<line number="35" hits="18" branch="false"/>
						<line number="36" hits="18" branch="false"/>
						<line number="37" hits="18" branch="false"/>
						<line number="38" hits="18" branch="false"/>
						<line number="39" hits="18" branch="false"/>
						<line number="40" hits="18" branch="false"/>
						<line number="41" hits="18" branch="false"/>
						<line number="42" hits="18" branch="false"/>
						<line number="43" hits="18" branch="false"/>
						<line number="44" hits="18" branch="false"/>
						<line number="45" hits="18" branch="false"/>
						<line number="48" hits="18" branch="true" condition-coverage="100% (2/2)">
							<conditions>
								<condition number="0" type="jump" coverage="100%"/>
							</conditions>
						</line>
						<line number="49" hits="9" branch="false"/>
						<line number="52" hits="18" branch="false"/>
						<line number="53" hits="18" branch="true" condition-coverage="100% (2/2)">
							<conditions>
								<condition number="0" type="jump" coverage="100%"/>
							</conditions>
						</line>
						<line number="57" hits="12" branch="true" condition-coverage="50% (1/2)">
							<conditions>
								<condition number="0" type="jump" coverage="50%"/>
							</conditions>
						</line>
						<line number="61" hits="9" branch="true" condition-coverage="100% (2/2)">
							<conditions>
								<condition number="0" type="jump" coverage="100%"/>
							</conditions>
						</line>
					</lines>
				</class>
			</classes>
		</package>
		<package name="nl.sogyo.library.model.query" line-rate="0.8947368421052632" branch-rate="0.8333333333333334" complexity="2.6666666666666665">
			<classes>
				<class name="nl.sogyo.library.model.query.QueryHelper" filename="nl/sogyo/library/model/query/QueryHelper.java" line-rate="0.8947368421052632" branch-rate="0.8333333333333334" complexity="2.6666666666666665">
					<methods>
						<method name="&lt;init&gt;" signature="()V" line-rate="1.0" branch-rate="1.0" complexity="0">
							<lines>
								<line number="17" hits="15" branch="false"/>
								<line number="18" hits="15" branch="false"/>
								<line number="19" hits="15" branch="false"/>
							</lines>
						</method>
						<method name="getAllAuthors" signature="()Ljava/util/List;" line-rate="1.0" branch-rate="1.0" complexity="0">
							<lines>
								<line number="63" hits="1" branch="false"/>
								<line number="64" hits="1" branch="false"/>
							</lines>
						</method>
						<method name="getBookInfo" signature="(I)Lnl/sogyo/library/services/rest/libraryapi/json/BookInfo;" line-rate="1.0" branch-rate="1.0" complexity="0">
							<lines>
								<line number="53" hits="3" branch="false"/>
								<line number="54" hits="3" branch="false"/>
								<line number="55" hits="3" branch="false"/>
								<line number="56" hits="3" branch="false"/>
								<line number="57" hits="3" branch="false"/>
								<line number="58" hits="3" branch="false"/>
								<line number="59" hits="3" branch="false"/>
							</lines>
						</method>
						<method name="getBooks" signature="(Ljava/lang/String;Ljava/lang/String;Ljava/lang/String;)Ljava/util/List;" line-rate="0.7894736842105263" branch-rate="0.7857142857142857" complexity="0">
							<lines>
								<line number="23" hits="11" branch="false"/>
								<line number="24" hits="11" branch="true" condition-coverage="100% (2/2)">
									<conditions>
										<condition number="0" type="jump" coverage="100%"/>
									</conditions>
								</line>
								<line number="25" hits="9" branch="true" condition-coverage="100% (2/2)">
									<conditions>
										<condition number="0" type="jump" coverage="100%"/>
									</conditions>
								</line>
								<line number="26" hits="5" branch="true" condition-coverage="100% (2/2)">
									<conditions>
										<condition number="0" type="jump" coverage="100%"/>
									</conditions>
								</line>
								<line number="27" hits="1" branch="false"/>
								<line number="28" hits="4" branch="true" condition-coverage="100% (2/2)">
									<conditions>
										<condition number="0" type="jump" coverage="100%"/>
									</conditions>
								</line>
								<line number="29" hits="2" branch="false"/>
								<line number="31" hits="6" branch="false"/>
								<line number="32" hits="4" branch="false"/>
								<line number="35" hits="4" branch="true" condition-coverage="50% (1/2)">
									<conditions>
										<condition number="0" type="jump" coverage="50%"/>
									</conditions>
								</line>
								<line number="36" hits="4" branch="false"/>
								<line number="37" hits="0" branch="true" condition-coverage="0% (0/2)">
									<conditions>
										<condition number="0" type="jump" coverage="0%"/>
									</conditions>
								</line>
								<line number="38" hits="0" branch="false"/>
								<line number="40" hits="0" branch="false"/>
								<line number="41" hits="0" branch="false"/>
								<line number="44" hits="2" branch="true" condition-coverage="100% (2/2)">
									<conditions>
										<condition number="0" type="jump" coverage="100%"/>
									</conditions>
								</line>
								<line number="45" hits="1" branch="false"/>
								<line number="47" hits="1" branch="false"/>
								<line number="49" hits="9" branch="false"/>
							</lines>
						</method>
						<method name="inputIsSingleName" signature="(Ljava/lang/String;)Z" line-rate="1.0" branch-rate="1.0" complexity="0">
							<lines>
								<line number="68" hits="4" branch="true" condition-coverage="100% (2/2)">
									<conditions>
										<condition number="0" type="jump" coverage="100%"/>
									</conditions>
								</line>
							</lines>
						</method>
						<method name="parseBooksIntoBookPreviews" signature="(Ljava/util/List;)Ljava/util/List;" line-rate="1.0" branch-rate="1.0" complexity="0">
							<lines>
								<line number="72" hits="9" branch="false"/>
								<line number="73" hits="9" branch="true" condition-coverage="100% (2/2)">
									<conditions>
										<condition number="0" type="jump" coverage="100%"/>
									</conditions>
								</line>
								<line number="74" hits="46" branch="false"/>
								<line number="75" hits="23" branch="false"/>
								<line number="76" hits="23" branch="false"/>
								<line number="77" hits="9" branch="false"/>
							</lines>
						</method>
					</methods>
					<lines>
						<line number="17" hits="15" branch="false"/>
						<line number="18" hits="15" branch="false"/>
						<line number="19" hits="15" branch="false"/>
						<line number="23" hits="11" branch="false"/>
						<line number="24" hits="11" branch="true" condition-coverage="100% (2/2)">
							<conditions>
								<condition number="0" type="jump" coverage="100%"/>
							</conditions>
						</line>
						<line number="25" hits="9" branch="true" condition-coverage="100% (2/2)">
							<conditions>
								<condition number="0" type="jump" coverage="100%"/>
							</conditions>
						</line>
						<line number="26" hits="5" branch="true" condition-coverage="100% (2/2)">
							<conditions>
								<condition number="0" type="jump" coverage="100%"/>
							</conditions>
						</line>
						<line number="27" hits="1" branch="false"/>
						<line number="28" hits="4" branch="true" condition-coverage="100% (2/2)">
							<conditions>
								<condition number="0" type="jump" coverage="100%"/>
							</conditions>
						</line>
						<line number="29" hits="2" branch="false"/>
						<line number="31" hits="6" branch="false"/>
						<line number="32" hits="4" branch="false"/>
						<line number="35" hits="4" branch="true" condition-coverage="50% (1/2)">
							<conditions>
								<condition number="0" type="jump" coverage="50%"/>
							</conditions>
						</line>
						<line number="36" hits="4" branch="false"/>
						<line number="37" hits="0" branch="true" condition-coverage="0% (0/2)">
							<conditions>
								<condition number="0" type="jump" coverage="0%"/>
							</conditions>
						</line>
						<line number="38" hits="0" branch="false"/>
						<line number="40" hits="0" branch="false"/>
						<line number="41" hits="0" branch="false"/>
						<line number="44" hits="2" branch="true" condition-coverage="100% (2/2)">
							<conditions>
								<condition number="0" type="jump" coverage="100%"/>
							</conditions>
						</line>
						<line number="45" hits="1" branch="false"/>
						<line number="47" hits="1" branch="false"/>
						<line number="49" hits="9" branch="false"/>
						<line number="53" hits="3" branch="false"/>
						<line number="54" hits="3" branch="false"/>
						<line number="55" hits="3" branch="false"/>
						<line number="56" hits="3" branch="false"/>
						<line number="57" hits="3" branch="false"/>
						<line number="58" hits="3" branch="false"/>
						<line number="59" hits="3" branch="false"/>
						<line number="63" hits="1" branch="false"/>
						<line number="64" hits="1" branch="false"/>
						<line number="68" hits="4" branch="true" condition-coverage="100% (2/2)">
							<conditions>
								<condition number="0" type="jump" coverage="100%"/>
							</conditions>
						</line>
						<line number="72" hits="9" branch="false"/>
						<line number="73" hits="9" branch="true" condition-coverage="100% (2/2)">
							<conditions>
								<condition number="0" type="jump" coverage="100%"/>
							</conditions>
						</line>
						<line number="74" hits="46" branch="false"/>
						<line number="75" hits="23" branch="false"/>
						<line number="76" hits="23" branch="false"/>
						<line number="77" hits="9" branch="false"/>
					</lines>
				</class>
			</classes>
		</package>
		<package name="nl.sogyo.library.model.register" line-rate="0.0" branch-rate="1.0" complexity="2.3333333333333335">
			<classes>
				<class name="nl.sogyo.library.model.register.RegisterHelper" filename="nl/sogyo/library/model/register/RegisterHelper.java" line-rate="0.0" branch-rate="1.0" complexity="2.3333333333333335">
					<methods>
						<method name="&lt;init&gt;" signature="()V" line-rate="0.0" branch-rate="1.0" complexity="0">
							<lines>
								<line number="20" hits="0" branch="false"/>
								<line number="21" hits="0" branch="false"/>
								<line number="22" hits="0" branch="false"/>
							</lines>
						</method>
						<method name="getGoogleUserFromToken" signature="(Lnl/sogyo/library/services/rest/libraryapi/json/IdToken;)Lnl/sogyo/oauth/javagooglesignin/GoogleUser;" line-rate="0.0" branch-rate="1.0" complexity="0">
							<lines>
								<line number="46" hits="0" branch="false"/>
								<line number="47" hits="0" branch="false"/>
								<line number="48" hits="0" branch="false"/>
								<line number="49" hits="0" branch="false"/>
							</lines>
						</method>
						<method name="registerUser" signature="(Lnl/sogyo/library/services/rest/libraryapi/json/IdToken;)Lnl/sogyo/library/services/rest/libraryapi/json/message/RegisterMessage;" line-rate="0.0" branch-rate="1.0" complexity="0">
							<lines>
								<line number="26" hits="0" branch="false"/>
								<line number="27" hits="0" branch="false"/>
								<line number="28" hits="0" branch="false"/>
								<line number="29" hits="0" branch="false"/>
								<line number="30" hits="0" branch="false"/>
								<line number="31" hits="0" branch="false"/>
								<line number="32" hits="0" branch="false"/>
								<line number="33" hits="0" branch="false"/>
								<line number="34" hits="0" branch="false"/>
								<line number="35" hits="0" branch="false"/>
								<line number="36" hits="0" branch="false"/>
								<line number="37" hits="0" branch="false"/>
								<line number="38" hits="0" branch="false"/>
								<line number="39" hits="0" branch="false"/>
								<line number="40" hits="0" branch="false"/>
								<line number="41" hits="0" branch="false"/>
							</lines>
						</method>
					</methods>
					<lines>
						<line number="20" hits="0" branch="false"/>
						<line number="21" hits="0" branch="false"/>
						<line number="22" hits="0" branch="false"/>
						<line number="26" hits="0" branch="false"/>
						<line number="27" hits="0" branch="false"/>
						<line number="28" hits="0" branch="false"/>
						<line number="29" hits="0" branch="false"/>
						<line number="30" hits="0" branch="false"/>
						<line number="31" hits="0" branch="false"/>
						<line number="32" hits="0" branch="false"/>
						<line number="33" hits="0" branch="false"/>
						<line number="34" hits="0" branch="false"/>
						<line number="35" hits="0" branch="false"/>
						<line number="36" hits="0" branch="false"/>
						<line number="37" hits="0" branch="false"/>
						<line number="38" hits="0" branch="false"/>
						<line number="39" hits="0" branch="false"/>
						<line number="40" hits="0" branch="false"/>
						<line number="41" hits="0" branch="false"/>
						<line number="46" hits="0" branch="false"/>
						<line number="47" hits="0" branch="false"/>
						<line number="48" hits="0" branch="false"/>
						<line number="49" hits="0" branch="false"/>
					</lines>
				</class>
			</classes>
		</package>
		<package name="nl.sogyo.library.persistence" line-rate="0.7980132450331126" branch-rate="0.8888888888888888" complexity="2.7">
			<classes>
				<class name="nl.sogyo.library.persistence.DatabaseConnector" filename="nl/sogyo/library/persistence/DatabaseConnector.java" line-rate="1.0" branch-rate="1.0" complexity="1.0">
					<methods>
						<method name="&lt;init&gt;" signature="()V" line-rate="1.0" branch-rate="1.0" complexity="0">
							<lines>
								<line number="20" hits="32" branch="false"/>
								<line number="21" hits="32" branch="false"/>
								<line number="22" hits="32" branch="false"/>
							</lines>
						</method>
						<method name="addConfigurations" signature="()V" line-rate="1.0" branch-rate="1.0" complexity="0">
							<lines>
								<line number="34" hits="32" branch="false"/>
								<line number="35" hits="32" branch="false"/>
								<line number="36" hits="32" branch="false"/>
								<line number="37" hits="32" branch="false"/>
								<line number="38" hits="32" branch="false"/>
								<line number="39" hits="32" branch="false"/>
								<line number="40" hits="32" branch="false"/>
								<line number="41" hits="32" branch="false"/>
								<line number="42" hits="32" branch="false"/>
								<line number="43" hits="32" branch="false"/>
								<line number="44" hits="32" branch="false"/>
								<line number="45" hits="32" branch="false"/>
								<line number="46" hits="32" branch="false"/>
								<line number="47" hits="32" branch="false"/>
								<line number="48" hits="32" branch="false"/>
								<line number="49" hits="32" branch="false"/>
							</lines>
						</method>
						<method name="connect" signature="()Lorg/hibernate/Session;" line-rate="1.0" branch-rate="1.0" complexity="0">
							<lines>
								<line number="25" hits="28" branch="false"/>
								<line number="26" hits="28" branch="false"/>
							</lines>
						</method>
						<method name="disconnect" signature="(Lorg/hibernate/Session;)V" line-rate="1.0" branch-rate="1.0" complexity="0">
							<lines>
								<line number="30" hits="28" branch="false"/>
								<line number="31" hits="28" branch="false"/>
							</lines>
						</method>
					</methods>
					<lines>
						<line number="20" hits="32" branch="false"/>
						<line number="21" hits="32" branch="false"/>
						<line number="22" hits="32" branch="false"/>
						<line number="25" hits="28" branch="false"/>
						<line number="26" hits="28" branch="false"/>
						<line number="30" hits="28" branch="false"/>
						<line number="31" hits="28" branch="false"/>
						<line number="34" hits="32" branch="false"/>
						<line number="35" hits="32" branch="false"/>
						<line number="36" hits="32" branch="false"/>
						<line number="37" hits="32" branch="false"/>
						<line number="38" hits="32" branch="false"/>
						<line number="39" hits="32" branch="false"/>
						<line number="40" hits="32" branch="false"/>
						<line number="41" hits="32" branch="false"/>
						<line number="42" hits="32" branch="false"/>
						<line number="43" hits="32" branch="false"/>
						<line number="44" hits="32" branch="false"/>
						<line number="45" hits="32" branch="false"/>
						<line number="46" hits="32" branch="false"/>
						<line number="47" hits="32" branch="false"/>
						<line number="48" hits="32" branch="false"/>
						<line number="49" hits="32" branch="false"/>
					</lines>
				</class>
				<class name="nl.sogyo.library.persistence.DatabaseHandler" filename="nl/sogyo/library/persistence/DatabaseHandler.java" line-rate="0.7813620071684588" branch-rate="0.8888888888888888" complexity="2.9615384615384617">
					<methods>
						<method name="&lt;init&gt;" signature="()V" line-rate="1.0" branch-rate="1.0" complexity="0">
							<lines>
								<line number="56" hits="32" branch="false"/>
								<line number="57" hits="32" branch="false"/>
								<line number="58" hits="32" branch="false"/>
							</lines>
						</method>
						<method name="addPercentWildcards" signature="(Ljava/lang/String;)Ljava/lang/String;" line-rate="1.0" branch-rate="1.0" complexity="0">
							<lines>
								<line number="384" hits="11" branch="false"/>
							</lines>
						</method>
						<method name="deleteBookAndCopies" signature="(I)Z" line-rate="1.0" branch-rate="1.0" complexity="0">
							<lines>
								<line number="297" hits="3" branch="false"/>
								<line number="298" hits="3" branch="false"/>
								<line number="299" hits="3" branch="true" condition-coverage="100% (2/2)">
									<conditions>
										<condition number="0" type="jump" coverage="100%"/>
									</conditions>
								</line>
								<line number="300" hits="1" branch="false"/>
								<line number="302" hits="2" branch="false"/>
								<line number="303" hits="2" branch="false"/>
								<line number="304" hits="2" branch="false"/>
								<line number="305" hits="2" branch="false"/>
								<line number="307" hits="2" branch="false"/>
								<line number="308" hits="2" branch="false"/>
								<line number="309" hits="2" branch="false"/>
								<line number="310" hits="2" branch="false"/>
								<line number="311" hits="2" branch="false"/>
								<line number="312" hits="4" branch="false"/>
								<line number="314" hits="1" branch="false"/>
								<line number="315" hits="1" branch="false"/>
								<line number="316" hits="2" branch="false"/>
								<line number="318" hits="3" branch="false"/>
							</lines>
						</method>
						<method name="deleteCopy" signature="(I)Lnl/sogyo/library/services/rest/libraryapi/json/message/DeleteCopyMessage;" line-rate="1.0" branch-rate="1.0" complexity="0">
							<lines>
								<line number="268" hits="4" branch="false"/>
								<line number="269" hits="4" branch="false"/>
								<line number="270" hits="4" branch="true" condition-coverage="100% (2/2)">
									<conditions>
										<condition number="0" type="jump" coverage="100%"/>
									</conditions>
								</line>
								<line number="271" hits="1" branch="false"/>
								<line number="273" hits="3" branch="false"/>
								<line number="274" hits="3" branch="false"/>
								<line number="275" hits="3" branch="true" condition-coverage="100% (2/2)">
									<conditions>
										<condition number="0" type="jump" coverage="100%"/>
									</conditions>
								</line>
								<line number="276" hits="1" branch="false"/>
								<line number="278" hits="2" branch="false"/>
								<line number="279" hits="2" branch="false"/>
								<line number="280" hits="2" branch="false"/>
								<line number="283" hits="2" branch="false"/>
								<line number="284" hits="2" branch="false"/>
								<line number="285" hits="4" branch="false"/>
								<line number="287" hits="2" branch="false"/>
								<line number="288" hits="2" branch="false"/>
								<line number="289" hits="4" branch="false"/>
								<line number="291" hits="4" branch="false"/>
							</lines>
						</method>
						<method name="initialize" signature="()V" line-rate="1.0" branch-rate="1.0" complexity="0">
							<lines>
								<line number="61" hits="28" branch="false"/>
								<line number="62" hits="28" branch="false"/>
								<line number="63" hits="28" branch="false"/>
								<line number="65" hits="28" branch="false"/>
								<line number="66" hits="28" branch="false"/>
								<line number="67" hits="28" branch="false"/>
								<line number="68" hits="28" branch="false"/>
								<line number="70" hits="28" branch="false"/>
								<line number="71" hits="28" branch="false"/>
								<line number="72" hits="28" branch="false"/>
								<line number="73" hits="28" branch="false"/>
								<line number="74" hits="28" branch="false"/>
							</lines>
						</method>
						<method name="initializeReferencedEntities" signature="(Lnl/sogyo/library/model/entity/Book;)V" line-rate="1.0" branch-rate="1.0" complexity="0">
							<lines>
								<line number="376" hits="155" branch="false"/>
								<line number="377" hits="155" branch="false"/>
								<line number="378" hits="155" branch="true" condition-coverage="100% (2/2)">
									<conditions>
										<condition number="0" type="jump" coverage="100%"/>
									</conditions>
								</line>
								<line number="379" hits="170" branch="false"/>
								<line number="380" hits="170" branch="false"/>
								<line number="381" hits="155" branch="false"/>
							</lines>
						</method>
						<method name="insertBook" signature="(Lnl/sogyo/library/model/entity/Book;)I" line-rate="0.6666666666666666" branch-rate="1.0" complexity="0">
							<lines>
								<line number="209" hits="2" branch="false"/>
								<line number="210" hits="2" branch="false"/>
								<line number="211" hits="2" branch="false"/>
								<line number="212" hits="2" branch="false"/>
								<line number="213" hits="4" branch="false"/>
								<line number="214" hits="0" branch="false"/>
								<line number="215" hits="0" branch="false"/>
								<line number="216" hits="0" branch="false"/>
								<line number="218" hits="2" branch="false"/>
							</lines>
						</method>
						<method name="insertCopy" signature="(I)Lnl/sogyo/library/services/rest/libraryapi/json/message/AddCopyMessage;" line-rate="1.0" branch-rate="1.0" complexity="0">
							<lines>
								<line number="243" hits="4" branch="false"/>
								<line number="244" hits="4" branch="false"/>
								<line number="245" hits="4" branch="true" condition-coverage="100% (2/2)">
									<conditions>
										<condition number="0" type="jump" coverage="100%"/>
									</conditions>
								</line>
								<line number="246" hits="1" branch="false"/>
								<line number="248" hits="3" branch="false"/>
								<line number="249" hits="3" branch="false"/>
								<line number="251" hits="3" branch="false"/>
								<line number="252" hits="3" branch="false"/>
								<line number="253" hits="3" branch="false"/>
								<line number="255" hits="3" branch="false"/>
								<line number="256" hits="6" branch="false"/>
								<line number="258" hits="1" branch="false"/>
								<line number="259" hits="1" branch="false"/>
								<line number="260" hits="2" branch="false"/>
								<line number="262" hits="4" branch="false"/>
							</lines>
						</method>
						<method name="insertUserIfNotInTable" signature="(Lnl/sogyo/library/model/entity/User;)Lnl/sogyo/library/services/rest/libraryapi/json/message/RegisterMessage;" line-rate="0.0" branch-rate="0.0" complexity="0">
							<lines>
								<line number="337" hits="0" branch="false"/>
								<line number="338" hits="0" branch="false"/>
								<line number="339" hits="0" branch="false"/>
								<line number="342" hits="0" branch="false"/>
								<line number="343" hits="0" branch="true" condition-coverage="0% (0/2)">
									<conditions>
										<condition number="0" type="jump" coverage="0%"/>
									</conditions>
								</line>
								<line number="344" hits="0" branch="false"/>
								<line number="345" hits="0" branch="false"/>
								<line number="347" hits="0" branch="false"/>
								<line number="348" hits="0" branch="false"/>
								<line number="349" hits="0" branch="false"/>
								<line number="350" hits="0" branch="false"/>
								<line number="352" hits="0" branch="false"/>
								<line number="353" hits="0" branch="false"/>
								<line number="355" hits="0" branch="false"/>
								<line number="356" hits="0" branch="false"/>
							</lines>
						</method>
						<method name="isBookIdInTable" signature="(I)Z" line-rate="1.0" branch-rate="1.0" complexity="0">
							<lines>
								<line number="370" hits="2" branch="true" condition-coverage="100% (2/2)">
									<conditions>
										<condition number="0" type="jump" coverage="100%"/>
									</conditions>
								</line>
								<line number="371" hits="2" branch="false"/>
								<line number="372" hits="2" branch="false"/>
							</lines>
						</method>
						<method name="isUserInTable" signature="(Lnl/sogyo/library/model/entity/User;)Z" line-rate="0.0" branch-rate="1.0" complexity="0">
							<lines>
								<line number="361" hits="0" branch="false"/>
								<line number="362" hits="0" branch="false"/>
								<line number="363" hits="0" branch="false"/>
								<line number="364" hits="0" branch="false"/>
								<line number="365" hits="0" branch="false"/>
							</lines>
						</method>
						<method name="rollbackTransaction" signature="(Lorg/hibernate/HibernateException;)V" line-rate="1.0" branch-rate="0.5" complexity="0">
							<lines>
								<line number="473" hits="5" branch="false"/>
								<line number="474" hits="5" branch="true" condition-coverage="50% (1/2)">
									<conditions>
										<condition number="0" type="jump" coverage="50%"/>
									</conditions>
								</line>
								<line number="475" hits="5" branch="false"/>
								<line number="477" hits="5" branch="false"/>
							</lines>
						</method>
						<method name="selectAllAuthors" signature="()Ljava/util/List;" line-rate="0.7777777777777778" branch-rate="1.0" complexity="0">
							<lines>
								<line number="324" hits="1" branch="false"/>
								<line number="325" hits="1" branch="false"/>
								<line number="326" hits="1" branch="false"/>
								<line number="327" hits="1" branch="false"/>
								<line number="328" hits="0" branch="false"/>
								<line number="329" hits="0" branch="false"/>
								<line number="331" hits="1" branch="false"/>
								<line number="332" hits="1" branch="false"/>
								<line number="333" hits="1" branch="false"/>
							</lines>
						</method>
						<method name="selectBookById" signature="(I)Lnl/sogyo/library/services/rest/libraryapi/json/BookInfo;" line-rate="0.875" branch-rate="1.0" complexity="0">
							<lines>
								<line number="182" hits="3" branch="false"/>
								<line number="185" hits="3" branch="false"/>
								<line number="186" hits="3" branch="false"/>
								<line number="187" hits="3" branch="true" condition-coverage="100% (2/2)">
									<conditions>
										<condition number="0" type="jump" coverage="100%"/>
									</conditions>
								</line>
								<line number="188" hits="1" branch="false"/>
								<line number="190" hits="2" branch="false"/>
								<line number="193" hits="3" branch="false"/>
								<line number="194" hits="3" branch="false"/>
								<line number="195" hits="3" branch="false"/>
								<line number="196" hits="3" branch="false"/>
								<line number="197" hits="0" branch="false"/>
								<line number="198" hits="0" branch="false"/>
								<line number="200" hits="3" branch="false"/>
								<line number="201" hits="3" branch="false"/>
								<line number="203" hits="3" branch="false"/>
								<line number="204" hits="3" branch="false"/>
							</lines>
						</method>
						<method name="selectBooksByAuthorSingleName" signature="(Ljava/lang/String;)Ljava/util/List;" line-rate="0.8181818181818182" branch-rate="1.0" complexity="0">
							<lines>
								<line number="96" hits="2" branch="false"/>
								<line number="97" hits="2" branch="false"/>
								<line number="98" hits="2" branch="false"/>
								<line number="100" hits="2" branch="false"/>
								<line number="101" hits="2" branch="false"/>
								<line number="102" hits="2" branch="false"/>
								<line number="103" hits="0" branch="false"/>
								<line number="104" hits="0" branch="false"/>
								<line number="106" hits="2" branch="false"/>
								<line number="107" hits="2" branch="false"/>
								<line number="109" hits="2" branch="false"/>
							</lines>
						</method>
						<method name="selectBooksByAuthorTotalName" signature="(Ljava/lang/String;Ljava/lang/String;)Ljava/util/List;" line-rate="0.8181818181818182" branch-rate="1.0" complexity="0">
							<lines>
								<line number="136" hits="2" branch="false"/>
								<line number="137" hits="2" branch="false"/>
								<line number="138" hits="2" branch="false"/>
								<line number="140" hits="2" branch="false"/>
								<line number="141" hits="2" branch="false"/>
								<line number="142" hits="2" branch="false"/>
								<line number="143" hits="0" branch="false"/>
								<line number="144" hits="0" branch="false"/>
								<line number="146" hits="2" branch="false"/>
								<line number="147" hits="2" branch="false"/>
								<line number="148" hits="2" branch="false"/>
							</lines>
						</method>
						<method name="selectBooksByIsbn" signature="(Ljava/lang/String;)Ljava/util/List;" line-rate="0.8666666666666667" branch-rate="1.0" complexity="0">
							<lines>
								<line number="114" hits="1" branch="false"/>
								<line number="115" hits="1" branch="false"/>
[...]
							</conditions>
						</line>
						<line number="13" hits="4" branch="false"/>
						<line number="14" hits="4" branch="false"/>
						<line number="17" hits="7" branch="false"/>
						<line number="21" hits="4" branch="false"/>
						<line number="22" hits="4" branch="false"/>
					</lines>
				</class>
				<class name="nl.sogyo.library.services.rest.libraryapi.json.message.AddCopyMessage" filename="nl/sogyo/library/services/rest/libraryapi/json/message/AddCopyMessage.java" line-rate="1.0" branch-rate="1.0" complexity="1.0">
					<methods>
						<method name="&lt;init&gt;" signature="()V" line-rate="1.0" branch-rate="1.0" complexity="0">
							<lines>
								<line number="9" hits="4" branch="false"/>
							</lines>
						</method>
						<method name="&lt;init&gt;" signature="(ZI)V" line-rate="1.0" branch-rate="1.0" complexity="0">
							<lines>
								<line number="12" hits="4" branch="false"/>
								<line number="13" hits="4" branch="false"/>
								<line number="14" hits="4" branch="false"/>
							</lines>
						</method>
						<method name="getCopiesOfBook" signature="()I" line-rate="1.0" branch-rate="1.0" complexity="0">
							<lines>
								<line number="17" hits="10" branch="false"/>
							</lines>
						</method>
						<method name="setCopiesOfBook" signature="(I)V" line-rate="1.0" branch-rate="1.0" complexity="0">
							<lines>
								<line number="21" hits="4" branch="false"/>
								<line number="22" hits="4" branch="false"/>
							</lines>
						</method>
					</methods>
					<lines>
						<line number="9" hits="4" branch="false"/>
						<line number="12" hits="4" branch="false"/>
						<line number="13" hits="4" branch="false"/>
						<line number="14" hits="4" branch="false"/>
						<line number="17" hits="10" branch="false"/>
						<line number="21" hits="4" branch="false"/>
						<line number="22" hits="4" branch="false"/>
					</lines>
				</class>
				<class name="nl.sogyo.library.services.rest.libraryapi.json.message.DeleteBookMessage" filename="nl/sogyo/library/services/rest/libraryapi/json/message/DeleteBookMessage.java" line-rate="1.0" branch-rate="1.0" complexity="1.0">
					<methods>
						<method name="&lt;init&gt;" signature="()V" line-rate="1.0" branch-rate="1.0" complexity="0">
							<lines>
								<line number="8" hits="2" branch="false"/>
							</lines>
						</method>
						<method name="&lt;init&gt;" signature="(Z)V" line-rate="1.0" branch-rate="1.0" complexity="0">
							<lines>
								<line number="11" hits="3" branch="false"/>
								<line number="12" hits="3" branch="false"/>
							</lines>
						</method>
					</methods>
					<lines>
						<line number="8" hits="2" branch="false"/>
						<line number="11" hits="3" branch="false"/>
						<line number="12" hits="3" branch="false"/>
					</lines>
				</class>
				<class name="nl.sogyo.library.services.rest.libraryapi.json.message.DeleteCopyMessage" filename="nl/sogyo/library/services/rest/libraryapi/json/message/DeleteCopyMessage.java" line-rate="1.0" branch-rate="1.0" complexity="1.0">
					<methods>
						<method name="&lt;init&gt;" signature="()V" line-rate="1.0" branch-rate="1.0" complexity="0">
							<lines>
								<line number="9" hits="4" branch="false"/>
							</lines>
						</method>
						<method name="&lt;init&gt;" signature="(ZI)V" line-rate="1.0" branch-rate="1.0" complexity="0">
							<lines>
								<line number="12" hits="4" branch="false"/>
								<line number="13" hits="4" branch="false"/>
								<line number="14" hits="4" branch="false"/>
							</lines>
						</method>
						<method name="getCopiesOfBook" signature="()I" line-rate="1.0" branch-rate="1.0" complexity="0">
							<lines>
								<line number="17" hits="9" branch="false"/>
							</lines>
						</method>
						<method name="setCopiesOfBook" signature="(I)V" line-rate="1.0" branch-rate="1.0" complexity="0">
							<lines>
								<line number="21" hits="4" branch="false"/>
								<line number="22" hits="4" branch="false"/>
							</lines>
						</method>
					</methods>
					<lines>
						<line number="9" hits="4" branch="false"/>
						<line number="12" hits="4" branch="false"/>
						<line number="13" hits="4" branch="false"/>
						<line number="14" hits="4" branch="false"/>
						<line number="17" hits="9" branch="false"/>
						<line number="21" hits="4" branch="false"/>
						<line number="22" hits="4" branch="false"/>
					</lines>
				</class>
				<class name="nl.sogyo.library.services.rest.libraryapi.json.message.EditBookMessage" filename="nl/sogyo/library/services/rest/libraryapi/json/message/EditBookMessage.java" line-rate="1.0" branch-rate="1.0" complexity="1.0">
					<methods>
						<method name="&lt;init&gt;" signature="()V" line-rate="1.0" branch-rate="1.0" complexity="0">
							<lines>
								<line number="8" hits="2" branch="false"/>
							</lines>
						</method>
						<method name="&lt;init&gt;" signature="(Z)V" line-rate="1.0" branch-rate="1.0" complexity="0">
							<lines>
								<line number="11" hits="2" branch="false"/>
								<line number="12" hits="2" branch="false"/>
							</lines>
						</method>
					</methods>
					<lines>
						<line number="8" hits="2" branch="false"/>
						<line number="11" hits="2" branch="false"/>
						<line number="12" hits="2" branch="false"/>
					</lines>
				</class>
				<class name="nl.sogyo.library.services.rest.libraryapi.json.message.Message" filename="nl/sogyo/library/services/rest/libraryapi/json/message/Message.java" line-rate="1.0" branch-rate="1.0" complexity="1.1666666666666667">
					<methods>
						<method name="&lt;init&gt;" signature="()V" line-rate="1.0" branch-rate="1.0" complexity="0">
							<lines>
								<line number="8" hits="16" branch="false"/>
							</lines>
						</method>
						<method name="&lt;init&gt;" signature="(ZLjava/lang/String;Ljava/lang/String;)V" line-rate="1.0" branch-rate="1.0" complexity="0">
							<lines>
								<line number="10" hits="17" branch="false"/>
								<line number="11" hits="17" branch="false"/>
								<line number="13" hits="17" branch="true" condition-coverage="100% (2/2)">
									<conditions>
										<condition number="0" type="jump" coverage="100%"/>
									</conditions>
								</line>
								<line number="14" hits="10" branch="false"/>
								<line number="16" hits="7" branch="false"/>
								<line number="18" hits="17" branch="false"/>
							</lines>
						</method>
						<method name="getCommandSucceeded" signature="()Z" line-rate="1.0" branch-rate="1.0" complexity="0">
							<lines>
								<line number="21" hits="37" branch="false"/>
							</lines>
						</method>
						<method name="getMessage" signature="()Ljava/lang/String;" line-rate="1.0" branch-rate="1.0" complexity="0">
							<lines>
								<line number="29" hits="25" branch="false"/>
							</lines>
						</method>
						<method name="setCommandSucceeded" signature="(Z)V" line-rate="1.0" branch-rate="1.0" complexity="0">
							<lines>
								<line number="25" hits="16" branch="false"/>
								<line number="26" hits="16" branch="false"/>
							</lines>
						</method>
						<method name="setMessage" signature="(Ljava/lang/String;)V" line-rate="1.0" branch-rate="1.0" complexity="0">
							<lines>
								<line number="33" hits="16" branch="false"/>
								<line number="34" hits="16" branch="false"/>
							</lines>
						</method>
					</methods>
					<lines>
						<line number="8" hits="16" branch="false"/>
						<line number="10" hits="17" branch="false"/>
						<line number="11" hits="17" branch="false"/>
						<line number="13" hits="17" branch="true" condition-coverage="100% (2/2)">
							<conditions>
								<condition number="0" type="jump" coverage="100%"/>
							</conditions>
						</line>
						<line number="14" hits="10" branch="false"/>
						<line number="16" hits="7" branch="false"/>
						<line number="18" hits="17" branch="false"/>
						<line number="21" hits="37" branch="false"/>
						<line number="25" hits="16" branch="false"/>
						<line number="26" hits="16" branch="false"/>
						<line number="29" hits="25" branch="false"/>
						<line number="33" hits="16" branch="false"/>
						<line number="34" hits="16" branch="false"/>
					</lines>
				</class>
				<class name="nl.sogyo.library.services.rest.libraryapi.json.message.RegisterMessage" filename="nl/sogyo/library/services/rest/libraryapi/json/message/RegisterMessage.java" line-rate="0.0" branch-rate="1.0" complexity="1.0">
					<methods>
						<method name="&lt;init&gt;" signature="()V" line-rate="0.0" branch-rate="1.0" complexity="0">
							<lines>
								<line number="10" hits="0" branch="false"/>
							</lines>
						</method>
						<method name="&lt;init&gt;" signature="(ZZLjava/lang/String;)V" line-rate="0.0" branch-rate="1.0" complexity="0">
							<lines>
								<line number="13" hits="0" branch="false"/>
								<line number="14" hits="0" branch="false"/>
								<line number="15" hits="0" branch="false"/>
								<line number="16" hits="0" branch="false"/>
							</lines>
						</method>
						<method name="getErrorDescription" signature="()Ljava/lang/String;" line-rate="0.0" branch-rate="1.0" complexity="0">
							<lines>
								<line number="27" hits="0" branch="false"/>
							</lines>
						</method>
						<method name="isUserInTable" signature="()Z" line-rate="0.0" branch-rate="1.0" complexity="0">
							<lines>
								<line number="19" hits="0" branch="false"/>
							</lines>
						</method>
						<method name="setErrorDescription" signature="(Ljava/lang/String;)V" line-rate="0.0" branch-rate="1.0" complexity="0">
							<lines>
								<line number="31" hits="0" branch="false"/>
								<line number="32" hits="0" branch="false"/>
							</lines>
						</method>
						<method name="setUserInTable" signature="(Z)V" line-rate="0.0" branch-rate="1.0" complexity="0">
							<lines>
								<line number="23" hits="0" branch="false"/>
								<line number="24" hits="0" branch="false"/>
							</lines>
						</method>
					</methods>
					<lines>
						<line number="10" hits="0" branch="false"/>
						<line number="13" hits="0" branch="false"/>
						<line number="14" hits="0" branch="false"/>
						<line number="15" hits="0" branch="false"/>
						<line number="16" hits="0" branch="false"/>
						<line number="19" hits="0" branch="false"/>
						<line number="23" hits="0" branch="false"/>
						<line number="24" hits="0" branch="false"/>
						<line number="27" hits="0" branch="false"/>
						<line number="31" hits="0" branch="false"/>
						<line number="32" hits="0" branch="false"/>
					</lines>
				</class>
			</classes>
		</package>
		<package name="nl.sogyo.library.services.rest.libraryapi.resource" line-rate="0.9038461538461539" branch-rate="1.0" complexity="1.0">
			<classes>
				<class name="nl.sogyo.library.services.rest.libraryapi.resource.AuthorsResource" filename="nl/sogyo/library/services/rest/libraryapi/resource/AuthorsResource.java" line-rate="1.0" branch-rate="1.0" complexity="1.0">
					<methods>
						<method name="&lt;init&gt;" signature="()V" line-rate="1.0" branch-rate="1.0" complexity="0">
							<lines>
								<line number="13" hits="1" branch="false"/>
							</lines>
						</method>
						<method name="getAllAuthors" signature="()Ljava/util/List;" line-rate="1.0" branch-rate="1.0" complexity="0">
							<lines>
								<line number="18" hits="1" branch="false"/>
								<line number="19" hits="1" branch="false"/>
								<line number="20" hits="1" branch="false"/>
							</lines>
						</method>
					</methods>
					<lines>
						<line number="13" hits="1" branch="false"/>
						<line number="18" hits="1" branch="false"/>
						<line number="19" hits="1" branch="false"/>
						<line number="20" hits="1" branch="false"/>
					</lines>
				</class>
				<class name="nl.sogyo.library.services.rest.libraryapi.resource.BookResource" filename="nl/sogyo/library/services/rest/libraryapi/resource/BookResource.java" line-rate="1.0" branch-rate="1.0" complexity="1.0">
					<methods>
						<method name="&lt;init&gt;" signature="()V" line-rate="1.0" branch-rate="1.0" complexity="0">
							<lines>
								<line number="24" hits="20" branch="false"/>
							</lines>
						</method>
						<method name="addBook" signature="(Lnl/sogyo/library/services/rest/libraryapi/json/BookFormInput;)Lnl/sogyo/library/services/rest/libraryapi/json/message/AddBookMessage;" line-rate="1.0" branch-rate="1.0" complexity="0">
							<lines>
								<line number="40" hits="4" branch="false"/>
								<line number="41" hits="4" branch="false"/>
								<line number="42" hits="4" branch="false"/>
								<line number="43" hits="4" branch="false"/>
								<line number="44" hits="4" branch="false"/>
								<line number="45" hits="4" branch="false"/>
								<line number="46" hits="4" branch="false"/>
								<line number="47" hits="4" branch="false"/>
								<line number="48" hits="4" branch="false"/>
								<line number="49" hits="4" branch="false"/>
								<line number="50" hits="4" branch="false"/>
								<line number="51" hits="4" branch="false"/>
								<line number="52" hits="4" branch="false"/>
								<line number="53" hits="4" branch="false"/>
								<line number="54" hits="4" branch="false"/>
								<line number="56" hits="4" branch="false"/>
								<line number="57" hits="4" branch="false"/>
								<line number="58" hits="4" branch="false"/>
								<line number="59" hits="4" branch="false"/>
							</lines>
						</method>
						<method name="addCopy" signature="(I)Lnl/sogyo/library/services/rest/libraryapi/json/message/AddCopyMessage;" line-rate="1.0" branch-rate="1.0" complexity="0">
							<lines>
								<line number="86" hits="4" branch="false"/>
								<line number="87" hits="4" branch="false"/>
								<line number="88" hits="4" branch="false"/>
							</lines>
						</method>
						<method name="deleteBook" signature="(I)Lnl/sogyo/library/services/rest/libraryapi/json/message/DeleteBookMessage;" line-rate="1.0" branch-rate="1.0" complexity="0">
							<lines>
								<line number="76" hits="3" branch="false"/>
								<line number="77" hits="3" branch="false"/>
								<line number="78" hits="3" branch="false"/>
							</lines>
						</method>
						<method name="deleteCopy" signature="(I)Lnl/sogyo/library/services/rest/libraryapi/json/message/DeleteCopyMessage;" line-rate="1.0" branch-rate="1.0" complexity="0">
							<lines>
								<line number="96" hits="4" branch="false"/>
								<line number="97" hits="4" branch="false"/>
								<line number="98" hits="8" branch="false"/>
								<line number="99" hits="4" branch="false"/>
								<line number="100" hits="4" branch="false"/>
								<line number="101" hits="4" branch="false"/>
							</lines>
						</method>
						<method name="editBook" signature="(ILnl/sogyo/library/services/rest/libraryapi/json/BookFormInput;)Lnl/sogyo/library/services/rest/libraryapi/json/message/EditBookMessage;" line-rate="1.0" branch-rate="1.0" complexity="0">
							<lines>
								<line number="67" hits="2" branch="false"/>
								<line number="68" hits="2" branch="false"/>
								<line number="69" hits="2" branch="false"/>
							</lines>
						</method>
						<method name="getBookInfo" signature="(I)Lnl/sogyo/library/services/rest/libraryapi/json/BookInfo;" line-rate="1.0" branch-rate="1.0" complexity="0">
							<lines>
								<line number="30" hits="3" branch="false"/>
								<line number="31" hits="3" branch="false"/>
								<line number="32" hits="3" branch="false"/>
								<line number="33" hits="3" branch="false"/>
							</lines>
						</method>
					</methods>
					<lines>
						<line number="24" hits="20" branch="false"/>
						<line number="30" hits="3" branch="false"/>
						<line number="31" hits="3" branch="false"/>
						<line number="32" hits="3" branch="false"/>
						<line number="33" hits="3" branch="false"/>
						<line number="40" hits="4" branch="false"/>
						<line number="41" hits="4" branch="false"/>
						<line number="42" hits="4" branch="false"/>
						<line number="43" hits="4" branch="false"/>
						<line number="44" hits="4" branch="false"/>
						<line number="45" hits="4" branch="false"/>
						<line number="46" hits="4" branch="false"/>
						<line number="47" hits="4" branch="false"/>
						<line number="48" hits="4" branch="false"/>
						<line number="49" hits="4" branch="false"/>
						<line number="50" hits="4" branch="false"/>
						<line number="51" hits="4" branch="false"/>
						<line number="52" hits="4" branch="false"/>
						<line number="53" hits="4" branch="false"/>
						<line number="54" hits="4" branch="false"/>
						<line number="56" hits="4" branch="false"/>
						<line number="57" hits="4" branch="false"/>
						<line number="58" hits="4" branch="false"/>
						<line number="59" hits="4" branch="false"/>
						<line number="67" hits="2" branch="false"/>
						<line number="68" hits="2" branch="false"/>
						<line number="69" hits="2" branch="false"/>
						<line number="76" hits="3" branch="false"/>
						<line number="77" hits="3" branch="false"/>
						<line number="78" hits="3" branch="false"/>
						<line number="86" hits="4" branch="false"/>
						<line number="87" hits="4" branch="false"/>
						<line number="88" hits="4" branch="false"/>
						<line number="96" hits="4" branch="false"/>
						<line number="97" hits="4" branch="false"/>
						<line number="98" hits="8" branch="false"/>
						<line number="99" hits="4" branch="false"/>
						<line number="100" hits="4" branch="false"/>
						<line number="101" hits="4" branch="false"/>
					</lines>
				</class>
				<class name="nl.sogyo.library.services.rest.libraryapi.resource.BooksResource" filename="nl/sogyo/library/services/rest/libraryapi/resource/BooksResource.java" line-rate="1.0" branch-rate="1.0" complexity="1.0">
					<methods>
						<method name="&lt;init&gt;" signature="()V" line-rate="1.0" branch-rate="1.0" complexity="0">
							<lines>
								<line number="14" hits="11" branch="false"/>
							</lines>
						</method>
						<method name="getBooks" signature="(Ljava/lang/String;Ljava/lang/String;Ljava/lang/String;)Ljava/util/List;" line-rate="1.0" branch-rate="1.0" complexity="0">
							<lines>
								<line number="19" hits="11" branch="false"/>
								<line number="20" hits="11" branch="false"/>
								<line number="21" hits="11" branch="false"/>
							</lines>
						</method>
					</methods>
					<lines>
						<line number="14" hits="11" branch="false"/>
						<line number="19" hits="11" branch="false"/>
						<line number="20" hits="11" branch="false"/>
						<line number="21" hits="11" branch="false"/>
					</lines>
				</class>
				<class name="nl.sogyo.library.services.rest.libraryapi.resource.RegisterResource" filename="nl/sogyo/library/services/rest/libraryapi/resource/RegisterResource.java" line-rate="0.0" branch-rate="1.0" complexity="1.0">
					<methods>
						<method name="&lt;init&gt;" signature="()V" line-rate="0.0" branch-rate="1.0" complexity="0">
							<lines>
								<line number="14" hits="0" branch="false"/>
							</lines>
						</method>
						<method name="registerUser" signature="(Lnl/sogyo/library/services/rest/libraryapi/json/IdToken;)Lnl/sogyo/library/services/rest/libraryapi/json/message/RegisterMessage;" line-rate="0.0" branch-rate="1.0" complexity="0">
							<lines>
								<line number="20" hits="0" branch="false"/>
								<line number="21" hits="0" branch="false"/>
								<line number="22" hits="0" branch="false"/>
								<line number="23" hits="0" branch="false"/>
							</lines>
						</method>
					</methods>
					<lines>
						<line number="14" hits="0" branch="false"/>
						<line number="20" hits="0" branch="false"/>
						<line number="21" hits="0" branch="false"/>
						<line number="22" hits="0" branch="false"/>
						<line number="23" hits="0" branch="false"/>
					</lines>
				</class>
			</classes>
		</package>
	</packages>
</coverage>
