<?xml version="1.0" encoding="UTF-8" ?>
<testsuite tests="11" failures="0" name="nl.sogyo.library.services.BookCommandRestTest" time="4.78" errors="0" skipped="0">
  <properties>
[...]
</properties>
  <testcase classname="nl.sogyo.library.services.BookCommandRestTest" name="test01PostValidBook" time="0.456"/>
  <testcase classname="nl.sogyo.library.services.BookCommandRestTest" name="test02UpdateCreatedBook" time="0.473"/>
  <testcase classname="nl.sogyo.library.services.BookCommandRestTest" name="test03CopiesAvailableOfCreatedBookIsZero" time="0.436"/>
  <testcase classname="nl.sogyo.library.services.BookCommandRestTest" name="test04CopiesAvailableOfCreatedBookIsOneIfOneCopyIsAdded" time="0.372"/>
  <testcase classname="nl.sogyo.library.services.BookCommandRestTest" name="test05CopiesAvailableOfCreatedBookIsTwoIfAnotherCopyIsAdded" time="0.407"/>
  <testcase classname="nl.sogyo.library.services.BookCommandRestTest" name="test06CopiesAvailableOfCreatedBookIsOneIfOneCopyIsDeleted" time="0.363"/>
  <testcase classname="nl.sogyo.library.services.BookCommandRestTest" name="test07DeleteCreatedBook" time="0.814"/>
  <testcase classname="nl.sogyo.library.services.BookCommandRestTest" name="test08PostBookWithInvalidIsbn" time="0.352"/>
  <testcase classname="nl.sogyo.library.services.BookCommandRestTest" name="test09PostBookWithoutAuthorSurname" time="0.367"/>
  <testcase classname="nl.sogyo.library.services.BookCommandRestTest" name="test10UpdateNotExistingBook" time="0.367"/>
  <testcase classname="nl.sogyo.library.services.BookCommandRestTest" name="test11DeleteNotExistingBook" time="0.373"/>
</testsuite>