<?xml version="1.0" encoding="UTF-8" ?>
<testsuite tests="16" failures="2" name="nl.sogyo.library.services.AuthorizationRestTest" time="13.716" errors="0" skipped="0">
  <properties>
[...]
</properties>
  <testcase classname="nl.sogyo.library.services.AuthorizationRestTest" name="addingBookWithFakeIdTokenGivesCommandSucceededIsFalse" time="1.426"/>
  <testcase classname="nl.sogyo.library.services.AuthorizationRestTest" name="addingBookWithIdTokenWithUserType2GivesCommandSucceededIsTrue" time="3.322"/>
  <testcase classname="nl.sogyo.library.services.AuthorizationRestTest" name="getRequestForBookInfoWithIdTokenWithUserType2GivesBookInfo" time="0.523"/>
  <testcase classname="nl.sogyo.library.services.AuthorizationRestTest" name="addingBookWithIdTokenWithUserType2GivesCommandSucceededIsTrueDeletingWithIdToken1GivesCommandSucceededIsFalseDeletingBookWithIdTokenWithUserType2GivesCommandSucceededIsTrue" time="1.165"/>
  <testcase classname="nl.sogyo.library.services.AuthorizationRestTest" name="getRequestForBookInfoWithIdTokenWithUserType1GivesBookInfo" time="0.522"/>
  <testcase classname="nl.sogyo.library.services.AuthorizationRestTest" name="addingBookWithIdTokenWithUserType2GivesCommandSucceededIsTrueDeletingBookWithIdTokenWithUserType2GivesCommandSucceededIsTrue" time="0.906"/>
  <testcase classname="nl.sogyo.library.services.AuthorizationRestTest" name="getRequestForBookInfoWithNoIdTokenGivesNoBookInfo" time="0.081">
    <failure message="expected:&lt;{&quot;copiesAvailable&quot;:0[]}&gt; but was:&lt;{&quot;copiesAvailable&quot;:0[,&quot;copiesBorrowed&quot;:0]}&gt;" type="org.junit.ComparisonFailure">org.junit.ComparisonFailure: expected:&lt;{&quot;copiesAvailable&quot;:0[]}&gt; but was:&lt;{&quot;copiesAvailable&quot;:0[,&quot;copiesBorrowed&quot;:0]}&gt;
	at org.junit.Assert.assertEquals(Assert.java:115)
	at org.junit.Assert.assertEquals(Assert.java:144)
	at nl.sogyo.library.services.AuthorizationRestTest.getRequestForBookInfoWithNoIdTokenGivesNoBookInfo(AuthorizationRestTest.java:52)
	at sun.reflect.NativeMethodAccessorImpl.invoke0(Native Method)
	at sun.reflect.NativeMethodAccessorImpl.invoke(NativeMethodAccessorImpl.java:62)
	at sun.reflect.DelegatingMethodAccessorImpl.invoke(DelegatingMethodAccessorImpl.java:43)
	at java.lang.reflect.Method.invoke(Method.java:498)
	at org.junit.runners.model.FrameworkMethod$1.runReflectiveCall(FrameworkMethod.java:50)
	at org.junit.internal.runners.model.ReflectiveCallable.run(ReflectiveCallable.java:12)
	at org.junit.runners.model.FrameworkMethod.invokeExplosively(FrameworkMethod.java:47)
	at org.junit.internal.runners.statements.InvokeMethod.evaluate(InvokeMethod.java:17)
	at org.junit.internal.runners.statements.RunBefores.evaluate(RunBefores.java:26)
	at org.junit.internal.runners.statements.RunAfters.evaluate(RunAfters.java:27)
	at org.junit.runners.ParentRunner.runLeaf(ParentRunner.java:325)
	at org.junit.runners.BlockJUnit4ClassRunner.runChild(BlockJUnit4ClassRunner.java:78)
	at org.junit.runners.BlockJUnit4ClassRunner.runChild(BlockJUnit4ClassRunner.java:57)
	at org.junit.runners.ParentRunner$3.run(ParentRunner.java:290)
	at org.junit.runners.ParentRunner$1.schedule(ParentRunner.java:71)
	at org.junit.runners.ParentRunner.runChildren(ParentRunner.java:288)
	at org.junit.runners.ParentRunner.access$000(ParentRunner.java:58)
	at org.junit.runners.ParentRunner$2.evaluate(ParentRunner.java:268)
	at org.junit.runners.ParentRunner.run(ParentRunner.java:363)
	at org.apache.maven.surefire.junit4.JUnit4Provider.execute(JUnit4Provider.java:252)
	at org.apache.maven.surefire.junit4.JUnit4Provider.executeTestSet(JUnit4Provider.java:141)
	at org.apache.maven.surefire.junit4.JUnit4Provider.invoke(JUnit4Provider.java:112)
	at sun.reflect.NativeMethodAccessorImpl.invoke0(Native Method)
	at sun.reflect.NativeMethodAccessorImpl.invoke(NativeMethodAccessorImpl.java:62)
	at sun.reflect.DelegatingMethodAccessorImpl.invoke(DelegatingMethodAccessorImpl.java:43)
	at java.lang.reflect.Method.invoke(Method.java:498)
	at org.apache.maven.surefire.util.ReflectionUtils.invokeMethodWithArray(ReflectionUtils.java:189)
	at org.apache.maven.surefire.booter.ProviderFactory$ProviderProxy.invoke(ProviderFactory.java:165)
	at org.apache.maven.surefire.booter.ProviderFactory.invokeProvider(ProviderFactory.java:85)
	at org.apache.maven.surefire.booter.ForkedBooter.runSuitesInProcess(ForkedBooter.java:115)
	at org.apache.maven.surefire.booter.ForkedBooter.main(ForkedBooter.java:75)
</failure>
    <system-err>Nov 15, 2017 8:58:35 AM org.glassfish.jersey.test.simple.SimpleTestContainerFactory$SimpleTestContainer &lt;init&gt;
INFO: Creating SimpleTestContainer configured at the base URI http://localhost:9998/
</system-err>
  </testcase>
  <testcase classname="nl.sogyo.library.services.AuthorizationRestTest" name="addingBookWithIdTokenWithUserType2GivesCommandSucceededIsTrueDeletingWithNoIdTokenGivesCommandSucceededIsFalseDeletingBookWithIdTokenWithUserType2GivesCommandSucceededIsTrue" time="0.913"/>
  <testcase classname="nl.sogyo.library.services.AuthorizationRestTest" name="addingBookWithIdTokenWithUserType2GivesCommandSucceededIsTrueEditingWithIdToken1GivesCommandSucceededIsFalseDeletingBookWithIdTokenWithUserType2GivesCommandSucceededIsTrue" time="1.058"/>
  <testcase classname="nl.sogyo.library.services.AuthorizationRestTest" name="addingBookWithIdTokenWithUserType2GivesCommandSucceededIsTrueEditingWithFakeIdTokenGivesCommandSucceededIsFalseDeletingBookWithIdTokenWithUserType2GivesCommandSucceededIsTrue" time="0.797"/>
  <testcase classname="nl.sogyo.library.services.AuthorizationRestTest" name="addingBookWithIdTokenWithUserType1GivesCommandSucceededIsFalse" time="0.341"/>
  <testcase classname="nl.sogyo.library.services.AuthorizationRestTest" name="addingBookWithIdTokenWithUserType2GivesCommandSucceededIsTrueEditingWithIdToken2GivesCommandSucceededIsTrueDeletingBookWithIdTokenWithUserType2GivesCommandSucceededIsTrue" time="0.994"/>
  <testcase classname="nl.sogyo.library.services.AuthorizationRestTest" name="getRequestForBookInfoWithFakeIdTokenGivesNoBookInfo" time="0.054">
    <failure message="expected:&lt;{&quot;copiesAvailable&quot;:0[]}&gt; but was:&lt;{&quot;copiesAvailable&quot;:0[,&quot;copiesBorrowed&quot;:0]}&gt;" type="org.junit.ComparisonFailure">org.junit.ComparisonFailure: expected:&lt;{&quot;copiesAvailable&quot;:0[]}&gt; but was:&lt;{&quot;copiesAvailable&quot;:0[,&quot;copiesBorrowed&quot;:0]}&gt;
	at org.junit.Assert.assertEquals(Assert.java:115)
	at org.junit.Assert.assertEquals(Assert.java:144)
	at nl.sogyo.library.services.AuthorizationRestTest.getRequestForBookInfoWithFakeIdTokenGivesNoBookInfo(AuthorizationRestTest.java:58)
	at sun.reflect.NativeMethodAccessorImpl.invoke0(Native Method)
	at sun.reflect.NativeMethodAccessorImpl.invoke(NativeMethodAccessorImpl.java:62)
	at sun.reflect.DelegatingMethodAccessorImpl.invoke(DelegatingMethodAccessorImpl.java:43)
	at java.lang.reflect.Method.invoke(Method.java:498)
	at org.junit.runners.model.FrameworkMethod$1.runReflectiveCall(FrameworkMethod.java:50)
	at org.junit.internal.runners.model.ReflectiveCallable.run(ReflectiveCallable.java:12)
	at org.junit.runners.model.FrameworkMethod.invokeExplosively(FrameworkMethod.java:47)
	at org.junit.internal.runners.statements.InvokeMethod.evaluate(InvokeMethod.java:17)
	at org.junit.internal.runners.statements.RunBefores.evaluate(RunBefores.java:26)
	at org.junit.internal.runners.statements.RunAfters.evaluate(RunAfters.java:27)
	at org.junit.runners.ParentRunner.runLeaf(ParentRunner.java:325)
	at org.junit.runners.BlockJUnit4ClassRunner.runChild(BlockJUnit4ClassRunner.java:78)
	at org.junit.runners.BlockJUnit4ClassRunner.runChild(BlockJUnit4ClassRunner.java:57)
	at org.junit.runners.ParentRunner$3.run(ParentRunner.java:290)
	at org.junit.runners.ParentRunner$1.schedule(ParentRunner.java:71)
	at org.junit.runners.ParentRunner.runChildren(ParentRunner.java:288)
	at org.junit.runners.ParentRunner.access$000(ParentRunner.java:58)
	at org.junit.runners.ParentRunner$2.evaluate(ParentRunner.java:268)
	at org.junit.runners.ParentRunner.run(ParentRunner.java:363)
	at org.apache.maven.surefire.junit4.JUnit4Provider.execute(JUnit4Provider.java:252)
	at org.apache.maven.surefire.junit4.JUnit4Provider.executeTestSet(JUnit4Provider.java:141)
	at org.apache.maven.surefire.junit4.JUnit4Provider.invoke(JUnit4Provider.java:112)
	at sun.reflect.NativeMethodAccessorImpl.invoke0(Native Method)
	at sun.reflect.NativeMethodAccessorImpl.invoke(NativeMethodAccessorImpl.java:62)
	at sun.reflect.DelegatingMethodAccessorImpl.invoke(DelegatingMethodAccessorImpl.java:43)
	at java.lang.reflect.Method.invoke(Method.java:498)
	at org.apache.maven.surefire.util.ReflectionUtils.invokeMethodWithArray(ReflectionUtils.java:189)
	at org.apache.maven.surefire.booter.ProviderFactory$ProviderProxy.invoke(ProviderFactory.java:165)
	at org.apache.maven.surefire.booter.ProviderFactory.invokeProvider(ProviderFactory.java:85)
	at org.apache.maven.surefire.booter.ForkedBooter.runSuitesInProcess(ForkedBooter.java:115)
	at org.apache.maven.surefire.booter.ForkedBooter.main(ForkedBooter.java:75)
</failure>
    <system-out>test
</system-out>
    <system-err>Nov 15, 2017 8:58:39 AM org.glassfish.jersey.test.simple.SimpleTestContainerFactory$SimpleTestContainer &lt;init&gt;
INFO: Creating SimpleTestContainer configured at the base URI http://localhost:9998/
</system-err>
  </testcase>
  <testcase classname="nl.sogyo.library.services.AuthorizationRestTest" name="addingBookWithIdTokenWithUserType2GivesCommandSucceededIsTrueEditingWithNoIdTokenGivesCommandSucceededIsFalseDeletingBookWithIdTokenWithUserType2GivesCommandSucceededIsTrue" time="0.729"/>
  <testcase classname="nl.sogyo.library.services.AuthorizationRestTest" name="addingBookWithIdTokenWithUserType2GivesCommandSucceededIsTrueDeletingWithFakeIdTokenGivesCommandSucceededIsFalseDeletingBookWithIdTokenWithUserType2GivesCommandSucceededIsTrue" time="0.816"/>
  <testcase classname="nl.sogyo.library.services.AuthorizationRestTest" name="addingBookWithNoIdTokenGivesCommandSucceededIsFalse" time="0.069"/>
</testsuite>