<?xml version="1.0" encoding="UTF-8" ?>
<testsuite tests="16" failures="0" name="nl.sogyo.library.services.AuthorizationRestTest" time="9.938" errors="0" skipped="0">
  <properties>
[...]
</properties>
  <testcase classname="nl.sogyo.library.services.AuthorizationRestTest" name="addingBookWithFakeIdTokenGivesCommandSucceededIsFalse" time="1.161"/>
  <testcase classname="nl.sogyo.library.services.AuthorizationRestTest" name="addingBookWithIdTokenWithUserType2GivesCommandSucceededIsTrue" time="2.49"/>
  <testcase classname="nl.sogyo.library.services.AuthorizationRestTest" name="getRequestForBookInfoWithIdTokenWithUserType2GivesBookInfo" time="0.338"/>
  <testcase classname="nl.sogyo.library.services.AuthorizationRestTest" name="addingBookWithIdTokenWithUserType2GivesCommandSucceededIsTrueDeletingWithIdToken1GivesCommandSucceededIsFalseDeletingBookWithIdTokenWithUserType2GivesCommandSucceededIsTrue" time="0.725"/>
  <testcase classname="nl.sogyo.library.services.AuthorizationRestTest" name="getRequestForBookInfoWithIdTokenWithUserType1GivesBookInfo" time="0.243"/>
  <testcase classname="nl.sogyo.library.services.AuthorizationRestTest" name="addingBookWithIdTokenWithUserType2GivesCommandSucceededIsTrueDeletingBookWithIdTokenWithUserType2GivesCommandSucceededIsTrue" time="0.477"/>
  <testcase classname="nl.sogyo.library.services.AuthorizationRestTest" name="getRequestForBookInfoWithNoIdTokenGivesNoBookInfo" time="0.109"/>
  <testcase classname="nl.sogyo.library.services.AuthorizationRestTest" name="addingBookWithIdTokenWithUserType2GivesCommandSucceededIsTrueDeletingWithNoIdTokenGivesCommandSucceededIsFalseDeletingBookWithIdTokenWithUserType2GivesCommandSucceededIsTrue" time="0.384"/>
  <testcase classname="nl.sogyo.library.services.AuthorizationRestTest" name="addingBookWithIdTokenWithUserType2GivesCommandSucceededIsTrueEditingWithIdToken1GivesCommandSucceededIsFalseDeletingBookWithIdTokenWithUserType2GivesCommandSucceededIsTrue" time="0.459"/>
  <testcase classname="nl.sogyo.library.services.AuthorizationRestTest" name="addingBookWithIdTokenWithUserType2GivesCommandSucceededIsTrueEditingWithFakeIdTokenGivesCommandSucceededIsFalseDeletingBookWithIdTokenWithUserType2GivesCommandSucceededIsTrue" time="0.398"/>
  <testcase classname="nl.sogyo.library.services.AuthorizationRestTest" name="addingBookWithIdTokenWithUserType1GivesCommandSucceededIsFalse" time="0.468"/>
  <testcase classname="nl.sogyo.library.services.AuthorizationRestTest" name="addingBookWithIdTokenWithUserType2GivesCommandSucceededIsTrueEditingWithIdToken2GivesCommandSucceededIsTrueDeletingBookWithIdTokenWithUserType2GivesCommandSucceededIsTrue" time="1.04"/>
  <testcase classname="nl.sogyo.library.services.AuthorizationRestTest" name="getRequestForBookInfoWithFakeIdTokenGivesNoBookInfo" time="0.064"/>
  <testcase classname="nl.sogyo.library.services.AuthorizationRestTest" name="addingBookWithIdTokenWithUserType2GivesCommandSucceededIsTrueEditingWithNoIdTokenGivesCommandSucceededIsFalseDeletingBookWithIdTokenWithUserType2GivesCommandSucceededIsTrue" time="0.716"/>
  <testcase classname="nl.sogyo.library.services.AuthorizationRestTest" name="addingBookWithIdTokenWithUserType2GivesCommandSucceededIsTrueDeletingWithFakeIdTokenGivesCommandSucceededIsFalseDeletingBookWithIdTokenWithUserType2GivesCommandSucceededIsTrue" time="0.787"/>
  <testcase classname="nl.sogyo.library.services.AuthorizationRestTest" name="addingBookWithNoIdTokenGivesCommandSucceededIsFalse" time="0.079"/>
</testsuite>