<?xml version="1.0" encoding="UTF-8" ?>
<testsuite tests="16" failures="2" name="nl.sogyo.library.services.AuthorizationRestTest" time="13.716" errors="0" skipped="0">
  <properties>
    <property name="java.runtime.name" value="Java(TM) SE Runtime Environment"/>
    <property name="sun.boot.library.path" value="C:\Program Files\Java\jdk1.8.0_121\jre\bin"/>
    <property name="java.vm.version" value="25.121-b13"/>
    <property name="java.vm.vendor" value="Oracle Corporation"/>
    <property name="maven.multiModuleProjectDirectory" value="C:\Users\rblom\Documents\apache-tomcat\webapps\SogyoLibrary"/>
    <property name="java.vendor.url" value="http://java.oracle.com/"/>
    <property name="path.separator" value=";"/>
    <property name="guice.disable.misplaced.annotation.check" value="true"/>
    <property name="java.vm.name" value="Java HotSpot(TM) 64-Bit Server VM"/>
    <property name="file.encoding.pkg" value="sun.io"/>
    <property name="user.script" value=""/>
    <property name="user.country" value="US"/>
    <property name="sun.java.launcher" value="SUN_STANDARD"/>
    <property name="sun.os.patch.level" value=""/>
    <property name="java.vm.specification.name" value="Java Virtual Machine Specification"/>
    <property name="user.dir" value="C:\Users\rblom\Documents\apache-tomcat\webapps\SogyoLibrary"/>
    <property name="java.runtime.version" value="1.8.0_121-b13"/>
    <property name="java.awt.graphicsenv" value="sun.awt.Win32GraphicsEnvironment"/>
    <property name="java.endorsed.dirs" value="C:\Program Files\Java\jdk1.8.0_121\jre\lib\endorsed"/>
    <property name="os.arch" value="amd64"/>
    <property name="java.io.tmpdir" value="C:\Users\rblom\AppData\Local\Temp\"/>
    <property name="line.separator" value="
"/>
    <property name="java.vm.specification.vendor" value="Oracle Corporation"/>
    <property name="user.variant" value=""/>
    <property name="os.name" value="Windows 10"/>
    <property name="classworlds.conf" value="C:\Users\rblom\Documents\apache-tomcat\webapps\.metadata\.plugins\org.eclipse.m2e.launching\launches\m2conf5445195156790249034.tmp"/>
    <property name="sun.jnu.encoding" value="Cp1252"/>
    <property name="java.library.path" value="C:\Program Files\Java\jdk1.8.0_121\bin;C:\WINDOWS\Sun\Java\bin;C:\WINDOWS\system32;C:\WINDOWS;C:/Program Files/Java/jdk1.8.0_121/bin/../jre/bin/server;C:/Program Files/Java/jdk1.8.0_121/bin/../jre/bin;C:/Program Files/Java/jdk1.8.0_121/bin/../jre/lib/amd64;C:\WINDOWS\system32;C:\WINDOWS;C:\WINDOWS\System32\Wbem;C:\WINDOWS\System32\WindowsPowerShell\v1.0\;C:\Program Files\Microsoft SQL Server\130\Tools\Binn\;C:\Program Files\Git\cmd;C:\Program Files\Java\jdk1.8.0_121\bin;C:\Program Files\nodejs\;C:\Program Files (x86)\Microsoft SQL Server\110\Tools\Binn\;C:\Program Files (x86)\Microsoft SQL Server\110\DTS\Binn\;C:\Program Files (x86)\Microsoft SQL Server\Client SDK\ODBC\130\Tools\Binn\;C:\Program Files (x86)\Microsoft SQL Server\140\Tools\Binn\;C:\Program Files (x86)\Microsoft SQL Server\140\DTS\Binn\;C:\Program Files (x86)\Microsoft SQL Server\140\Tools\Binn\ManagementStudio\;C:\ProgramData\chocolatey\bin;C:\Program Files\Java\jdk1.8.0_131\bin;C:\Android\android-sdk\tools;C:\Android\android-sdk\platform-tools;C:\Users\rblom\AppData\Local\Microsoft\WindowsApps;C:\Users\rblom\AppData\Local\atom\bin;C:\Users\rblom\AppData\Roaming\npm;C:\Users\rblom\AppData\Local\Microsoft\WindowsApps;C:\Users\rblom\AppData\Local\Programs\Python\Python36-32;C:\Users\rblom\Documents\apache-maven-3.5.0-bin\apache-maven-3.5.0\bin;;C:\WINDOWS\System32;;."/>
    <property name="java.specification.name" value="Java Platform API Specification"/>
    <property name="java.class.version" value="52.0"/>
    <property name="sun.management.compiler" value="HotSpot 64-Bit Tiered Compilers"/>
    <property name="os.version" value="10.0"/>
    <property name="user.home" value="C:\Users\rblom"/>
    <property name="user.timezone" value="Europe/Berlin"/>
    <property name="java.awt.printerjob" value="sun.awt.windows.WPrinterJob"/>
    <property name="java.specification.version" value="1.8"/>
    <property name="file.encoding" value="Cp1252"/>
    <property name="user.name" value="rblom"/>
    <property name="java.class.path" value="/C:/Users/rblom/eclipse/jee-neon/eclipse/../../../.p2/pool/plugins/org.eclipse.m2e.maven.runtime_1.7.0.20160603-1931/jars/plexus-classworlds-2.5.2.jar"/>
    <property name="java.vm.specification.version" value="1.8"/>
    <property name="sun.arch.data.model" value="64"/>
    <property name="java.home" value="C:\Program Files\Java\jdk1.8.0_121\jre"/>
    <property name="sun.java.command" value="org.codehaus.plexus.classworlds.launcher.Launcher -B clean package"/>
    <property name="java.specification.vendor" value="Oracle Corporation"/>
    <property name="user.language" value="en"/>
    <property name="awt.toolkit" value="sun.awt.windows.WToolkit"/>
    <property name="java.vm.info" value="mixed mode"/>
    <property name="java.version" value="1.8.0_121"/>
    <property name="java.ext.dirs" value="C:\Program Files\Java\jdk1.8.0_121\jre\lib\ext;C:\WINDOWS\Sun\Java\lib\ext"/>
    <property name="sun.boot.class.path" value="C:\Program Files\Java\jdk1.8.0_121\jre\lib\resources.jar;C:\Program Files\Java\jdk1.8.0_121\jre\lib\rt.jar;C:\Program Files\Java\jdk1.8.0_121\jre\lib\sunrsasign.jar;C:\Program Files\Java\jdk1.8.0_121\jre\lib\jsse.jar;C:\Program Files\Java\jdk1.8.0_121\jre\lib\jce.jar;C:\Program Files\Java\jdk1.8.0_121\jre\lib\charsets.jar;C:\Program Files\Java\jdk1.8.0_121\jre\lib\jfr.jar;C:\Program Files\Java\jdk1.8.0_121\jre\classes"/>
    <property name="java.vendor" value="Oracle Corporation"/>
    <property name="maven.home" value="C:\Users\rblom\Documents\apache-tomcat\webapps\SogyoLibrary\EMBEDDED"/>
    <property name="file.separator" value="\"/>
    <property name="java.vendor.url.bug" value="http://bugreport.sun.com/bugreport/"/>
    <property name="sun.cpu.endian" value="little"/>
    <property name="sun.io.unicode.encoding" value="UnicodeLittle"/>
    <property name="sun.desktop" value="windows"/>
    <property name="sun.cpu.isalist" value="amd64"/>
  </properties>
  <testcase classname="nl.sogyo.library.services.AuthorizationRestTest" name="addingBookWithFakeIdTokenGivesCommandSucceededIsFalse" time="1.426"/>
  <testcase classname="nl.sogyo.library.services.AuthorizationRestTest" name="addingBookWithIdTokenWithUserType2GivesCommandSucceededIsTrue" time="3.322"/>
  <testcase classname="nl.sogyo.library.services.AuthorizationRestTest" name="getRequestForBookInfoWithIdTokenWithUserType2GivesBookInfo" time="0.523"/>
  <testcase classname="nl.sogyo.library.services.AuthorizationRestTest" name="addingBookWithIdTokenWithUserType2GivesCommandSucceededIsTrueDeletingWithIdToken1GivesCommandSucceededIsFalseDeletingBookWithIdTokenWithUserType2GivesCommandSucceededIsTrue" time="1.165"/>
  <testcase classname="nl.sogyo.library.services.AuthorizationRestTest" name="getRequestForBookInfoWithIdTokenWithUserType1GivesBookInfo" time="0.522"/>
  <testcase classname="nl.sogyo.library.services.AuthorizationRestTest" name="addingBookWithIdTokenWithUserType2GivesCommandSucceededIsTrueDeletingBookWithIdTokenWithUserType2GivesCommandSucceededIsTrue" time="0.906"/>
  <testcase classname="nl.sogyo.library.services.AuthorizationRestTest" name="getRequestForBookInfoWithNoIdTokenGivesNoBookInfo" time="0.081">
    <failure message="expected:&lt;{&quot;copiesAvailable&quot;:0[]}&gt; but was:&lt;{&quot;copiesAvailable&quot;:0[,&quot;copiesBorrowed&quot;:0]}&gt;" type="org.junit.ComparisonFailure">org.junit.ComparisonFailure: expected:&lt;{&quot;copiesAvailable&quot;:0[]}&gt; but was:&lt;{&quot;copiesAvailable&quot;:0[,&quot;copiesBorrowed&quot;:0]}&gt;
	at org.junit.Assert.assertEquals(Assert.java:115)
	at org.junit.Assert.assertEquals(Assert.java:144)
	at nl.sogyo.library.services.AuthorizationRestTest.getRequestForBookInfoWithNoIdTokenGivesNoBookInfo(AuthorizationRestTest.java:52)
	at sun.reflect.NativeMethodAccessorImpl.invoke0(Native Method)
	at sun.reflect.NativeMethodAccessorImpl.invoke(NativeMethodAccessorImpl.java:62)
	at sun.reflect.DelegatingMethodAccessorImpl.invoke(DelegatingMethodAccessorImpl.java:43)
	at java.lang.reflect.Method.invoke(Method.java:498)
	at org.junit.runners.model.FrameworkMethod$1.runReflectiveCall(FrameworkMethod.java:50)
	at org.junit.internal.runners.model.ReflectiveCallable.run(ReflectiveCallable.java:12)
	at org.junit.runners.model.FrameworkMethod.invokeExplosively(FrameworkMethod.java:47)
	at org.junit.internal.runners.statements.InvokeMethod.evaluate(InvokeMethod.java:17)
	at org.junit.internal.runners.statements.RunBefores.evaluate(RunBefores.java:26)
	at org.junit.internal.runners.statements.RunAfters.evaluate(RunAfters.java:27)
	at org.junit.runners.ParentRunner.runLeaf(ParentRunner.java:325)
	at org.junit.runners.BlockJUnit4ClassRunner.runChild(BlockJUnit4ClassRunner.java:78)
	at org.junit.runners.BlockJUnit4ClassRunner.runChild(BlockJUnit4ClassRunner.java:57)
	at org.junit.runners.ParentRunner$3.run(ParentRunner.java:290)
	at org.junit.runners.ParentRunner$1.schedule(ParentRunner.java:71)
	at org.junit.runners.ParentRunner.runChildren(ParentRunner.java:288)
	at org.junit.runners.ParentRunner.access$000(ParentRunner.java:58)
	at org.junit.runners.ParentRunner$2.evaluate(ParentRunner.java:268)
	at org.junit.runners.ParentRunner.run(ParentRunner.java:363)
	at org.apache.maven.surefire.junit4.JUnit4Provider.execute(JUnit4Provider.java:252)
	at org.apache.maven.surefire.junit4.JUnit4Provider.executeTestSet(JUnit4Provider.java:141)
	at org.apache.maven.surefire.junit4.JUnit4Provider.invoke(JUnit4Provider.java:112)
	at sun.reflect.NativeMethodAccessorImpl.invoke0(Native Method)
	at sun.reflect.NativeMethodAccessorImpl.invoke(NativeMethodAccessorImpl.java:62)
	at sun.reflect.DelegatingMethodAccessorImpl.invoke(DelegatingMethodAccessorImpl.java:43)
	at java.lang.reflect.Method.invoke(Method.java:498)
	at org.apache.maven.surefire.util.ReflectionUtils.invokeMethodWithArray(ReflectionUtils.java:189)
	at org.apache.maven.surefire.booter.ProviderFactory$ProviderProxy.invoke(ProviderFactory.java:165)
	at org.apache.maven.surefire.booter.ProviderFactory.invokeProvider(ProviderFactory.java:85)
	at org.apache.maven.surefire.booter.ForkedBooter.runSuitesInProcess(ForkedBooter.java:115)
	at org.apache.maven.surefire.booter.ForkedBooter.main(ForkedBooter.java:75)
</failure>
    <system-err>Nov 15, 2017 8:58:35 AM org.glassfish.jersey.test.simple.SimpleTestContainerFactory$SimpleTestContainer &lt;init&gt;
INFO: Creating SimpleTestContainer configured at the base URI http://localhost:9998/
</system-err>
  </testcase>
  <testcase classname="nl.sogyo.library.services.AuthorizationRestTest" name="addingBookWithIdTokenWithUserType2GivesCommandSucceededIsTrueDeletingWithNoIdTokenGivesCommandSucceededIsFalseDeletingBookWithIdTokenWithUserType2GivesCommandSucceededIsTrue" time="0.913"/>
  <testcase classname="nl.sogyo.library.services.AuthorizationRestTest" name="addingBookWithIdTokenWithUserType2GivesCommandSucceededIsTrueEditingWithIdToken1GivesCommandSucceededIsFalseDeletingBookWithIdTokenWithUserType2GivesCommandSucceededIsTrue" time="1.058"/>
  <testcase classname="nl.sogyo.library.services.AuthorizationRestTest" name="addingBookWithIdTokenWithUserType2GivesCommandSucceededIsTrueEditingWithFakeIdTokenGivesCommandSucceededIsFalseDeletingBookWithIdTokenWithUserType2GivesCommandSucceededIsTrue" time="0.797"/>
  <testcase classname="nl.sogyo.library.services.AuthorizationRestTest" name="addingBookWithIdTokenWithUserType1GivesCommandSucceededIsFalse" time="0.341"/>
  <testcase classname="nl.sogyo.library.services.AuthorizationRestTest" name="addingBookWithIdTokenWithUserType2GivesCommandSucceededIsTrueEditingWithIdToken2GivesCommandSucceededIsTrueDeletingBookWithIdTokenWithUserType2GivesCommandSucceededIsTrue" time="0.994"/>
  <testcase classname="nl.sogyo.library.services.AuthorizationRestTest" name="getRequestForBookInfoWithFakeIdTokenGivesNoBookInfo" time="0.054">
    <failure message="expected:&lt;{&quot;copiesAvailable&quot;:0[]}&gt; but was:&lt;{&quot;copiesAvailable&quot;:0[,&quot;copiesBorrowed&quot;:0]}&gt;" type="org.junit.ComparisonFailure">org.junit.ComparisonFailure: expected:&lt;{&quot;copiesAvailable&quot;:0[]}&gt; but was:&lt;{&quot;copiesAvailable&quot;:0[,&quot;copiesBorrowed&quot;:0]}&gt;
	at org.junit.Assert.assertEquals(Assert.java:115)
	at org.junit.Assert.assertEquals(Assert.java:144)
	at nl.sogyo.library.services.AuthorizationRestTest.getRequestForBookInfoWithFakeIdTokenGivesNoBookInfo(AuthorizationRestTest.java:58)
	at sun.reflect.NativeMethodAccessorImpl.invoke0(Native Method)
	at sun.reflect.NativeMethodAccessorImpl.invoke(NativeMethodAccessorImpl.java:62)
	at sun.reflect.DelegatingMethodAccessorImpl.invoke(DelegatingMethodAccessorImpl.java:43)
	at java.lang.reflect.Method.invoke(Method.java:498)
	at org.junit.runners.model.FrameworkMethod$1.runReflectiveCall(FrameworkMethod.java:50)
	at org.junit.internal.runners.model.ReflectiveCallable.run(ReflectiveCallable.java:12)
	at org.junit.runners.model.FrameworkMethod.invokeExplosively(FrameworkMethod.java:47)
	at org.junit.internal.runners.statements.InvokeMethod.evaluate(InvokeMethod.java:17)
	at org.junit.internal.runners.statements.RunBefores.evaluate(RunBefores.java:26)
	at org.junit.internal.runners.statements.RunAfters.evaluate(RunAfters.java:27)
	at org.junit.runners.ParentRunner.runLeaf(ParentRunner.java:325)
	at org.junit.runners.BlockJUnit4ClassRunner.runChild(BlockJUnit4ClassRunner.java:78)
	at org.junit.runners.BlockJUnit4ClassRunner.runChild(BlockJUnit4ClassRunner.java:57)
	at org.junit.runners.ParentRunner$3.run(ParentRunner.java:290)
	at org.junit.runners.ParentRunner$1.schedule(ParentRunner.java:71)
	at org.junit.runners.ParentRunner.runChildren(ParentRunner.java:288)
	at org.junit.runners.ParentRunner.access$000(ParentRunner.java:58)
	at org.junit.runners.ParentRunner$2.evaluate(ParentRunner.java:268)
	at org.junit.runners.ParentRunner.run(ParentRunner.java:363)
	at org.apache.maven.surefire.junit4.JUnit4Provider.execute(JUnit4Provider.java:252)
	at org.apache.maven.surefire.junit4.JUnit4Provider.executeTestSet(JUnit4Provider.java:141)
	at org.apache.maven.surefire.junit4.JUnit4Provider.invoke(JUnit4Provider.java:112)
	at sun.reflect.NativeMethodAccessorImpl.invoke0(Native Method)
	at sun.reflect.NativeMethodAccessorImpl.invoke(NativeMethodAccessorImpl.java:62)
	at sun.reflect.DelegatingMethodAccessorImpl.invoke(DelegatingMethodAccessorImpl.java:43)
	at java.lang.reflect.Method.invoke(Method.java:498)
	at org.apache.maven.surefire.util.ReflectionUtils.invokeMethodWithArray(ReflectionUtils.java:189)
	at org.apache.maven.surefire.booter.ProviderFactory$ProviderProxy.invoke(ProviderFactory.java:165)
	at org.apache.maven.surefire.booter.ProviderFactory.invokeProvider(ProviderFactory.java:85)
	at org.apache.maven.surefire.booter.ForkedBooter.runSuitesInProcess(ForkedBooter.java:115)
	at org.apache.maven.surefire.booter.ForkedBooter.main(ForkedBooter.java:75)
</failure>
    <system-out>test
</system-out>
    <system-err>Nov 15, 2017 8:58:39 AM org.glassfish.jersey.test.simple.SimpleTestContainerFactory$SimpleTestContainer &lt;init&gt;
INFO: Creating SimpleTestContainer configured at the base URI http://localhost:9998/
</system-err>
  </testcase>
  <testcase classname="nl.sogyo.library.services.AuthorizationRestTest" name="addingBookWithIdTokenWithUserType2GivesCommandSucceededIsTrueEditingWithNoIdTokenGivesCommandSucceededIsFalseDeletingBookWithIdTokenWithUserType2GivesCommandSucceededIsTrue" time="0.729"/>
  <testcase classname="nl.sogyo.library.services.AuthorizationRestTest" name="addingBookWithIdTokenWithUserType2GivesCommandSucceededIsTrueDeletingWithFakeIdTokenGivesCommandSucceededIsFalseDeletingBookWithIdTokenWithUserType2GivesCommandSucceededIsTrue" time="0.816"/>
  <testcase classname="nl.sogyo.library.services.AuthorizationRestTest" name="addingBookWithNoIdTokenGivesCommandSucceededIsFalse" time="0.069"/>
</testsuite>