<?xml version="1.0" encoding="UTF-8" ?>
<testsuite tests="11" failures="0" name="nl.sogyo.library.services.BooksQueryRestTest" time="5.699" errors="0" skipped="0">
  <properties>
[...]
</properties>
  <testcase classname="nl.sogyo.library.services.BooksQueryRestTest" name="searchForBooksOfArshakKhachatrianGivesGettingStartedWithPolymer" time="0.458"/>
  <testcase classname="nl.sogyo.library.services.BooksQueryRestTest" name="searchForBooksOfArshakGivesGettingStartedWithPolymer" time="0.832"/>
  <testcase classname="nl.sogyo.library.services.BooksQueryRestTest" name="searchForTitlePolymerGivesGettingStartedPolymerInJson" time="0.474"/>
  <testcase classname="nl.sogyo.library.services.BooksQueryRestTest" name="searchForBooksOfNotExistingAuthorGivesEmptyArray" time="0.559"/>
  <testcase classname="nl.sogyo.library.services.BooksQueryRestTest" name="searchForBooksWithExistingIsbnGivesJsonOfBook" time="0.571"/>
  <testcase classname="nl.sogyo.library.services.BooksQueryRestTest" name="searchForBooksWithTitlesWithAGivesStatus200" time="0.526"/>
  <testcase classname="nl.sogyo.library.services.BooksQueryRestTest" name="searchForNotExistingWordInAnyTitleGivesEmptyArray" time="0.431"/>
  <testcase classname="nl.sogyo.library.services.BooksQueryRestTest" name="searchForBooksWithoutQueryValuesGivesEmptyArray" time="0.476"/>
  <testcase classname="nl.sogyo.library.services.BooksQueryRestTest" name="searchForExactlyTheSameTitleGivesTheBookInJson" time="0.417"/>
  <testcase classname="nl.sogyo.library.services.BooksQueryRestTest" name="searchForBooksOfNotExistingForenameAndSurnameGivesEmptyArray" time="0.56"/>
  <testcase classname="nl.sogyo.library.services.BooksQueryRestTest" name="searchForBooksWithNotExistingIsbnGivesEmptyArray" time="0.395"/>
</testsuite>